[ 2017-11-26T11:03:41+08:00 ] 192.168.2.182 /xiaofenzu/index.php?m=sapp&c=group&a=findUserGroup
INFO: [ app_init ] --START--
INFO: Run Behavior\BuildLiteBehavior [ RunTime:0.000009s ]
INFO: [ app_init ] --END-- [ RunTime:0.000480s ]
INFO: [ app_begin ] --START--
INFO: Run Behavior\ReadHtmlCacheBehavior [ RunTime:0.000498s ]
INFO: [ app_begin ] --END-- [ RunTime:0.000519s ]
SQL: SHOW COLUMNS FROM `xfz_session` [ RunTime:0.0004s ]
SQL: SELECT * FROM `xfz_session` WHERE ( session3key = 'vkDEmUtqNoGbzY8g' ) LIMIT 1   [ RunTime:0.0002s ]
SQL: SHOW COLUMNS FROM `xfz_user` [ RunTime:0.0005s ]
SQL: SELECT * FROM `xfz_user` WHERE ( openid = "ovZ4O0X2Dn2mFAPvSBZ-VmUflykI" ) LIMIT 1   [ RunTime:0.0002s ]
SQL: SHOW COLUMNS FROM `xfz_member` [ RunTime:0.0005s ]
SQL: SELECT * FROM `xfz_member` WHERE `user_id` = 1 ORDER BY gmt_create desc  [ RunTime:0.0003s ]
SQL: SHOW COLUMNS FROM `xfz_group` [ RunTime:0.0003s ]
SQL: SELECT * FROM `xfz_group` WHERE ( group_id = 30 ) LIMIT 1   [ RunTime:0.0002s ]
SQL: SELECT * FROM `xfz_group` WHERE ( group_id = 29 ) LIMIT 1   [ RunTime:0.0001s ]
SQL: SELECT * FROM `xfz_group` WHERE ( group_id = 27 ) LIMIT 1   [ RunTime:0.0001s ]
SQL: SELECT * FROM `xfz_member` WHERE `group_id` = 30 LIMIT 9   [ RunTime:0.0001s ]
SQL: SELECT * FROM `xfz_user` WHERE `user_id` = 6 LIMIT 1   [ RunTime:0.0001s ]
SQL: SELECT * FROM `xfz_user` WHERE `user_id` = 1 LIMIT 1   [ RunTime:0.0001s ]
SQL: SELECT COUNT(user_id) AS tp_count FROM `xfz_member` WHERE `group_id` = 30 LIMIT 1   [ RunTime:0.0001s ]
SQL: SHOW COLUMNS FROM `xfz_style` [ RunTime:0.0003s ]
SQL: SELECT * FROM `xfz_style` WHERE ( style_id = 1 ) LIMIT 1   [ RunTime:0.0001s ]
SQL: SELECT * FROM `xfz_member` WHERE `group_id` = 29 LIMIT 9   [ RunTime:0.0001s ]
SQL: SELECT * FROM `xfz_user` WHERE `user_id` = 1 LIMIT 1   [ RunTime:0.0001s ]
SQL: SELECT * FROM `xfz_user` WHERE `user_id` = 6 LIMIT 1   [ RunTime:0.0001s ]
SQL: SELECT COUNT(user_id) AS tp_count FROM `xfz_member` WHERE `group_id` = 29 LIMIT 1   [ RunTime:0.0001s ]
SQL: SELECT * FROM `xfz_style` WHERE ( style_id = 0 ) LIMIT 1   [ RunTime:0.0001s ]
SQL: SELECT * FROM `xfz_member` WHERE `group_id` = 27 LIMIT 9   [ RunTime:0.0002s ]
SQL: SELECT * FROM `xfz_user` WHERE `user_id` = 1 LIMIT 1   [ RunTime:0.0001s ]
SQL: SELECT * FROM `xfz_user` WHERE `user_id` = 2 LIMIT 1   [ RunTime:0.0001s ]
SQL: SELECT * FROM `xfz_user` WHERE `user_id` = 3 LIMIT 1   [ RunTime:0.0001s ]
SQL: SELECT * FROM `xfz_user` WHERE `user_id` = 5 LIMIT 1   [ RunTime:0.0001s ]
SQL: SELECT * FROM `xfz_user` WHERE `user_id` = 3 LIMIT 1   [ RunTime:0.0001s ]
SQL: SELECT * FROM `xfz_user` WHERE `user_id` = 1 LIMIT 1   [ RunTime:0.0001s ]
SQL: SELECT * FROM `xfz_user` WHERE `user_id` = 5 LIMIT 1   [ RunTime:0.0001s ]
SQL: SELECT * FROM `xfz_user` WHERE `user_id` = 2 LIMIT 1   [ RunTime:0.0001s ]
SQL: SELECT COUNT(user_id) AS tp_count FROM `xfz_member` WHERE `group_id` = 27 LIMIT 1   [ RunTime:0.0001s ]
SQL: SELECT * FROM `xfz_style` WHERE ( style_id = 0 ) LIMIT 1   [ RunTime:0.0001s ]

[ 2017-11-26T11:03:42+08:00 ] 192.168.2.182 /xiaofenzu/index.php?m=sapp&c=login&a=checkSession
INFO: [ app_init ] --START--
INFO: Run Behavior\BuildLiteBehavior [ RunTime:0.000008s ]
INFO: [ app_init ] --END-- [ RunTime:0.000287s ]
INFO: [ app_begin ] --START--
INFO: Run Behavior\ReadHtmlCacheBehavior [ RunTime:0.000390s ]
INFO: [ app_begin ] --END-- [ RunTime:0.000421s ]
SQL: SHOW COLUMNS FROM `xfz_session` [ RunTime:0.0004s ]
SQL: SELECT * FROM `xfz_session` WHERE ( session3key = 'vkDEmUtqNoGbzY8g' ) LIMIT 1   [ RunTime:0.0002s ]

[ 2017-11-26T11:06:27+08:00 ] 192.168.2.182 /xiaofenzu/index.php?m=sapp&c=login&a=checkSession
INFO: [ app_init ] --START--
INFO: Run Behavior\BuildLiteBehavior [ RunTime:0.000007s ]
INFO: [ app_init ] --END-- [ RunTime:0.000360s ]
INFO: [ app_begin ] --START--
INFO: Run Behavior\ReadHtmlCacheBehavior [ RunTime:0.000465s ]
INFO: [ app_begin ] --END-- [ RunTime:0.000499s ]
SQL: SHOW COLUMNS FROM `xfz_session` [ RunTime:0.0279s ]
SQL: SELECT * FROM `xfz_session` WHERE ( session3key = 'vkDEmUtqNoGbzY8g' ) LIMIT 1   [ RunTime:0.0269s ]

[ 2017-11-26T11:06:28+08:00 ] 192.168.2.182 /xiaofenzu/index.php?m=sapp&c=group&a=findUserGroup
INFO: [ app_init ] --START--
INFO: Run Behavior\BuildLiteBehavior [ RunTime:0.000011s ]
INFO: [ app_init ] --END-- [ RunTime:0.000259s ]
INFO: [ app_begin ] --START--
INFO: Run Behavior\ReadHtmlCacheBehavior [ RunTime:0.000413s ]
INFO: [ app_begin ] --END-- [ RunTime:0.000457s ]
SQL: SHOW COLUMNS FROM `xfz_session` [ RunTime:0.0289s ]
SQL: SELECT * FROM `xfz_session` WHERE ( session3key = 'vkDEmUtqNoGbzY8g' ) LIMIT 1   [ RunTime:0.0301s ]
SQL: SHOW COLUMNS FROM `xfz_user` [ RunTime:0.0670s ]
SQL: SELECT * FROM `xfz_user` WHERE ( openid = "ovZ4O0X2Dn2mFAPvSBZ-VmUflykI" ) LIMIT 1   [ RunTime:0.0549s ]
SQL: SHOW COLUMNS FROM `xfz_member` [ RunTime:0.0266s ]
SQL: SELECT * FROM `xfz_member` WHERE `user_id` = 1 ORDER BY gmt_create desc  [ RunTime:0.0323s ]
SQL: SHOW COLUMNS FROM `xfz_group` [ RunTime:0.0369s ]
SQL: SELECT * FROM `xfz_group` WHERE ( group_id = 30 ) LIMIT 1   [ RunTime:0.0261s ]
SQL: SELECT * FROM `xfz_group` WHERE ( group_id = 29 ) LIMIT 1   [ RunTime:0.0293s ]
SQL: SELECT * FROM `xfz_group` WHERE ( group_id = 27 ) LIMIT 1   [ RunTime:0.0284s ]
SQL: SELECT * FROM `xfz_member` WHERE `group_id` = 30 LIMIT 9   [ RunTime:0.0229s ]
SQL: SELECT * FROM `xfz_user` WHERE `user_id` = 6 LIMIT 1   [ RunTime:0.0270s ]
SQL: SELECT * FROM `xfz_user` WHERE `user_id` = 1 LIMIT 1   [ RunTime:0.0294s ]
SQL: SELECT COUNT(user_id) AS tp_count FROM `xfz_member` WHERE `group_id` = 30 LIMIT 1   [ RunTime:0.0251s ]
SQL: SHOW COLUMNS FROM `xfz_style` [ RunTime:0.0253s ]
SQL: SELECT * FROM `xfz_style` WHERE ( style_id = 1 ) LIMIT 1   [ RunTime:0.0255s ]
SQL: SELECT * FROM `xfz_member` WHERE `group_id` = 29 LIMIT 9   [ RunTime:0.0249s ]
SQL: SELECT * FROM `xfz_user` WHERE `user_id` = 1 LIMIT 1   [ RunTime:0.0220s ]
SQL: SELECT * FROM `xfz_user` WHERE `user_id` = 6 LIMIT 1   [ RunTime:0.0219s ]
SQL: SELECT COUNT(user_id) AS tp_count FROM `xfz_member` WHERE `group_id` = 29 LIMIT 1   [ RunTime:0.0222s ]
SQL: SELECT * FROM `xfz_style` WHERE ( style_id = 0 ) LIMIT 1   [ RunTime:0.0215s ]
SQL: SELECT * FROM `xfz_member` WHERE `group_id` = 27 LIMIT 9   [ RunTime:0.0246s ]
SQL: SELECT * FROM `xfz_user` WHERE `user_id` = 1 LIMIT 1   [ RunTime:0.0331s ]
SQL: SELECT * FROM `xfz_user` WHERE `user_id` = 2 LIMIT 1   [ RunTime:0.0364s ]
SQL: SELECT * FROM `xfz_user` WHERE `user_id` = 3 LIMIT 1   [ RunTime:0.0220s ]
SQL: SELECT * FROM `xfz_user` WHERE `user_id` = 5 LIMIT 1   [ RunTime:0.0226s ]
SQL: SELECT * FROM `xfz_user` WHERE `user_id` = 3 LIMIT 1   [ RunTime:0.0308s ]
SQL: SELECT * FROM `xfz_user` WHERE `user_id` = 1 LIMIT 1   [ RunTime:0.0215s ]
SQL: SELECT * FROM `xfz_user` WHERE `user_id` = 5 LIMIT 1   [ RunTime:0.0270s ]
SQL: SELECT * FROM `xfz_user` WHERE `user_id` = 2 LIMIT 1   [ RunTime:0.0213s ]
SQL: SELECT COUNT(user_id) AS tp_count FROM `xfz_member` WHERE `group_id` = 27 LIMIT 1   [ RunTime:0.0208s ]
SQL: SELECT * FROM `xfz_style` WHERE ( style_id = 0 ) LIMIT 1   [ RunTime:0.0205s ]

[ 2017-11-26T11:06:47+08:00 ] 192.168.2.182 /xiaofenzu/index.php?m=sapp&c=login&a=checkSession
INFO: [ app_init ] --START--
INFO: Run Behavior\BuildLiteBehavior [ RunTime:0.000012s ]
INFO: [ app_init ] --END-- [ RunTime:0.000369s ]
INFO: [ app_begin ] --START--
INFO: Run Behavior\ReadHtmlCacheBehavior [ RunTime:0.000436s ]
INFO: [ app_begin ] --END-- [ RunTime:0.000473s ]
SQL: SHOW COLUMNS FROM `xfz_session` [ RunTime:0.0382s ]
SQL: SELECT * FROM `xfz_session` WHERE ( session3key = 'vkDEmUtqNoGbzY8g' ) LIMIT 1   [ RunTime:0.0840s ]

[ 2017-11-26T11:06:48+08:00 ] 192.168.2.182 /xiaofenzu/index.php?m=sapp&c=group&a=findUserGroup
INFO: [ app_init ] --START--
INFO: Run Behavior\BuildLiteBehavior [ RunTime:0.000011s ]
INFO: [ app_init ] --END-- [ RunTime:0.000499s ]
INFO: [ app_begin ] --START--
INFO: Run Behavior\ReadHtmlCacheBehavior [ RunTime:0.000410s ]
INFO: [ app_begin ] --END-- [ RunTime:0.000456s ]
SQL: SHOW COLUMNS FROM `xfz_session` [ RunTime:0.0365s ]
SQL: SELECT * FROM `xfz_session` WHERE ( session3key = 'vkDEmUtqNoGbzY8g' ) LIMIT 1   [ RunTime:0.1079s ]
SQL: SHOW COLUMNS FROM `xfz_user` [ RunTime:0.0326s ]
SQL: SELECT * FROM `xfz_user` WHERE ( openid = "ovZ4O0X2Dn2mFAPvSBZ-VmUflykI" ) LIMIT 1   [ RunTime:0.0556s ]
SQL: SHOW COLUMNS FROM `xfz_member` [ RunTime:0.0308s ]
SQL: SELECT * FROM `xfz_member` WHERE `user_id` = 1 ORDER BY gmt_create desc  [ RunTime:0.0367s ]
SQL: SHOW COLUMNS FROM `xfz_group` [ RunTime:0.0274s ]
SQL: SELECT * FROM `xfz_group` WHERE ( group_id = 30 ) LIMIT 1   [ RunTime:0.0504s ]
SQL: SELECT * FROM `xfz_group` WHERE ( group_id = 29 ) LIMIT 1   [ RunTime:0.0527s ]
SQL: SELECT * FROM `xfz_group` WHERE ( group_id = 27 ) LIMIT 1   [ RunTime:0.0650s ]
SQL: SELECT * FROM `xfz_member` WHERE `group_id` = 30 LIMIT 9   [ RunTime:0.0481s ]
SQL: SELECT * FROM `xfz_user` WHERE `user_id` = 6 LIMIT 1   [ RunTime:0.0319s ]
SQL: SELECT * FROM `xfz_user` WHERE `user_id` = 1 LIMIT 1   [ RunTime:0.0390s ]
SQL: SELECT COUNT(user_id) AS tp_count FROM `xfz_member` WHERE `group_id` = 30 LIMIT 1   [ RunTime:0.0210s ]
SQL: SHOW COLUMNS FROM `xfz_style` [ RunTime:0.0410s ]
SQL: SELECT * FROM `xfz_style` WHERE ( style_id = 1 ) LIMIT 1   [ RunTime:0.0428s ]
SQL: SELECT * FROM `xfz_member` WHERE `group_id` = 29 LIMIT 9   [ RunTime:0.0276s ]
SQL: SELECT * FROM `xfz_user` WHERE `user_id` = 1 LIMIT 1   [ RunTime:0.0391s ]
SQL: SELECT * FROM `xfz_user` WHERE `user_id` = 6 LIMIT 1   [ RunTime:0.0329s ]
SQL: SELECT COUNT(user_id) AS tp_count FROM `xfz_member` WHERE `group_id` = 29 LIMIT 1   [ RunTime:0.0271s ]
SQL: SELECT * FROM `xfz_style` WHERE ( style_id = 0 ) LIMIT 1   [ RunTime:0.0244s ]
NOTIC: [2] PDOStatement::execute(): MySQL server has gone away /Work/wwwroot/xiaofenzu/ThinkPHP/Library/Think/Db/Driver.class.php 第 170 行.
NOTIC: [2] PDOStatement::execute(): Error reading result set's header /Work/wwwroot/xiaofenzu/ThinkPHP/Library/Think/Db/Driver.class.php 第 170 行.
ERR: 2006:MySQL server has gone away
 [ SQL语句 ] : SELECT * FROM `xfz_member` WHERE `group_id` = 27 LIMIT 9  
ERR: 2006:MySQL server has gone away
 [ SQL语句 ] : SELECT * FROM `xfz_member` WHERE `group_id` = 27 LIMIT 9  

[ 2017-11-26T11:07:04+08:00 ] 192.168.2.182 /xiaofenzu/index.php?m=sapp&c=login&a=checkSession
INFO: [ app_init ] --START--
INFO: Run Behavior\BuildLiteBehavior [ RunTime:0.000008s ]
INFO: [ app_init ] --END-- [ RunTime:0.000184s ]
INFO: [ app_begin ] --START--
INFO: Run Behavior\ReadHtmlCacheBehavior [ RunTime:0.000466s ]
INFO: [ app_begin ] --END-- [ RunTime:0.000502s ]
SQL: SHOW COLUMNS FROM `xfz_session` [ RunTime:0.0273s ]
SQL: SELECT * FROM `xfz_session` WHERE ( session3key = 'vkDEmUtqNoGbzY8g' ) LIMIT 1   [ RunTime:0.0293s ]

[ 2017-11-26T11:07:05+08:00 ] 192.168.2.182 /xiaofenzu/index.php?m=sapp&c=group&a=findUserGroup
INFO: [ app_init ] --START--
INFO: Run Behavior\BuildLiteBehavior [ RunTime:0.000010s ]
INFO: [ app_init ] --END-- [ RunTime:0.000299s ]
INFO: [ app_begin ] --START--
INFO: Run Behavior\ReadHtmlCacheBehavior [ RunTime:0.000676s ]
INFO: [ app_begin ] --END-- [ RunTime:0.000714s ]
SQL: SHOW COLUMNS FROM `xfz_session` [ RunTime:0.0227s ]
SQL: SELECT * FROM `xfz_session` WHERE ( session3key = 'vkDEmUtqNoGbzY8g' ) LIMIT 1   [ RunTime:0.0308s ]
SQL: SHOW COLUMNS FROM `xfz_user` [ RunTime:0.0211s ]
SQL: SELECT * FROM `xfz_user` WHERE ( openid = "ovZ4O0X2Dn2mFAPvSBZ-VmUflykI" ) LIMIT 1   [ RunTime:0.0287s ]
SQL: SHOW COLUMNS FROM `xfz_member` [ RunTime:0.0203s ]
SQL: SELECT * FROM `xfz_member` WHERE `user_id` = 1 ORDER BY gmt_create desc  [ RunTime:0.0520s ]
SQL: SHOW COLUMNS FROM `xfz_group` [ RunTime:0.0280s ]
SQL: SELECT * FROM `xfz_group` WHERE ( group_id = 30 ) LIMIT 1   [ RunTime:0.0254s ]
SQL: SELECT * FROM `xfz_group` WHERE ( group_id = 29 ) LIMIT 1   [ RunTime:0.0281s ]
SQL: SELECT * FROM `xfz_group` WHERE ( group_id = 27 ) LIMIT 1   [ RunTime:0.0456s ]
SQL: SELECT * FROM `xfz_member` WHERE `group_id` = 30 LIMIT 9   [ RunTime:0.0219s ]
SQL: SELECT * FROM `xfz_user` WHERE `user_id` = 6 LIMIT 1   [ RunTime:0.0211s ]
SQL: SELECT * FROM `xfz_user` WHERE `user_id` = 1 LIMIT 1   [ RunTime:0.0219s ]
SQL: SELECT COUNT(user_id) AS tp_count FROM `xfz_member` WHERE `group_id` = 30 LIMIT 1   [ RunTime:0.0375s ]
SQL: SHOW COLUMNS FROM `xfz_style` [ RunTime:0.0326s ]
SQL: SELECT * FROM `xfz_style` WHERE ( style_id = 1 ) LIMIT 1   [ RunTime:0.0396s ]
SQL: SELECT * FROM `xfz_member` WHERE `group_id` = 29 LIMIT 9   [ RunTime:0.0225s ]
SQL: SELECT * FROM `xfz_user` WHERE `user_id` = 1 LIMIT 1   [ RunTime:0.0288s ]
SQL: SELECT * FROM `xfz_user` WHERE `user_id` = 6 LIMIT 1   [ RunTime:0.0244s ]
SQL: SELECT COUNT(user_id) AS tp_count FROM `xfz_member` WHERE `group_id` = 29 LIMIT 1   [ RunTime:0.0273s ]
SQL: SELECT * FROM `xfz_style` WHERE ( style_id = 0 ) LIMIT 1   [ RunTime:0.0215s ]
SQL: SELECT * FROM `xfz_member` WHERE `group_id` = 27 LIMIT 9   [ RunTime:0.0234s ]
SQL: SELECT * FROM `xfz_user` WHERE `user_id` = 1 LIMIT 1   [ RunTime:0.0232s ]
SQL: SELECT * FROM `xfz_user` WHERE `user_id` = 2 LIMIT 1   [ RunTime:0.0208s ]
SQL: SELECT * FROM `xfz_user` WHERE `user_id` = 3 LIMIT 1   [ RunTime:0.0305s ]
SQL: SELECT * FROM `xfz_user` WHERE `user_id` = 5 LIMIT 1   [ RunTime:0.0198s ]
SQL: SELECT * FROM `xfz_user` WHERE `user_id` = 3 LIMIT 1   [ RunTime:0.0255s ]
SQL: SELECT * FROM `xfz_user` WHERE `user_id` = 1 LIMIT 1   [ RunTime:0.0303s ]
SQL: SELECT * FROM `xfz_user` WHERE `user_id` = 5 LIMIT 1   [ RunTime:0.0273s ]
SQL: SELECT * FROM `xfz_user` WHERE `user_id` = 2 LIMIT 1   [ RunTime:0.0266s ]
SQL: SELECT COUNT(user_id) AS tp_count FROM `xfz_member` WHERE `group_id` = 27 LIMIT 1   [ RunTime:0.0235s ]
SQL: SELECT * FROM `xfz_style` WHERE ( style_id = 0 ) LIMIT 1   [ RunTime:0.0235s ]

[ 2017-11-26T11:44:28+08:00 ] 192.168.2.182 /xiaofenzu/index.php?m=sapp&c=login&a=checkSession
INFO: [ app_init ] --START--
INFO: Run Behavior\BuildLiteBehavior [ RunTime:0.000006s ]
INFO: [ app_init ] --END-- [ RunTime:0.000154s ]
INFO: [ app_begin ] --START--
INFO: Run Behavior\ReadHtmlCacheBehavior [ RunTime:0.000195s ]
INFO: [ app_begin ] --END-- [ RunTime:0.000208s ]
SQL: SHOW COLUMNS FROM `xfz_session` [ RunTime:0.2299s ]
SQL: SELECT * FROM `xfz_session` WHERE ( session3key = 'edUTI7zECmMMo8f0' ) LIMIT 1   [ RunTime:0.0240s ]

[ 2017-11-26T11:44:45+08:00 ] 192.168.2.182 /xiaofenzu/index.php?m=sapp&c=login&a=checkSession
INFO: [ app_init ] --START--
INFO: Run Behavior\BuildLiteBehavior [ RunTime:0.000007s ]
INFO: [ app_init ] --END-- [ RunTime:0.000175s ]
INFO: [ app_begin ] --START--
INFO: Run Behavior\ReadHtmlCacheBehavior [ RunTime:0.000225s ]
INFO: [ app_begin ] --END-- [ RunTime:0.000240s ]
SQL: SHOW COLUMNS FROM `xfz_session` [ RunTime:2.0444s ]
SQL: SELECT * FROM `xfz_session` WHERE ( session3key = 'edUTI7zECmMMo8f0' ) LIMIT 1   [ RunTime:1.4497s ]

[ 2017-11-26T11:44:49+08:00 ] 192.168.2.182 /xiaofenzu/index.php?m=sapp&c=group&a=findUserGroup
INFO: [ app_init ] --START--
INFO: Run Behavior\BuildLiteBehavior [ RunTime:0.000009s ]
INFO: [ app_init ] --END-- [ RunTime:0.000474s ]
INFO: [ app_begin ] --START--
INFO: Run Behavior\ReadHtmlCacheBehavior [ RunTime:0.000492s ]
INFO: [ app_begin ] --END-- [ RunTime:0.000511s ]
SQL: SHOW COLUMNS FROM `xfz_session` [ RunTime:0.0272s ]
SQL: SELECT * FROM `xfz_session` WHERE ( session3key = 'edUTI7zECmMMo8f0' ) LIMIT 1   [ RunTime:0.0257s ]
SQL: SHOW COLUMNS FROM `xfz_user` [ RunTime:0.2291s ]
SQL: SELECT * FROM `xfz_user` WHERE ( openid = "ovZ4O0X2Dn2mFAPvSBZ-VmUflykI" ) LIMIT 1   [ RunTime:0.0244s ]
SQL: SHOW COLUMNS FROM `xfz_member` [ RunTime:0.0355s ]
SQL: SELECT * FROM `xfz_member` WHERE `user_id` = 1 ORDER BY gmt_create desc  [ RunTime:0.2135s ]
SQL: SHOW COLUMNS FROM `xfz_group` [ RunTime:0.0229s ]
SQL: SELECT * FROM `xfz_group` WHERE ( group_id = 30 ) LIMIT 1   [ RunTime:0.0264s ]
SQL: SELECT * FROM `xfz_group` WHERE ( group_id = 29 ) LIMIT 1   [ RunTime:0.6136s ]
SQL: SELECT * FROM `xfz_group` WHERE ( group_id = 27 ) LIMIT 1   [ RunTime:0.0219s ]
SQL: SELECT * FROM `xfz_member` WHERE `group_id` = 30 LIMIT 9   [ RunTime:0.9654s ]
SQL: SELECT * FROM `xfz_user` WHERE `user_id` = 6 LIMIT 1   [ RunTime:0.3003s ]
SQL: SELECT * FROM `xfz_user` WHERE `user_id` = 1 LIMIT 1   [ RunTime:2.1422s ]
SQL: SELECT COUNT(user_id) AS tp_count FROM `xfz_member` WHERE `group_id` = 30 LIMIT 1   [ RunTime:1.3248s ]
SQL: SHOW COLUMNS FROM `xfz_style` [ RunTime:1.1184s ]
SQL: SELECT * FROM `xfz_style` WHERE ( style_id = 1 ) LIMIT 1   [ RunTime:0.0251s ]
SQL: SELECT * FROM `xfz_member` WHERE `group_id` = 29 LIMIT 9   [ RunTime:0.0211s ]
SQL: SELECT * FROM `xfz_user` WHERE `user_id` = 1 LIMIT 1   [ RunTime:0.0262s ]
SQL: SELECT * FROM `xfz_user` WHERE `user_id` = 6 LIMIT 1   [ RunTime:0.0293s ]
SQL: SELECT COUNT(user_id) AS tp_count FROM `xfz_member` WHERE `group_id` = 29 LIMIT 1   [ RunTime:0.5241s ]
SQL: SELECT * FROM `xfz_style` WHERE ( style_id = 0 ) LIMIT 1   [ RunTime:1.9246s ]
SQL: SELECT * FROM `xfz_member` WHERE `group_id` = 27 LIMIT 9   [ RunTime:0.8276s ]
SQL: SELECT * FROM `xfz_user` WHERE `user_id` = 1 LIMIT 1   [ RunTime:6.1289s ]
SQL: SELECT * FROM `xfz_user` WHERE `user_id` = 2 LIMIT 1   [ RunTime:1.4594s ]
SQL: SELECT * FROM `xfz_user` WHERE `user_id` = 3 LIMIT 1   [ RunTime:0.0459s ]
SQL: SELECT * FROM `xfz_user` WHERE `user_id` = 5 LIMIT 1   [ RunTime:0.0230s ]
SQL: SELECT * FROM `xfz_user` WHERE `user_id` = 3 LIMIT 1   [ RunTime:0.0347s ]
SQL: SELECT * FROM `xfz_user` WHERE `user_id` = 1 LIMIT 1   [ RunTime:0.0340s ]
SQL: SELECT * FROM `xfz_user` WHERE `user_id` = 5 LIMIT 1   [ RunTime:1.6404s ]
SQL: SELECT * FROM `xfz_user` WHERE `user_id` = 2 LIMIT 1   [ RunTime:1.2943s ]
SQL: SELECT COUNT(user_id) AS tp_count FROM `xfz_member` WHERE `group_id` = 27 LIMIT 1   [ RunTime:0.6156s ]
SQL: SELECT * FROM `xfz_style` WHERE ( style_id = 0 ) LIMIT 1   [ RunTime:0.1769s ]

[ 2017-11-26T11:44:55+08:00 ] 192.168.2.182 /xiaofenzu/index.php?m=sapp&c=group&a=findUserGroup
INFO: [ app_init ] --START--
INFO: Run Behavior\BuildLiteBehavior [ RunTime:0.000007s ]
INFO: [ app_init ] --END-- [ RunTime:0.000208s ]
INFO: [ app_begin ] --START--
INFO: Run Behavior\ReadHtmlCacheBehavior [ RunTime:0.000230s ]
INFO: [ app_begin ] --END-- [ RunTime:0.000245s ]
SQL: SHOW COLUMNS FROM `xfz_session` [ RunTime:0.6800s ]
SQL: SELECT * FROM `xfz_session` WHERE ( session3key = 'edUTI7zECmMMo8f0' ) LIMIT 1   [ RunTime:0.8499s ]
SQL: SHOW COLUMNS FROM `xfz_user` [ RunTime:1.3200s ]
SQL: SELECT * FROM `xfz_user` WHERE ( openid = "ovZ4O0X2Dn2mFAPvSBZ-VmUflykI" ) LIMIT 1   [ RunTime:1.6282s ]
SQL: SHOW COLUMNS FROM `xfz_member` [ RunTime:2.0157s ]
SQL: SELECT * FROM `xfz_member` WHERE `user_id` = 1 ORDER BY gmt_create desc  [ RunTime:0.0562s ]
SQL: SHOW COLUMNS FROM `xfz_group` [ RunTime:0.0210s ]
SQL: SELECT * FROM `xfz_group` WHERE ( group_id = 30 ) LIMIT 1   [ RunTime:0.0278s ]
SQL: SELECT * FROM `xfz_group` WHERE ( group_id = 29 ) LIMIT 1   [ RunTime:0.0370s ]
SQL: SELECT * FROM `xfz_group` WHERE ( group_id = 27 ) LIMIT 1   [ RunTime:0.8512s ]
SQL: SELECT * FROM `xfz_member` WHERE `group_id` = 30 LIMIT 9   [ RunTime:0.3087s ]
SQL: SELECT * FROM `xfz_user` WHERE `user_id` = 6 LIMIT 1   [ RunTime:0.1531s ]
SQL: SELECT * FROM `xfz_user` WHERE `user_id` = 1 LIMIT 1   [ RunTime:0.0238s ]
SQL: SELECT COUNT(user_id) AS tp_count FROM `xfz_member` WHERE `group_id` = 30 LIMIT 1   [ RunTime:0.3073s ]
SQL: SHOW COLUMNS FROM `xfz_style` [ RunTime:0.0243s ]
SQL: SELECT * FROM `xfz_style` WHERE ( style_id = 1 ) LIMIT 1   [ RunTime:0.1449s ]
SQL: SELECT * FROM `xfz_member` WHERE `group_id` = 29 LIMIT 9   [ RunTime:0.0667s ]
SQL: SELECT * FROM `xfz_user` WHERE `user_id` = 1 LIMIT 1   [ RunTime:0.6963s ]
SQL: SELECT * FROM `xfz_user` WHERE `user_id` = 6 LIMIT 1   [ RunTime:0.9690s ]
SQL: SELECT COUNT(user_id) AS tp_count FROM `xfz_member` WHERE `group_id` = 29 LIMIT 1   [ RunTime:0.1837s ]
SQL: SELECT * FROM `xfz_style` WHERE ( style_id = 0 ) LIMIT 1   [ RunTime:0.0205s ]
SQL: SELECT * FROM `xfz_member` WHERE `group_id` = 27 LIMIT 9   [ RunTime:0.4572s ]
SQL: SELECT * FROM `xfz_user` WHERE `user_id` = 1 LIMIT 1   [ RunTime:1.6600s ]
SQL: SELECT * FROM `xfz_user` WHERE `user_id` = 2 LIMIT 1   [ RunTime:1.1120s ]
SQL: SELECT * FROM `xfz_user` WHERE `user_id` = 3 LIMIT 1   [ RunTime:0.6311s ]
SQL: SELECT * FROM `xfz_user` WHERE `user_id` = 5 LIMIT 1   [ RunTime:0.1549s ]
SQL: SELECT * FROM `xfz_user` WHERE `user_id` = 3 LIMIT 1   [ RunTime:0.9492s ]
SQL: SELECT * FROM `xfz_user` WHERE `user_id` = 1 LIMIT 1   [ RunTime:0.0207s ]
SQL: SELECT * FROM `xfz_user` WHERE `user_id` = 5 LIMIT 1   [ RunTime:0.0274s ]
SQL: SELECT * FROM `xfz_user` WHERE `user_id` = 2 LIMIT 1   [ RunTime:0.1588s ]
SQL: SELECT COUNT(user_id) AS tp_count FROM `xfz_member` WHERE `group_id` = 27 LIMIT 1   [ RunTime:0.3139s ]
SQL: SELECT * FROM `xfz_style` WHERE ( style_id = 0 ) LIMIT 1   [ RunTime:0.3614s ]

