[ 2017-10-07T16:41:56+08:00 ] 127.0.0.1 /index.php?m=sapp&c=style&a=getAllStyle
INFO: [ app_init ] --START--
INFO: Run Behavior\BuildLiteBehavior [ RunTime:0.000026s ]
INFO: [ app_init ] --END-- [ RunTime:0.000538s ]
INFO: [ app_begin ] --START--
INFO: Run Behavior\ReadHtmlCacheBehavior [ RunTime:0.000540s ]
INFO: [ app_begin ] --END-- [ RunTime:0.000578s ]
SQL: SHOW COLUMNS FROM `xfz_style` [ RunTime:0.0056s ]
SQL: SELECT * FROM `xfz_style`  [ RunTime:0.0003s ]

[ 2017-10-07T16:41:57+08:00 ] 127.0.0.1 /index.php?m=sapp&c=login&a=wxlogin
INFO: [ app_init ] --START--
INFO: Run Behavior\BuildLiteBehavior [ RunTime:0.000030s ]
INFO: [ app_init ] --END-- [ RunTime:0.000716s ]
INFO: [ app_begin ] --START--
INFO: Run Behavior\ReadHtmlCacheBehavior [ RunTime:0.000973s ]
INFO: [ app_begin ] --END-- [ RunTime:0.001098s ]
SQL: SHOW COLUMNS FROM `xfz_session` [ RunTime:0.0022s ]
SQL: SELECT * FROM `xfz_session` WHERE ( openid = 'ovZ4O0X2Dn2mFAPvSBZ-VmUflykI' ) LIMIT 1   [ RunTime:0.0008s ]
NOTIC: [8] Undefined index: unionid /Work/wwwroot/xiaofenzu/Application/Sapp/Controller/LoginController.class.php 第 80 行.
SQL: UPDATE `xfz_session` SET `session3key`='wWWYHY8m3eui6Lfy',`session_key`='kPKyQquE6xPT+yxAg0Hk2Q==',`unionid`=NULL,`create_time`='1507365717' WHERE ( openid = 'ovZ4O0X2Dn2mFAPvSBZ-VmUflykI' ) [ RunTime:0.0036s ]
SQL: SHOW COLUMNS FROM `xfz_user` [ RunTime:0.0026s ]
SQL: SELECT * FROM `xfz_user` WHERE ( openid = "ovZ4O0X2Dn2mFAPvSBZ-VmUflykI" ) LIMIT 1   [ RunTime:0.0004s ]

