[ 2017-10-29T22:19:16+08:00 ] 192.168.2.237 /xiaofenzu/index.php?m=sapp&c=login&a=checkSession
INFO: [ app_init ] --START--
INFO: Run Behavior\BuildLiteBehavior [ RunTime:0.000009s ]
INFO: [ app_init ] --END-- [ RunTime:0.000470s ]
INFO: [ app_begin ] --START--
INFO: Run Behavior\ReadHtmlCacheBehavior [ RunTime:0.000624s ]
INFO: [ app_begin ] --END-- [ RunTime:0.000669s ]
SQL: SHOW COLUMNS FROM `xfz_session` [ RunTime:0.0101s ]
SQL: SELECT * FROM `xfz_session` WHERE ( session3key = '8VFEP6taCGnrulQW' ) LIMIT 1   [ RunTime:0.0020s ]

[ 2017-10-29T22:19:16+08:00 ] 192.168.2.237 /xiaofenzu/index.php?m=sapp&c=group&a=findUserGroup
INFO: [ app_init ] --START--
INFO: Run Behavior\BuildLiteBehavior [ RunTime:0.000006s ]
INFO: [ app_init ] --END-- [ RunTime:0.000155s ]
INFO: [ app_begin ] --START--
INFO: Run Behavior\ReadHtmlCacheBehavior [ RunTime:0.000188s ]
INFO: [ app_begin ] --END-- [ RunTime:0.000210s ]
SQL: SHOW COLUMNS FROM `xfz_session` [ RunTime:0.0006s ]
SQL: SELECT * FROM `xfz_session` WHERE ( session3key = '8VFEP6taCGnrulQW' ) LIMIT 1   [ RunTime:0.0003s ]
SQL: SHOW COLUMNS FROM `xfz_user` [ RunTime:0.0018s ]
SQL: SELECT * FROM `xfz_user` WHERE ( openid = "ovZ4O0X2Dn2mFAPvSBZ-VmUflykI" ) LIMIT 1   [ RunTime:0.0002s ]
SQL: SHOW COLUMNS FROM `xfz_group` [ RunTime:0.0020s ]
SQL: SELECT * FROM `xfz_group` WHERE ( user_id = 1 )  [ RunTime:0.0008s ]
SQL: SHOW COLUMNS FROM `xfz_style` [ RunTime:0.0015s ]
SQL: SELECT * FROM `xfz_style` WHERE ( style_id = 1 ) LIMIT 1   [ RunTime:0.0013s ]
SQL: SELECT * FROM `xfz_style` WHERE ( style_id = 1 ) LIMIT 1   [ RunTime:0.0002s ]
SQL: SELECT * FROM `xfz_style` WHERE ( style_id = 1 ) LIMIT 1   [ RunTime:0.0001s ]
SQL: SELECT * FROM `xfz_style` WHERE ( style_id = 1 ) LIMIT 1   [ RunTime:0.0001s ]
SQL: SELECT * FROM `xfz_style` WHERE ( style_id = 1 ) LIMIT 1   [ RunTime:0.0001s ]
SQL: SELECT * FROM `xfz_style` WHERE ( style_id = 1 ) LIMIT 1   [ RunTime:0.0001s ]
SQL: SELECT * FROM `xfz_style` WHERE ( style_id = 1 ) LIMIT 1   [ RunTime:0.0001s ]
SQL: SELECT * FROM `xfz_style` WHERE ( style_id = 1 ) LIMIT 1   [ RunTime:0.0001s ]
SQL: SELECT * FROM `xfz_style` WHERE ( style_id = 1 ) LIMIT 1   [ RunTime:0.0001s ]
SQL: SELECT * FROM `xfz_style` WHERE ( style_id = 1 ) LIMIT 1   [ RunTime:0.0001s ]
SQL: SELECT * FROM `xfz_style` WHERE ( style_id = 2 ) LIMIT 1   [ RunTime:0.0001s ]
SQL: SELECT * FROM `xfz_style` WHERE ( style_id = 1 ) LIMIT 1   [ RunTime:0.0001s ]
SQL: SELECT * FROM `xfz_style` WHERE ( style_id = 0 ) LIMIT 1   [ RunTime:0.0001s ]
SQL: SELECT * FROM `xfz_style` WHERE ( style_id = 0 ) LIMIT 1   [ RunTime:0.0001s ]
SQL: SELECT * FROM `xfz_style` WHERE ( style_id = 0 ) LIMIT 1   [ RunTime:0.0001s ]
SQL: SELECT * FROM `xfz_style` WHERE ( style_id = 0 ) LIMIT 1   [ RunTime:0.0001s ]
SQL: SELECT * FROM `xfz_style` WHERE ( style_id = 0 ) LIMIT 1   [ RunTime:0.0001s ]
SQL: SELECT * FROM `xfz_style` WHERE ( style_id = 0 ) LIMIT 1   [ RunTime:0.0001s ]
SQL: SELECT * FROM `xfz_style` WHERE ( style_id = 0 ) LIMIT 1   [ RunTime:0.0001s ]
SQL: SELECT * FROM `xfz_style` WHERE ( style_id = 0 ) LIMIT 1   [ RunTime:0.0001s ]
SQL: SELECT * FROM `xfz_style` WHERE ( style_id = 0 ) LIMIT 1   [ RunTime:0.0001s ]

[ 2017-10-29T23:02:27+08:00 ] 192.168.2.237 /xiaofenzu/index.php?m=sapp&c=login&a=checkSession
INFO: [ app_init ] --START--
INFO: Run Behavior\BuildLiteBehavior [ RunTime:0.000008s ]
INFO: [ app_init ] --END-- [ RunTime:0.000476s ]
INFO: [ app_begin ] --START--
INFO: Run Behavior\ReadHtmlCacheBehavior [ RunTime:0.000459s ]
INFO: [ app_begin ] --END-- [ RunTime:0.000487s ]
SQL: SHOW COLUMNS FROM `xfz_session` [ RunTime:0.0003s ]
SQL: SELECT * FROM `xfz_session` WHERE ( session3key = '8VFEP6taCGnrulQW' ) LIMIT 1   [ RunTime:0.0003s ]

[ 2017-10-29T23:02:27+08:00 ] 192.168.2.237 /xiaofenzu/index.php?m=sapp&c=group&a=findUserGroup
INFO: [ app_init ] --START--
INFO: Run Behavior\BuildLiteBehavior [ RunTime:0.000022s ]
INFO: [ app_init ] --END-- [ RunTime:0.000497s ]
INFO: [ app_begin ] --START--
INFO: Run Behavior\ReadHtmlCacheBehavior [ RunTime:0.000228s ]
INFO: [ app_begin ] --END-- [ RunTime:0.000273s ]
SQL: SHOW COLUMNS FROM `xfz_session` [ RunTime:0.0005s ]
SQL: SELECT * FROM `xfz_session` WHERE ( session3key = '8VFEP6taCGnrulQW' ) LIMIT 1   [ RunTime:0.0003s ]
SQL: SHOW COLUMNS FROM `xfz_user` [ RunTime:0.0004s ]
SQL: SELECT * FROM `xfz_user` WHERE ( openid = "ovZ4O0X2Dn2mFAPvSBZ-VmUflykI" ) LIMIT 1   [ RunTime:0.0002s ]
SQL: SHOW COLUMNS FROM `xfz_group` [ RunTime:0.0005s ]
SQL: SELECT * FROM `xfz_group` WHERE ( user_id = 1 )  [ RunTime:0.0002s ]
SQL: SHOW COLUMNS FROM `xfz_style` [ RunTime:0.0004s ]
SQL: SELECT * FROM `xfz_style` WHERE ( style_id = 1 ) LIMIT 1   [ RunTime:0.0001s ]
SQL: SELECT * FROM `xfz_style` WHERE ( style_id = 1 ) LIMIT 1   [ RunTime:0.0001s ]
SQL: SELECT * FROM `xfz_style` WHERE ( style_id = 1 ) LIMIT 1   [ RunTime:0.0001s ]
SQL: SELECT * FROM `xfz_style` WHERE ( style_id = 1 ) LIMIT 1   [ RunTime:0.0002s ]
SQL: SELECT * FROM `xfz_style` WHERE ( style_id = 1 ) LIMIT 1   [ RunTime:0.0001s ]
SQL: SELECT * FROM `xfz_style` WHERE ( style_id = 1 ) LIMIT 1   [ RunTime:0.0001s ]
SQL: SELECT * FROM `xfz_style` WHERE ( style_id = 1 ) LIMIT 1   [ RunTime:0.0001s ]
SQL: SELECT * FROM `xfz_style` WHERE ( style_id = 1 ) LIMIT 1   [ RunTime:0.0001s ]
SQL: SELECT * FROM `xfz_style` WHERE ( style_id = 1 ) LIMIT 1   [ RunTime:0.0001s ]
SQL: SELECT * FROM `xfz_style` WHERE ( style_id = 1 ) LIMIT 1   [ RunTime:0.0001s ]
SQL: SELECT * FROM `xfz_style` WHERE ( style_id = 2 ) LIMIT 1   [ RunTime:0.0001s ]
SQL: SELECT * FROM `xfz_style` WHERE ( style_id = 1 ) LIMIT 1   [ RunTime:0.0001s ]
SQL: SELECT * FROM `xfz_style` WHERE ( style_id = 0 ) LIMIT 1   [ RunTime:0.0001s ]
SQL: SELECT * FROM `xfz_style` WHERE ( style_id = 0 ) LIMIT 1   [ RunTime:0.0003s ]
SQL: SELECT * FROM `xfz_style` WHERE ( style_id = 0 ) LIMIT 1   [ RunTime:0.0001s ]
SQL: SELECT * FROM `xfz_style` WHERE ( style_id = 0 ) LIMIT 1   [ RunTime:0.0001s ]
SQL: SELECT * FROM `xfz_style` WHERE ( style_id = 0 ) LIMIT 1   [ RunTime:0.0001s ]
SQL: SELECT * FROM `xfz_style` WHERE ( style_id = 0 ) LIMIT 1   [ RunTime:0.0001s ]
SQL: SELECT * FROM `xfz_style` WHERE ( style_id = 0 ) LIMIT 1   [ RunTime:0.0001s ]
SQL: SELECT * FROM `xfz_style` WHERE ( style_id = 0 ) LIMIT 1   [ RunTime:0.0001s ]
SQL: SELECT * FROM `xfz_style` WHERE ( style_id = 0 ) LIMIT 1   [ RunTime:0.0001s ]

[ 2017-10-29T23:07:04+08:00 ] 192.168.2.237 /xiaofenzu/index.php?m=sapp&c=login&a=checkSession
INFO: [ app_init ] --START--
INFO: Run Behavior\BuildLiteBehavior [ RunTime:0.000009s ]
INFO: [ app_init ] --END-- [ RunTime:0.000269s ]
INFO: [ app_begin ] --START--
INFO: Run Behavior\ReadHtmlCacheBehavior [ RunTime:0.000403s ]
INFO: [ app_begin ] --END-- [ RunTime:0.000462s ]
SQL: SHOW COLUMNS FROM `xfz_session` [ RunTime:0.0004s ]
SQL: SELECT * FROM `xfz_session` WHERE ( session3key = '8VFEP6taCGnrulQW' ) LIMIT 1   [ RunTime:0.0002s ]

[ 2017-10-29T23:07:04+08:00 ] 192.168.2.237 /xiaofenzu/index.php?m=sapp&c=group&a=findUserGroup
INFO: [ app_init ] --START--
INFO: Run Behavior\BuildLiteBehavior [ RunTime:0.000009s ]
INFO: [ app_init ] --END-- [ RunTime:0.000182s ]
INFO: [ app_begin ] --START--
INFO: Run Behavior\ReadHtmlCacheBehavior [ RunTime:0.000217s ]
INFO: [ app_begin ] --END-- [ RunTime:0.000242s ]
SQL: SHOW COLUMNS FROM `xfz_session` [ RunTime:0.0004s ]
SQL: SELECT * FROM `xfz_session` WHERE ( session3key = '8VFEP6taCGnrulQW' ) LIMIT 1   [ RunTime:0.0002s ]
SQL: SHOW COLUMNS FROM `xfz_user` [ RunTime:0.0003s ]
SQL: SELECT * FROM `xfz_user` WHERE ( openid = "ovZ4O0X2Dn2mFAPvSBZ-VmUflykI" ) LIMIT 1   [ RunTime:0.0002s ]
SQL: SHOW COLUMNS FROM `xfz_group` [ RunTime:0.0003s ]
SQL: SELECT * FROM `xfz_group` WHERE ( user_id = 1 )  [ RunTime:0.0002s ]
SQL: SHOW COLUMNS FROM `xfz_style` [ RunTime:0.0002s ]
SQL: SELECT * FROM `xfz_style` WHERE ( style_id = 1 ) LIMIT 1   [ RunTime:0.0001s ]
SQL: SELECT * FROM `xfz_style` WHERE ( style_id = 1 ) LIMIT 1   [ RunTime:0.0001s ]
SQL: SELECT * FROM `xfz_style` WHERE ( style_id = 1 ) LIMIT 1   [ RunTime:0.0001s ]
SQL: SELECT * FROM `xfz_style` WHERE ( style_id = 1 ) LIMIT 1   [ RunTime:0.0001s ]
SQL: SELECT * FROM `xfz_style` WHERE ( style_id = 1 ) LIMIT 1   [ RunTime:0.0001s ]
SQL: SELECT * FROM `xfz_style` WHERE ( style_id = 1 ) LIMIT 1   [ RunTime:0.0001s ]
SQL: SELECT * FROM `xfz_style` WHERE ( style_id = 1 ) LIMIT 1   [ RunTime:0.0001s ]
SQL: SELECT * FROM `xfz_style` WHERE ( style_id = 1 ) LIMIT 1   [ RunTime:0.0001s ]
SQL: SELECT * FROM `xfz_style` WHERE ( style_id = 1 ) LIMIT 1   [ RunTime:0.0001s ]
SQL: SELECT * FROM `xfz_style` WHERE ( style_id = 1 ) LIMIT 1   [ RunTime:0.0001s ]
SQL: SELECT * FROM `xfz_style` WHERE ( style_id = 2 ) LIMIT 1   [ RunTime:0.0001s ]
SQL: SELECT * FROM `xfz_style` WHERE ( style_id = 1 ) LIMIT 1   [ RunTime:0.0001s ]
SQL: SELECT * FROM `xfz_style` WHERE ( style_id = 0 ) LIMIT 1   [ RunTime:0.0001s ]
SQL: SELECT * FROM `xfz_style` WHERE ( style_id = 0 ) LIMIT 1   [ RunTime:0.0001s ]
SQL: SELECT * FROM `xfz_style` WHERE ( style_id = 0 ) LIMIT 1   [ RunTime:0.0001s ]
SQL: SELECT * FROM `xfz_style` WHERE ( style_id = 0 ) LIMIT 1   [ RunTime:0.0001s ]
SQL: SELECT * FROM `xfz_style` WHERE ( style_id = 0 ) LIMIT 1   [ RunTime:0.0001s ]
SQL: SELECT * FROM `xfz_style` WHERE ( style_id = 0 ) LIMIT 1   [ RunTime:0.0001s ]
SQL: SELECT * FROM `xfz_style` WHERE ( style_id = 0 ) LIMIT 1   [ RunTime:0.0001s ]
SQL: SELECT * FROM `xfz_style` WHERE ( style_id = 0 ) LIMIT 1   [ RunTime:0.0001s ]
SQL: SELECT * FROM `xfz_style` WHERE ( style_id = 0 ) LIMIT 1   [ RunTime:0.0001s ]

[ 2017-10-29T23:08:11+08:00 ] 192.168.2.183 /xiaofenzu/index.php?m=sapp&c=login&a=checkSession
INFO: [ app_init ] --START--
INFO: Run Behavior\BuildLiteBehavior [ RunTime:0.000009s ]
INFO: [ app_init ] --END-- [ RunTime:0.000216s ]
INFO: [ app_begin ] --START--
INFO: Run Behavior\ReadHtmlCacheBehavior [ RunTime:0.000287s ]
INFO: [ app_begin ] --END-- [ RunTime:0.000321s ]
SQL: SHOW COLUMNS FROM `xfz_session` [ RunTime:0.0003s ]
SQL: SELECT * FROM `xfz_session` WHERE ( session3key = 'RihStqzKG9h70Huj' ) LIMIT 1   [ RunTime:0.0002s ]

[ 2017-10-29T23:08:11+08:00 ] 192.168.2.183 /xiaofenzu/index.php?m=sapp&c=group&a=findUserGroup
INFO: [ app_init ] --START--
INFO: Run Behavior\BuildLiteBehavior [ RunTime:0.000009s ]
INFO: [ app_init ] --END-- [ RunTime:0.000220s ]
INFO: [ app_begin ] --START--
INFO: Run Behavior\ReadHtmlCacheBehavior [ RunTime:0.000272s ]
INFO: [ app_begin ] --END-- [ RunTime:0.000305s ]
SQL: SHOW COLUMNS FROM `xfz_session` [ RunTime:0.0004s ]
SQL: SELECT * FROM `xfz_session` WHERE ( session3key = 'RihStqzKG9h70Huj' ) LIMIT 1   [ RunTime:0.0002s ]
SQL: SHOW COLUMNS FROM `xfz_user` [ RunTime:0.0003s ]
SQL: SELECT * FROM `xfz_user` WHERE ( openid = "ovZ4O0QiXjBWoYbrw7hLaUP7HqkU" ) LIMIT 1   [ RunTime:0.0002s ]
SQL: SHOW COLUMNS FROM `xfz_group` [ RunTime:0.0003s ]
SQL: SELECT * FROM `xfz_group` WHERE ( user_id = 3 )  [ RunTime:0.0002s ]
SQL: SHOW COLUMNS FROM `xfz_style` [ RunTime:0.0003s ]
SQL: SELECT * FROM `xfz_style` WHERE ( style_id = 0 ) LIMIT 1   [ RunTime:0.0001s ]

[ 2017-10-29T23:08:41+08:00 ] 192.168.2.122 /xiaofenzu/index.php?m=sapp&c=group&a=findUserGroup
INFO: [ app_init ] --START--
INFO: Run Behavior\BuildLiteBehavior [ RunTime:0.000009s ]
INFO: [ app_init ] --END-- [ RunTime:0.000220s ]
INFO: [ app_begin ] --START--
INFO: Run Behavior\ReadHtmlCacheBehavior [ RunTime:0.000278s ]
INFO: [ app_begin ] --END-- [ RunTime:0.000311s ]
SQL: SHOW COLUMNS FROM `xfz_session` [ RunTime:0.0003s ]
SQL: SELECT * FROM `xfz_session` WHERE ( session3key = 'zpimamagWkQlxd6x' ) LIMIT 1   [ RunTime:0.0002s ]
SQL: SHOW COLUMNS FROM `xfz_user` [ RunTime:0.0003s ]
SQL: SELECT * FROM `xfz_user` WHERE ( openid = "ovZ4O0fUIusYj4iL5_1BGsErzh8E" ) LIMIT 1   [ RunTime:0.0002s ]
SQL: SHOW COLUMNS FROM `xfz_group` [ RunTime:0.0003s ]
SQL: SELECT * FROM `xfz_group` WHERE ( user_id = 5 )  [ RunTime:0.0001s ]
SQL: SHOW COLUMNS FROM `xfz_style` [ RunTime:0.0002s ]
SQL: SELECT * FROM `xfz_style` WHERE ( style_id = 0 ) LIMIT 1   [ RunTime:0.0001s ]

[ 2017-10-29T23:08:51+08:00 ] 192.168.2.183 /xiaofenzu/index.php?m=sapp&c=group&a=findGroup
INFO: [ app_init ] --START--
INFO: Run Behavior\BuildLiteBehavior [ RunTime:0.000009s ]
INFO: [ app_init ] --END-- [ RunTime:0.000218s ]
INFO: [ app_begin ] --START--
INFO: Run Behavior\ReadHtmlCacheBehavior [ RunTime:0.000272s ]
INFO: [ app_begin ] --END-- [ RunTime:0.000306s ]
SQL: SHOW COLUMNS FROM `xfz_session` [ RunTime:0.0004s ]
SQL: SELECT * FROM `xfz_session` WHERE ( session3key = 'RihStqzKG9h70Huj' ) LIMIT 1   [ RunTime:0.0002s ]
SQL: SHOW COLUMNS FROM `xfz_user` [ RunTime:0.0003s ]
SQL: SELECT * FROM `xfz_user` WHERE ( openid = "ovZ4O0QiXjBWoYbrw7hLaUP7HqkU" ) LIMIT 1   [ RunTime:0.0002s ]
SQL: SHOW COLUMNS FROM `xfz_group` [ RunTime:0.0003s ]
SQL: SELECT * FROM `xfz_group` WHERE ( group_id = 23 ) LIMIT 1   [ RunTime:0.0001s ]
SQL: SHOW COLUMNS FROM `xfz_style` [ RunTime:0.0002s ]
SQL: SELECT * FROM `xfz_style` WHERE ( style_id = 0 ) LIMIT 1   [ RunTime:0.0001s ]

[ 2017-10-29T23:08:52+08:00 ] 192.168.2.183 /xiaofenzu/index.php?m=sapp&c=group&a=findGroup
INFO: [ app_init ] --START--
INFO: Run Behavior\BuildLiteBehavior [ RunTime:0.000009s ]
INFO: [ app_init ] --END-- [ RunTime:0.000217s ]
INFO: [ app_begin ] --START--
INFO: Run Behavior\ReadHtmlCacheBehavior [ RunTime:0.000270s ]
INFO: [ app_begin ] --END-- [ RunTime:0.000304s ]
SQL: SHOW COLUMNS FROM `xfz_session` [ RunTime:0.0003s ]
SQL: SELECT * FROM `xfz_session` WHERE ( session3key = 'RihStqzKG9h70Huj' ) LIMIT 1   [ RunTime:0.0002s ]
SQL: SHOW COLUMNS FROM `xfz_user` [ RunTime:0.0003s ]
SQL: SELECT * FROM `xfz_user` WHERE ( openid = "ovZ4O0QiXjBWoYbrw7hLaUP7HqkU" ) LIMIT 1   [ RunTime:0.0002s ]
SQL: SHOW COLUMNS FROM `xfz_group` [ RunTime:0.0003s ]
SQL: SELECT * FROM `xfz_group` WHERE ( group_id = 23 ) LIMIT 1   [ RunTime:0.0001s ]
SQL: SHOW COLUMNS FROM `xfz_style` [ RunTime:0.0002s ]
SQL: SELECT * FROM `xfz_style` WHERE ( style_id = 0 ) LIMIT 1   [ RunTime:0.0001s ]

[ 2017-10-29T23:09:12+08:00 ] 192.168.2.122 /xiaofenzu/index.php?m=sapp&c=group&a=findGroup
INFO: [ app_init ] --START--
INFO: Run Behavior\BuildLiteBehavior [ RunTime:0.000009s ]
INFO: [ app_init ] --END-- [ RunTime:0.000219s ]
INFO: [ app_begin ] --START--
INFO: Run Behavior\ReadHtmlCacheBehavior [ RunTime:0.000272s ]
INFO: [ app_begin ] --END-- [ RunTime:0.000304s ]
SQL: SHOW COLUMNS FROM `xfz_session` [ RunTime:0.0004s ]
SQL: SELECT * FROM `xfz_session` WHERE ( session3key = 'zpimamagWkQlxd6x' ) LIMIT 1   [ RunTime:0.0002s ]
SQL: SHOW COLUMNS FROM `xfz_user` [ RunTime:0.0003s ]
SQL: SELECT * FROM `xfz_user` WHERE ( openid = "ovZ4O0fUIusYj4iL5_1BGsErzh8E" ) LIMIT 1   [ RunTime:0.0002s ]
SQL: SHOW COLUMNS FROM `xfz_group` [ RunTime:0.0003s ]
SQL: SELECT * FROM `xfz_group` WHERE ( group_id = 23 ) LIMIT 1   [ RunTime:0.0002s ]
SQL: SHOW COLUMNS FROM `xfz_style` [ RunTime:0.0003s ]
SQL: SELECT * FROM `xfz_style` WHERE ( style_id = 0 ) LIMIT 1   [ RunTime:0.0001s ]

[ 2017-10-29T23:09:52+08:00 ] 192.168.2.237 /xiaofenzu/index.php?m=sapp&c=login&a=checkSession
INFO: [ app_init ] --START--
INFO: Run Behavior\BuildLiteBehavior [ RunTime:0.000010s ]
INFO: [ app_init ] --END-- [ RunTime:0.000227s ]
INFO: [ app_begin ] --START--
INFO: Run Behavior\ReadHtmlCacheBehavior [ RunTime:0.000270s ]
INFO: [ app_begin ] --END-- [ RunTime:0.000304s ]
SQL: SHOW COLUMNS FROM `xfz_session` [ RunTime:0.0012s ]
SQL: SELECT * FROM `xfz_session` WHERE ( session3key = '8VFEP6taCGnrulQW' ) LIMIT 1   [ RunTime:0.0003s ]

[ 2017-10-29T23:09:52+08:00 ] 192.168.2.237 /xiaofenzu/index.php?m=sapp&c=group&a=findUserGroup
INFO: [ app_init ] --START--
INFO: Run Behavior\BuildLiteBehavior [ RunTime:0.000008s ]
INFO: [ app_init ] --END-- [ RunTime:0.000185s ]
INFO: [ app_begin ] --START--
INFO: Run Behavior\ReadHtmlCacheBehavior [ RunTime:0.000298s ]
INFO: [ app_begin ] --END-- [ RunTime:0.000326s ]
SQL: SHOW COLUMNS FROM `xfz_session` [ RunTime:0.0003s ]
SQL: SELECT * FROM `xfz_session` WHERE ( session3key = '8VFEP6taCGnrulQW' ) LIMIT 1   [ RunTime:0.0002s ]
SQL: SHOW COLUMNS FROM `xfz_user` [ RunTime:0.0003s ]
SQL: SELECT * FROM `xfz_user` WHERE ( openid = "ovZ4O0X2Dn2mFAPvSBZ-VmUflykI" ) LIMIT 1   [ RunTime:0.0001s ]
SQL: SHOW COLUMNS FROM `xfz_group` [ RunTime:0.0003s ]
SQL: SELECT * FROM `xfz_group` WHERE ( user_id = 1 )  [ RunTime:0.0002s ]
SQL: SHOW COLUMNS FROM `xfz_style` [ RunTime:0.0002s ]
SQL: SELECT * FROM `xfz_style` WHERE ( style_id = 1 ) LIMIT 1   [ RunTime:0.0001s ]
SQL: SELECT * FROM `xfz_style` WHERE ( style_id = 1 ) LIMIT 1   [ RunTime:0.0001s ]
SQL: SELECT * FROM `xfz_style` WHERE ( style_id = 1 ) LIMIT 1   [ RunTime:0.0001s ]
SQL: SELECT * FROM `xfz_style` WHERE ( style_id = 1 ) LIMIT 1   [ RunTime:0.0001s ]
SQL: SELECT * FROM `xfz_style` WHERE ( style_id = 1 ) LIMIT 1   [ RunTime:0.0001s ]
SQL: SELECT * FROM `xfz_style` WHERE ( style_id = 1 ) LIMIT 1   [ RunTime:0.0001s ]
SQL: SELECT * FROM `xfz_style` WHERE ( style_id = 1 ) LIMIT 1   [ RunTime:0.0001s ]
SQL: SELECT * FROM `xfz_style` WHERE ( style_id = 1 ) LIMIT 1   [ RunTime:0.0001s ]
SQL: SELECT * FROM `xfz_style` WHERE ( style_id = 1 ) LIMIT 1   [ RunTime:0.0002s ]
SQL: SELECT * FROM `xfz_style` WHERE ( style_id = 1 ) LIMIT 1   [ RunTime:0.0001s ]
SQL: SELECT * FROM `xfz_style` WHERE ( style_id = 2 ) LIMIT 1   [ RunTime:0.0001s ]
SQL: SELECT * FROM `xfz_style` WHERE ( style_id = 1 ) LIMIT 1   [ RunTime:0.0001s ]
SQL: SELECT * FROM `xfz_style` WHERE ( style_id = 0 ) LIMIT 1   [ RunTime:0.0001s ]
SQL: SELECT * FROM `xfz_style` WHERE ( style_id = 0 ) LIMIT 1   [ RunTime:0.0001s ]
SQL: SELECT * FROM `xfz_style` WHERE ( style_id = 0 ) LIMIT 1   [ RunTime:0.0001s ]
SQL: SELECT * FROM `xfz_style` WHERE ( style_id = 0 ) LIMIT 1   [ RunTime:0.0001s ]
SQL: SELECT * FROM `xfz_style` WHERE ( style_id = 0 ) LIMIT 1   [ RunTime:0.0001s ]
SQL: SELECT * FROM `xfz_style` WHERE ( style_id = 0 ) LIMIT 1   [ RunTime:0.0001s ]
SQL: SELECT * FROM `xfz_style` WHERE ( style_id = 0 ) LIMIT 1   [ RunTime:0.0001s ]
SQL: SELECT * FROM `xfz_style` WHERE ( style_id = 0 ) LIMIT 1   [ RunTime:0.0001s ]
SQL: SELECT * FROM `xfz_style` WHERE ( style_id = 0 ) LIMIT 1   [ RunTime:0.0001s ]

[ 2017-10-29T23:10:03+08:00 ] 192.168.2.183 /xiaofenzu/index.php?m=sapp&c=group&a=findUserGroup
INFO: [ app_init ] --START--
INFO: Run Behavior\BuildLiteBehavior [ RunTime:0.000009s ]
INFO: [ app_init ] --END-- [ RunTime:0.000217s ]
INFO: [ app_begin ] --START--
INFO: Run Behavior\ReadHtmlCacheBehavior [ RunTime:0.000270s ]
INFO: [ app_begin ] --END-- [ RunTime:0.000303s ]
SQL: SHOW COLUMNS FROM `xfz_session` [ RunTime:0.0004s ]
SQL: SELECT * FROM `xfz_session` WHERE ( session3key = 'RihStqzKG9h70Huj' ) LIMIT 1   [ RunTime:0.0002s ]
SQL: SHOW COLUMNS FROM `xfz_user` [ RunTime:0.0003s ]
SQL: SELECT * FROM `xfz_user` WHERE ( openid = "ovZ4O0QiXjBWoYbrw7hLaUP7HqkU" ) LIMIT 1   [ RunTime:0.0002s ]
SQL: SHOW COLUMNS FROM `xfz_group` [ RunTime:0.0003s ]
SQL: SELECT * FROM `xfz_group` WHERE ( user_id = 3 )  [ RunTime:0.0001s ]
SQL: SHOW COLUMNS FROM `xfz_style` [ RunTime:0.0002s ]
SQL: SELECT * FROM `xfz_style` WHERE ( style_id = 0 ) LIMIT 1   [ RunTime:0.0001s ]

[ 2017-10-29T23:10:03+08:00 ] 192.168.2.183 /xiaofenzu/index.php?m=sapp&c=login&a=checkSession
INFO: [ app_init ] --START--
INFO: Run Behavior\BuildLiteBehavior [ RunTime:0.000009s ]
INFO: [ app_init ] --END-- [ RunTime:0.000216s ]
INFO: [ app_begin ] --START--
INFO: Run Behavior\ReadHtmlCacheBehavior [ RunTime:0.000268s ]
INFO: [ app_begin ] --END-- [ RunTime:0.000300s ]
SQL: SHOW COLUMNS FROM `xfz_session` [ RunTime:0.0004s ]
SQL: SELECT * FROM `xfz_session` WHERE ( session3key = 'RihStqzKG9h70Huj' ) LIMIT 1   [ RunTime:0.0002s ]

[ 2017-10-29T23:10:05+08:00 ] 192.168.2.183 /xiaofenzu/index.php?m=sapp&c=group&a=findGroup
INFO: [ app_init ] --START--
INFO: Run Behavior\BuildLiteBehavior [ RunTime:0.000009s ]
INFO: [ app_init ] --END-- [ RunTime:0.000217s ]
INFO: [ app_begin ] --START--
INFO: Run Behavior\ReadHtmlCacheBehavior [ RunTime:0.000268s ]
INFO: [ app_begin ] --END-- [ RunTime:0.000301s ]
SQL: SHOW COLUMNS FROM `xfz_session` [ RunTime:0.0003s ]
SQL: SELECT * FROM `xfz_session` WHERE ( session3key = 'RihStqzKG9h70Huj' ) LIMIT 1   [ RunTime:0.0002s ]
SQL: SHOW COLUMNS FROM `xfz_user` [ RunTime:0.0003s ]
SQL: SELECT * FROM `xfz_user` WHERE ( openid = "ovZ4O0QiXjBWoYbrw7hLaUP7HqkU" ) LIMIT 1   [ RunTime:0.0002s ]
SQL: SHOW COLUMNS FROM `xfz_group` [ RunTime:0.0003s ]
SQL: SELECT * FROM `xfz_group` WHERE ( group_id = 23 ) LIMIT 1   [ RunTime:0.0001s ]
SQL: SHOW COLUMNS FROM `xfz_style` [ RunTime:0.0002s ]
SQL: SELECT * FROM `xfz_style` WHERE ( style_id = 0 ) LIMIT 1   [ RunTime:0.0001s ]

[ 2017-10-29T23:10:18+08:00 ] 192.168.2.122 /xiaofenzu/index.php?m=sapp&c=group&a=findUserGroup
INFO: [ app_init ] --START--
INFO: Run Behavior\BuildLiteBehavior [ RunTime:0.000008s ]
INFO: [ app_init ] --END-- [ RunTime:0.000220s ]
INFO: [ app_begin ] --START--
INFO: Run Behavior\ReadHtmlCacheBehavior [ RunTime:0.000274s ]
INFO: [ app_begin ] --END-- [ RunTime:0.000307s ]
SQL: SHOW COLUMNS FROM `xfz_session` [ RunTime:0.0004s ]
SQL: SELECT * FROM `xfz_session` WHERE ( session3key = 'zpimamagWkQlxd6x' ) LIMIT 1   [ RunTime:0.0002s ]
SQL: SHOW COLUMNS FROM `xfz_user` [ RunTime:0.0004s ]
SQL: SELECT * FROM `xfz_user` WHERE ( openid = "ovZ4O0fUIusYj4iL5_1BGsErzh8E" ) LIMIT 1   [ RunTime:0.0002s ]
SQL: SHOW COLUMNS FROM `xfz_group` [ RunTime:0.0003s ]
SQL: SELECT * FROM `xfz_group` WHERE ( user_id = 5 )  [ RunTime:0.0002s ]
SQL: SHOW COLUMNS FROM `xfz_style` [ RunTime:0.0002s ]
SQL: SELECT * FROM `xfz_style` WHERE ( style_id = 0 ) LIMIT 1   [ RunTime:0.0001s ]

[ 2017-10-29T23:10:18+08:00 ] 192.168.2.122 /xiaofenzu/index.php?m=sapp&c=login&a=checkSession
INFO: [ app_init ] --START--
INFO: Run Behavior\BuildLiteBehavior [ RunTime:0.000008s ]
INFO: [ app_init ] --END-- [ RunTime:0.000192s ]
INFO: [ app_begin ] --START--
INFO: Run Behavior\ReadHtmlCacheBehavior [ RunTime:0.000241s ]
INFO: [ app_begin ] --END-- [ RunTime:0.000268s ]
SQL: SHOW COLUMNS FROM `xfz_session` [ RunTime:0.0004s ]
SQL: SELECT * FROM `xfz_session` WHERE ( session3key = 'zpimamagWkQlxd6x' ) LIMIT 1   [ RunTime:0.0002s ]

[ 2017-10-29T23:10:27+08:00 ] 192.168.2.183 /xiaofenzu/index.php?m=sapp&c=group&a=findGroup
INFO: [ app_init ] --START--
INFO: Run Behavior\BuildLiteBehavior [ RunTime:0.000009s ]
INFO: [ app_init ] --END-- [ RunTime:0.000222s ]
INFO: [ app_begin ] --START--
INFO: Run Behavior\ReadHtmlCacheBehavior [ RunTime:0.000272s ]
INFO: [ app_begin ] --END-- [ RunTime:0.000306s ]
SQL: SHOW COLUMNS FROM `xfz_session` [ RunTime:0.0004s ]
SQL: SELECT * FROM `xfz_session` WHERE ( session3key = 'RihStqzKG9h70Huj' ) LIMIT 1   [ RunTime:0.0002s ]
SQL: SHOW COLUMNS FROM `xfz_user` [ RunTime:0.0003s ]
SQL: SELECT * FROM `xfz_user` WHERE ( openid = "ovZ4O0QiXjBWoYbrw7hLaUP7HqkU" ) LIMIT 1   [ RunTime:0.0002s ]
SQL: SHOW COLUMNS FROM `xfz_group` [ RunTime:0.0003s ]
SQL: SELECT * FROM `xfz_group` WHERE ( group_id = 23 ) LIMIT 1   [ RunTime:0.0001s ]
SQL: SHOW COLUMNS FROM `xfz_style` [ RunTime:0.0002s ]
SQL: SELECT * FROM `xfz_style` WHERE ( style_id = 0 ) LIMIT 1   [ RunTime:0.0001s ]

[ 2017-10-29T23:10:37+08:00 ] 192.168.2.122 /xiaofenzu/index.php?m=sapp&c=group&a=findGroup
INFO: [ app_init ] --START--
INFO: Run Behavior\BuildLiteBehavior [ RunTime:0.000009s ]
INFO: [ app_init ] --END-- [ RunTime:0.000217s ]
INFO: [ app_begin ] --START--
INFO: Run Behavior\ReadHtmlCacheBehavior [ RunTime:0.000270s ]
INFO: [ app_begin ] --END-- [ RunTime:0.000303s ]
SQL: SHOW COLUMNS FROM `xfz_session` [ RunTime:0.0003s ]
SQL: SELECT * FROM `xfz_session` WHERE ( session3key = 'zpimamagWkQlxd6x' ) LIMIT 1   [ RunTime:0.0002s ]
SQL: SHOW COLUMNS FROM `xfz_user` [ RunTime:0.0003s ]
SQL: SELECT * FROM `xfz_user` WHERE ( openid = "ovZ4O0fUIusYj4iL5_1BGsErzh8E" ) LIMIT 1   [ RunTime:0.0001s ]
SQL: SHOW COLUMNS FROM `xfz_group` [ RunTime:0.0002s ]
SQL: SELECT * FROM `xfz_group` WHERE ( group_id = 23 ) LIMIT 1   [ RunTime:0.0001s ]
SQL: SHOW COLUMNS FROM `xfz_style` [ RunTime:0.0002s ]
SQL: SELECT * FROM `xfz_style` WHERE ( style_id = 0 ) LIMIT 1   [ RunTime:0.0001s ]

[ 2017-10-29T23:10:40+08:00 ] 192.168.2.122 /xiaofenzu/index.php?m=sapp&c=member&a=createGroupMembers
INFO: [ app_init ] --START--
INFO: Run Behavior\BuildLiteBehavior [ RunTime:0.000009s ]
INFO: [ app_init ] --END-- [ RunTime:0.000218s ]
INFO: [ app_begin ] --START--
INFO: Run Behavior\ReadHtmlCacheBehavior [ RunTime:0.000271s ]
INFO: [ app_begin ] --END-- [ RunTime:0.000304s ]
SQL: SHOW COLUMNS FROM `xfz_session` [ RunTime:0.0003s ]
SQL: SELECT * FROM `xfz_session` WHERE ( session3key = 'zpimamagWkQlxd6x' ) LIMIT 1   [ RunTime:0.0002s ]
SQL: SHOW COLUMNS FROM `xfz_user` [ RunTime:0.0003s ]
SQL: SELECT * FROM `xfz_user` WHERE ( openid = "ovZ4O0fUIusYj4iL5_1BGsErzh8E" ) LIMIT 1   [ RunTime:0.0002s ]
SQL: SHOW COLUMNS FROM `xfz_member` [ RunTime:0.0003s ]
SQL: INSERT INTO `xfz_member` (`group_id`,`user_id`,`invit_user_id`,`gmt_create`) VALUES ('23','5','0','2017-10-29 23:10:40') [ RunTime:0.0060s ]

[ 2017-10-29T23:10:41+08:00 ] 192.168.2.122 /xiaofenzu/index.php?m=sapp&c=group&a=findGroup
INFO: [ app_init ] --START--
INFO: Run Behavior\BuildLiteBehavior [ RunTime:0.000008s ]
INFO: [ app_init ] --END-- [ RunTime:0.000217s ]
INFO: [ app_begin ] --START--
INFO: Run Behavior\ReadHtmlCacheBehavior [ RunTime:0.000271s ]
INFO: [ app_begin ] --END-- [ RunTime:0.000304s ]
SQL: SHOW COLUMNS FROM `xfz_session` [ RunTime:0.0003s ]
SQL: SELECT * FROM `xfz_session` WHERE ( session3key = 'zpimamagWkQlxd6x' ) LIMIT 1   [ RunTime:0.0002s ]
SQL: SHOW COLUMNS FROM `xfz_user` [ RunTime:0.0003s ]
SQL: SELECT * FROM `xfz_user` WHERE ( openid = "ovZ4O0fUIusYj4iL5_1BGsErzh8E" ) LIMIT 1   [ RunTime:0.0002s ]
SQL: SHOW COLUMNS FROM `xfz_group` [ RunTime:0.0003s ]
SQL: SELECT * FROM `xfz_group` WHERE ( group_id = 23 ) LIMIT 1   [ RunTime:0.0002s ]
SQL: SHOW COLUMNS FROM `xfz_style` [ RunTime:0.0003s ]
SQL: SELECT * FROM `xfz_style` WHERE ( style_id = 0 ) LIMIT 1   [ RunTime:0.0001s ]

[ 2017-10-29T23:13:52+08:00 ] 192.168.2.237 /xiaofenzu/index.php?m=sapp&c=login&a=saveUserInfo
INFO: [ app_init ] --START--
INFO: Run Behavior\BuildLiteBehavior [ RunTime:0.000009s ]
INFO: [ app_init ] --END-- [ RunTime:0.000201s ]
INFO: [ app_begin ] --START--
INFO: Run Behavior\ReadHtmlCacheBehavior [ RunTime:0.000248s ]
INFO: [ app_begin ] --END-- [ RunTime:0.000275s ]
SQL: SHOW COLUMNS FROM `xfz_session` [ RunTime:0.0004s ]
SQL: SELECT * FROM `xfz_session` WHERE ( session3key = '8VFEP6taCGnrulQW' ) LIMIT 1   [ RunTime:0.0002s ]
SQL: SHOW COLUMNS FROM `xfz_user` [ RunTime:0.0003s ]
SQL: SELECT * FROM `xfz_user` WHERE ( openid = "ovZ4O0X2Dn2mFAPvSBZ-VmUflykI" ) LIMIT 1   [ RunTime:0.0002s ]
SQL: UPDATE `xfz_user` SET `gmt_modify`='2017-10-29 23:13:52' WHERE ( openid = "ovZ4O0X2Dn2mFAPvSBZ-VmUflykI" ) [ RunTime:0.0008s ]

[ 2017-10-29T23:13:52+08:00 ] 192.168.2.237 /xiaofenzu/index.php?m=sapp&c=style&a=getAllStyle
INFO: [ app_init ] --START--
INFO: Run Behavior\BuildLiteBehavior [ RunTime:0.000007s ]
INFO: [ app_init ] --END-- [ RunTime:0.000163s ]
INFO: [ app_begin ] --START--
INFO: Run Behavior\ReadHtmlCacheBehavior [ RunTime:0.000202s ]
INFO: [ app_begin ] --END-- [ RunTime:0.000227s ]
SQL: SHOW COLUMNS FROM `xfz_style` [ RunTime:0.0004s ]
SQL: SELECT * FROM `xfz_style`  [ RunTime:0.0002s ]

[ 2017-10-29T23:17:16+08:00 ] 192.168.2.237 /xiaofenzu/index.php?m=sapp&c=login&a=checkSession
INFO: [ app_init ] --START--
INFO: Run Behavior\BuildLiteBehavior [ RunTime:0.000009s ]
INFO: [ app_init ] --END-- [ RunTime:0.000185s ]
INFO: [ app_begin ] --START--
INFO: Run Behavior\ReadHtmlCacheBehavior [ RunTime:0.000216s ]
INFO: [ app_begin ] --END-- [ RunTime:0.000241s ]
SQL: SHOW COLUMNS FROM `xfz_session` [ RunTime:0.0004s ]
SQL: SELECT * FROM `xfz_session` WHERE ( session3key = '8VFEP6taCGnrulQW' ) LIMIT 1   [ RunTime:0.0002s ]

[ 2017-10-29T23:17:16+08:00 ] 192.168.2.237 /xiaofenzu/index.php?m=sapp&c=group&a=findUserGroup
INFO: [ app_init ] --START--
INFO: Run Behavior\BuildLiteBehavior [ RunTime:0.000008s ]
INFO: [ app_init ] --END-- [ RunTime:0.000183s ]
INFO: [ app_begin ] --START--
INFO: Run Behavior\ReadHtmlCacheBehavior [ RunTime:0.000232s ]
INFO: [ app_begin ] --END-- [ RunTime:0.000259s ]
SQL: SHOW COLUMNS FROM `xfz_session` [ RunTime:0.0003s ]
SQL: SELECT * FROM `xfz_session` WHERE ( session3key = '8VFEP6taCGnrulQW' ) LIMIT 1   [ RunTime:0.0002s ]
SQL: SHOW COLUMNS FROM `xfz_user` [ RunTime:0.0003s ]
SQL: SELECT * FROM `xfz_user` WHERE ( openid = "ovZ4O0X2Dn2mFAPvSBZ-VmUflykI" ) LIMIT 1   [ RunTime:0.0002s ]
SQL: SHOW COLUMNS FROM `xfz_group` [ RunTime:0.0003s ]
SQL: SELECT * FROM `xfz_group` WHERE ( user_id = 1 )  [ RunTime:0.0002s ]
SQL: SHOW COLUMNS FROM `xfz_style` [ RunTime:0.0003s ]
SQL: SELECT * FROM `xfz_style` WHERE ( style_id = 1 ) LIMIT 1   [ RunTime:0.0002s ]
SQL: SELECT * FROM `xfz_style` WHERE ( style_id = 1 ) LIMIT 1   [ RunTime:0.0001s ]
SQL: SELECT * FROM `xfz_style` WHERE ( style_id = 1 ) LIMIT 1   [ RunTime:0.0001s ]
SQL: SELECT * FROM `xfz_style` WHERE ( style_id = 1 ) LIMIT 1   [ RunTime:0.0001s ]
SQL: SELECT * FROM `xfz_style` WHERE ( style_id = 1 ) LIMIT 1   [ RunTime:0.0001s ]
SQL: SELECT * FROM `xfz_style` WHERE ( style_id = 1 ) LIMIT 1   [ RunTime:0.0001s ]
SQL: SELECT * FROM `xfz_style` WHERE ( style_id = 1 ) LIMIT 1   [ RunTime:0.0001s ]
SQL: SELECT * FROM `xfz_style` WHERE ( style_id = 1 ) LIMIT 1   [ RunTime:0.0002s ]
SQL: SELECT * FROM `xfz_style` WHERE ( style_id = 1 ) LIMIT 1   [ RunTime:0.0002s ]
SQL: SELECT * FROM `xfz_style` WHERE ( style_id = 1 ) LIMIT 1   [ RunTime:0.0001s ]
SQL: SELECT * FROM `xfz_style` WHERE ( style_id = 2 ) LIMIT 1   [ RunTime:0.0001s ]
SQL: SELECT * FROM `xfz_style` WHERE ( style_id = 1 ) LIMIT 1   [ RunTime:0.0001s ]
SQL: SELECT * FROM `xfz_style` WHERE ( style_id = 0 ) LIMIT 1   [ RunTime:0.0001s ]
SQL: SELECT * FROM `xfz_style` WHERE ( style_id = 0 ) LIMIT 1   [ RunTime:0.0001s ]
SQL: SELECT * FROM `xfz_style` WHERE ( style_id = 0 ) LIMIT 1   [ RunTime:0.0001s ]
SQL: SELECT * FROM `xfz_style` WHERE ( style_id = 0 ) LIMIT 1   [ RunTime:0.0001s ]
SQL: SELECT * FROM `xfz_style` WHERE ( style_id = 0 ) LIMIT 1   [ RunTime:0.0001s ]
SQL: SELECT * FROM `xfz_style` WHERE ( style_id = 0 ) LIMIT 1   [ RunTime:0.0001s ]
SQL: SELECT * FROM `xfz_style` WHERE ( style_id = 0 ) LIMIT 1   [ RunTime:0.0001s ]
SQL: SELECT * FROM `xfz_style` WHERE ( style_id = 0 ) LIMIT 1   [ RunTime:0.0001s ]
SQL: SELECT * FROM `xfz_style` WHERE ( style_id = 0 ) LIMIT 1   [ RunTime:0.0001s ]

[ 2017-10-29T23:18:58+08:00 ] 192.168.2.237 /xiaofenzu/index.php?m=sapp&c=login&a=checkSession
INFO: [ app_init ] --START--
INFO: Run Behavior\BuildLiteBehavior [ RunTime:0.000010s ]
INFO: [ app_init ] --END-- [ RunTime:0.000210s ]
INFO: [ app_begin ] --START--
INFO: Run Behavior\ReadHtmlCacheBehavior [ RunTime:0.000294s ]
INFO: [ app_begin ] --END-- [ RunTime:0.000331s ]
SQL: SHOW COLUMNS FROM `xfz_session` [ RunTime:0.0004s ]
SQL: SELECT * FROM `xfz_session` WHERE ( session3key = '8VFEP6taCGnrulQW' ) LIMIT 1   [ RunTime:0.0002s ]

[ 2017-10-29T23:18:58+08:00 ] 192.168.2.237 /xiaofenzu/index.php?m=sapp&c=group&a=findUserGroup
INFO: [ app_init ] --START--
INFO: Run Behavior\BuildLiteBehavior [ RunTime:0.000008s ]
INFO: [ app_init ] --END-- [ RunTime:0.000176s ]
INFO: [ app_begin ] --START--
INFO: Run Behavior\ReadHtmlCacheBehavior [ RunTime:0.000218s ]
INFO: [ app_begin ] --END-- [ RunTime:0.000244s ]
SQL: SHOW COLUMNS FROM `xfz_session` [ RunTime:0.0003s ]
SQL: SELECT * FROM `xfz_session` WHERE ( session3key = '8VFEP6taCGnrulQW' ) LIMIT 1   [ RunTime:0.0002s ]
SQL: SHOW COLUMNS FROM `xfz_user` [ RunTime:0.0004s ]
SQL: SELECT * FROM `xfz_user` WHERE ( openid = "ovZ4O0X2Dn2mFAPvSBZ-VmUflykI" ) LIMIT 1   [ RunTime:0.0002s ]
SQL: SHOW COLUMNS FROM `xfz_group` [ RunTime:0.0003s ]
SQL: SELECT * FROM `xfz_group` WHERE ( user_id = 1 )  [ RunTime:0.0003s ]
SQL: SHOW COLUMNS FROM `xfz_style` [ RunTime:0.0003s ]
SQL: SELECT * FROM `xfz_style` WHERE ( style_id = 1 ) LIMIT 1   [ RunTime:0.0002s ]
SQL: SELECT * FROM `xfz_style` WHERE ( style_id = 1 ) LIMIT 1   [ RunTime:0.0002s ]
SQL: SELECT * FROM `xfz_style` WHERE ( style_id = 1 ) LIMIT 1   [ RunTime:0.0002s ]
SQL: SELECT * FROM `xfz_style` WHERE ( style_id = 1 ) LIMIT 1   [ RunTime:0.0003s ]
SQL: SELECT * FROM `xfz_style` WHERE ( style_id = 1 ) LIMIT 1   [ RunTime:0.0002s ]
SQL: SELECT * FROM `xfz_style` WHERE ( style_id = 1 ) LIMIT 1   [ RunTime:0.0002s ]
SQL: SELECT * FROM `xfz_style` WHERE ( style_id = 1 ) LIMIT 1   [ RunTime:0.0002s ]
SQL: SELECT * FROM `xfz_style` WHERE ( style_id = 1 ) LIMIT 1   [ RunTime:0.0001s ]
SQL: SELECT * FROM `xfz_style` WHERE ( style_id = 1 ) LIMIT 1   [ RunTime:0.0001s ]
SQL: SELECT * FROM `xfz_style` WHERE ( style_id = 1 ) LIMIT 1   [ RunTime:0.0001s ]
SQL: SELECT * FROM `xfz_style` WHERE ( style_id = 2 ) LIMIT 1   [ RunTime:0.0001s ]
SQL: SELECT * FROM `xfz_style` WHERE ( style_id = 1 ) LIMIT 1   [ RunTime:0.0002s ]
SQL: SELECT * FROM `xfz_style` WHERE ( style_id = 0 ) LIMIT 1   [ RunTime:0.0001s ]
SQL: SELECT * FROM `xfz_style` WHERE ( style_id = 0 ) LIMIT 1   [ RunTime:0.0001s ]
SQL: SELECT * FROM `xfz_style` WHERE ( style_id = 0 ) LIMIT 1   [ RunTime:0.0001s ]
SQL: SELECT * FROM `xfz_style` WHERE ( style_id = 0 ) LIMIT 1   [ RunTime:0.0001s ]
SQL: SELECT * FROM `xfz_style` WHERE ( style_id = 0 ) LIMIT 1   [ RunTime:0.0001s ]
SQL: SELECT * FROM `xfz_style` WHERE ( style_id = 0 ) LIMIT 1   [ RunTime:0.0001s ]
SQL: SELECT * FROM `xfz_style` WHERE ( style_id = 0 ) LIMIT 1   [ RunTime:0.0001s ]
SQL: SELECT * FROM `xfz_style` WHERE ( style_id = 0 ) LIMIT 1   [ RunTime:0.0001s ]
SQL: SELECT * FROM `xfz_style` WHERE ( style_id = 0 ) LIMIT 1   [ RunTime:0.0001s ]

[ 2017-10-29T23:19:41+08:00 ] 192.168.2.237 /xiaofenzu/index.php?m=sapp&c=login&a=checkSession
INFO: [ app_init ] --START--
INFO: Run Behavior\BuildLiteBehavior [ RunTime:0.000010s ]
INFO: [ app_init ] --END-- [ RunTime:0.000220s ]
INFO: [ app_begin ] --START--
INFO: Run Behavior\ReadHtmlCacheBehavior [ RunTime:0.000259s ]
INFO: [ app_begin ] --END-- [ RunTime:0.000290s ]
SQL: SHOW COLUMNS FROM `xfz_session` [ RunTime:0.0004s ]
SQL: SELECT * FROM `xfz_session` WHERE ( session3key = '8VFEP6taCGnrulQW' ) LIMIT 1   [ RunTime:0.0002s ]

[ 2017-10-29T23:19:41+08:00 ] 192.168.2.237 /xiaofenzu/index.php?m=sapp&c=group&a=findUserGroup
INFO: [ app_init ] --START--
INFO: Run Behavior\BuildLiteBehavior [ RunTime:0.000008s ]
INFO: [ app_init ] --END-- [ RunTime:0.000237s ]
INFO: [ app_begin ] --START--
INFO: Run Behavior\ReadHtmlCacheBehavior [ RunTime:0.000218s ]
INFO: [ app_begin ] --END-- [ RunTime:0.000243s ]
SQL: SHOW COLUMNS FROM `xfz_session` [ RunTime:0.0003s ]
SQL: SELECT * FROM `xfz_session` WHERE ( session3key = '8VFEP6taCGnrulQW' ) LIMIT 1   [ RunTime:0.0002s ]
SQL: SHOW COLUMNS FROM `xfz_user` [ RunTime:0.0004s ]
SQL: SELECT * FROM `xfz_user` WHERE ( openid = "ovZ4O0X2Dn2mFAPvSBZ-VmUflykI" ) LIMIT 1   [ RunTime:0.0002s ]
SQL: SHOW COLUMNS FROM `xfz_group` [ RunTime:0.0003s ]
SQL: SELECT * FROM `xfz_group` WHERE ( user_id = 1 )  [ RunTime:0.0002s ]
SQL: SHOW COLUMNS FROM `xfz_style` [ RunTime:0.0003s ]
SQL: SELECT * FROM `xfz_style` WHERE ( style_id = 1 ) LIMIT 1   [ RunTime:0.0001s ]
SQL: SELECT * FROM `xfz_style` WHERE ( style_id = 1 ) LIMIT 1   [ RunTime:0.0001s ]
SQL: SELECT * FROM `xfz_style` WHERE ( style_id = 1 ) LIMIT 1   [ RunTime:0.0001s ]
SQL: SELECT * FROM `xfz_style` WHERE ( style_id = 1 ) LIMIT 1   [ RunTime:0.0001s ]
SQL: SELECT * FROM `xfz_style` WHERE ( style_id = 1 ) LIMIT 1   [ RunTime:0.0001s ]
SQL: SELECT * FROM `xfz_style` WHERE ( style_id = 1 ) LIMIT 1   [ RunTime:0.0001s ]
SQL: SELECT * FROM `xfz_style` WHERE ( style_id = 1 ) LIMIT 1   [ RunTime:0.0001s ]
SQL: SELECT * FROM `xfz_style` WHERE ( style_id = 1 ) LIMIT 1   [ RunTime:0.0001s ]
SQL: SELECT * FROM `xfz_style` WHERE ( style_id = 1 ) LIMIT 1   [ RunTime:0.0001s ]
SQL: SELECT * FROM `xfz_style` WHERE ( style_id = 1 ) LIMIT 1   [ RunTime:0.0001s ]
SQL: SELECT * FROM `xfz_style` WHERE ( style_id = 2 ) LIMIT 1   [ RunTime:0.0001s ]
SQL: SELECT * FROM `xfz_style` WHERE ( style_id = 1 ) LIMIT 1   [ RunTime:0.0001s ]
SQL: SELECT * FROM `xfz_style` WHERE ( style_id = 0 ) LIMIT 1   [ RunTime:0.0001s ]
SQL: SELECT * FROM `xfz_style` WHERE ( style_id = 0 ) LIMIT 1   [ RunTime:0.0001s ]
SQL: SELECT * FROM `xfz_style` WHERE ( style_id = 0 ) LIMIT 1   [ RunTime:0.0001s ]
SQL: SELECT * FROM `xfz_style` WHERE ( style_id = 0 ) LIMIT 1   [ RunTime:0.0001s ]
SQL: SELECT * FROM `xfz_style` WHERE ( style_id = 0 ) LIMIT 1   [ RunTime:0.0001s ]
SQL: SELECT * FROM `xfz_style` WHERE ( style_id = 0 ) LIMIT 1   [ RunTime:0.0001s ]
SQL: SELECT * FROM `xfz_style` WHERE ( style_id = 0 ) LIMIT 1   [ RunTime:0.0001s ]
SQL: SELECT * FROM `xfz_style` WHERE ( style_id = 0 ) LIMIT 1   [ RunTime:0.0001s ]
SQL: SELECT * FROM `xfz_style` WHERE ( style_id = 0 ) LIMIT 1   [ RunTime:0.0001s ]

[ 2017-10-29T23:20:38+08:00 ] 192.168.2.237 /xiaofenzu/index.php?m=sapp&c=login&a=checkSession
INFO: [ app_init ] --START--
INFO: Run Behavior\BuildLiteBehavior [ RunTime:0.000009s ]
INFO: [ app_init ] --END-- [ RunTime:0.000227s ]
INFO: [ app_begin ] --START--
INFO: Run Behavior\ReadHtmlCacheBehavior [ RunTime:0.000243s ]
INFO: [ app_begin ] --END-- [ RunTime:0.000271s ]
SQL: SHOW COLUMNS FROM `xfz_session` [ RunTime:0.0004s ]
SQL: SELECT * FROM `xfz_session` WHERE ( session3key = '8VFEP6taCGnrulQW' ) LIMIT 1   [ RunTime:0.0002s ]

[ 2017-10-29T23:20:38+08:00 ] 192.168.2.237 /xiaofenzu/index.php?m=sapp&c=group&a=findUserGroup
INFO: [ app_init ] --START--
INFO: Run Behavior\BuildLiteBehavior [ RunTime:0.000008s ]
INFO: [ app_init ] --END-- [ RunTime:0.000250s ]
INFO: [ app_begin ] --START--
INFO: Run Behavior\ReadHtmlCacheBehavior [ RunTime:0.000221s ]
INFO: [ app_begin ] --END-- [ RunTime:0.000247s ]
SQL: SHOW COLUMNS FROM `xfz_session` [ RunTime:0.0003s ]
SQL: SELECT * FROM `xfz_session` WHERE ( session3key = '8VFEP6taCGnrulQW' ) LIMIT 1   [ RunTime:0.0002s ]
SQL: SHOW COLUMNS FROM `xfz_user` [ RunTime:0.0003s ]
SQL: SELECT * FROM `xfz_user` WHERE ( openid = "ovZ4O0X2Dn2mFAPvSBZ-VmUflykI" ) LIMIT 1   [ RunTime:0.0001s ]
SQL: SHOW COLUMNS FROM `xfz_group` [ RunTime:0.0003s ]
SQL: SELECT * FROM `xfz_group` WHERE ( user_id = 1 )  [ RunTime:0.0002s ]
SQL: SHOW COLUMNS FROM `xfz_style` [ RunTime:0.0002s ]
SQL: SELECT * FROM `xfz_style` WHERE ( style_id = 1 ) LIMIT 1   [ RunTime:0.0001s ]
SQL: SELECT * FROM `xfz_style` WHERE ( style_id = 1 ) LIMIT 1   [ RunTime:0.0001s ]
SQL: SELECT * FROM `xfz_style` WHERE ( style_id = 1 ) LIMIT 1   [ RunTime:0.0001s ]
SQL: SELECT * FROM `xfz_style` WHERE ( style_id = 1 ) LIMIT 1   [ RunTime:0.0001s ]
SQL: SELECT * FROM `xfz_style` WHERE ( style_id = 1 ) LIMIT 1   [ RunTime:0.0001s ]
SQL: SELECT * FROM `xfz_style` WHERE ( style_id = 1 ) LIMIT 1   [ RunTime:0.0001s ]
SQL: SELECT * FROM `xfz_style` WHERE ( style_id = 1 ) LIMIT 1   [ RunTime:0.0001s ]
SQL: SELECT * FROM `xfz_style` WHERE ( style_id = 1 ) LIMIT 1   [ RunTime:0.0001s ]
SQL: SELECT * FROM `xfz_style` WHERE ( style_id = 1 ) LIMIT 1   [ RunTime:0.0001s ]
SQL: SELECT * FROM `xfz_style` WHERE ( style_id = 1 ) LIMIT 1   [ RunTime:0.0001s ]
SQL: SELECT * FROM `xfz_style` WHERE ( style_id = 2 ) LIMIT 1   [ RunTime:0.0001s ]
SQL: SELECT * FROM `xfz_style` WHERE ( style_id = 1 ) LIMIT 1   [ RunTime:0.0001s ]
SQL: SELECT * FROM `xfz_style` WHERE ( style_id = 0 ) LIMIT 1   [ RunTime:0.0001s ]
SQL: SELECT * FROM `xfz_style` WHERE ( style_id = 0 ) LIMIT 1   [ RunTime:0.0001s ]
SQL: SELECT * FROM `xfz_style` WHERE ( style_id = 0 ) LIMIT 1   [ RunTime:0.0001s ]
SQL: SELECT * FROM `xfz_style` WHERE ( style_id = 0 ) LIMIT 1   [ RunTime:0.0001s ]
SQL: SELECT * FROM `xfz_style` WHERE ( style_id = 0 ) LIMIT 1   [ RunTime:0.0001s ]
SQL: SELECT * FROM `xfz_style` WHERE ( style_id = 0 ) LIMIT 1   [ RunTime:0.0001s ]
SQL: SELECT * FROM `xfz_style` WHERE ( style_id = 0 ) LIMIT 1   [ RunTime:0.0001s ]
SQL: SELECT * FROM `xfz_style` WHERE ( style_id = 0 ) LIMIT 1   [ RunTime:0.0001s ]
SQL: SELECT * FROM `xfz_style` WHERE ( style_id = 0 ) LIMIT 1   [ RunTime:0.0001s ]

[ 2017-10-29T23:20:57+08:00 ] 192.168.2.122 /xiaofenzu/index.php?m=sapp&c=group&a=findGroup
INFO: [ app_init ] --START--
INFO: Run Behavior\BuildLiteBehavior [ RunTime:0.000009s ]
INFO: [ app_init ] --END-- [ RunTime:0.000218s ]
INFO: [ app_begin ] --START--
INFO: Run Behavior\ReadHtmlCacheBehavior [ RunTime:0.000271s ]
INFO: [ app_begin ] --END-- [ RunTime:0.000305s ]
SQL: SHOW COLUMNS FROM `xfz_session` [ RunTime:0.0005s ]
SQL: SELECT * FROM `xfz_session` WHERE ( session3key = 'zpimamagWkQlxd6x' ) LIMIT 1   [ RunTime:0.0002s ]
SQL: SHOW COLUMNS FROM `xfz_user` [ RunTime:0.0004s ]
SQL: SELECT * FROM `xfz_user` WHERE ( openid = "ovZ4O0fUIusYj4iL5_1BGsErzh8E" ) LIMIT 1   [ RunTime:0.0002s ]
SQL: SHOW COLUMNS FROM `xfz_group` [ RunTime:0.0003s ]
SQL: SELECT * FROM `xfz_group` WHERE ( group_id = 23 ) LIMIT 1   [ RunTime:0.0001s ]
SQL: SHOW COLUMNS FROM `xfz_style` [ RunTime:0.0003s ]
SQL: SELECT * FROM `xfz_style` WHERE ( style_id = 0 ) LIMIT 1   [ RunTime:0.0001s ]

[ 2017-10-29T23:21:10+08:00 ] 192.168.2.183 /xiaofenzu/index.php?m=sapp&c=group&a=findUserGroup
INFO: [ app_init ] --START--
INFO: Run Behavior\BuildLiteBehavior [ RunTime:0.000008s ]
INFO: [ app_init ] --END-- [ RunTime:0.000189s ]
INFO: [ app_begin ] --START--
INFO: Run Behavior\ReadHtmlCacheBehavior [ RunTime:0.000234s ]
INFO: [ app_begin ] --END-- [ RunTime:0.000263s ]
SQL: SHOW COLUMNS FROM `xfz_session` [ RunTime:0.0004s ]
SQL: SELECT * FROM `xfz_session` WHERE ( session3key = 'RihStqzKG9h70Huj' ) LIMIT 1   [ RunTime:0.0002s ]
SQL: SHOW COLUMNS FROM `xfz_user` [ RunTime:0.0003s ]
SQL: SELECT * FROM `xfz_user` WHERE ( openid = "ovZ4O0QiXjBWoYbrw7hLaUP7HqkU" ) LIMIT 1   [ RunTime:0.0002s ]
SQL: SHOW COLUMNS FROM `xfz_group` [ RunTime:0.0003s ]
SQL: SELECT * FROM `xfz_group` WHERE ( user_id = 3 )  [ RunTime:0.0002s ]
SQL: SHOW COLUMNS FROM `xfz_style` [ RunTime:0.0003s ]
SQL: SELECT * FROM `xfz_style` WHERE ( style_id = 0 ) LIMIT 1   [ RunTime:0.0001s ]

[ 2017-10-29T23:21:10+08:00 ] 192.168.2.183 /xiaofenzu/index.php?m=sapp&c=login&a=checkSession
INFO: [ app_init ] --START--
INFO: Run Behavior\BuildLiteBehavior [ RunTime:0.000009s ]
INFO: [ app_init ] --END-- [ RunTime:0.000220s ]
INFO: [ app_begin ] --START--
INFO: Run Behavior\ReadHtmlCacheBehavior [ RunTime:0.000272s ]
INFO: [ app_begin ] --END-- [ RunTime:0.000305s ]
SQL: SHOW COLUMNS FROM `xfz_session` [ RunTime:0.0003s ]
SQL: SELECT * FROM `xfz_session` WHERE ( session3key = 'RihStqzKG9h70Huj' ) LIMIT 1   [ RunTime:0.0002s ]

[ 2017-10-29T23:21:16+08:00 ] 192.168.2.122 /xiaofenzu/index.php?m=sapp&c=group&a=findUserGroup
INFO: [ app_init ] --START--
INFO: Run Behavior\BuildLiteBehavior [ RunTime:0.000009s ]
INFO: [ app_init ] --END-- [ RunTime:0.000216s ]
INFO: [ app_begin ] --START--
INFO: Run Behavior\ReadHtmlCacheBehavior [ RunTime:0.000269s ]
INFO: [ app_begin ] --END-- [ RunTime:0.000302s ]
SQL: SHOW COLUMNS FROM `xfz_session` [ RunTime:0.0003s ]
SQL: SELECT * FROM `xfz_session` WHERE ( session3key = 'zpimamagWkQlxd6x' ) LIMIT 1   [ RunTime:0.0002s ]
SQL: SHOW COLUMNS FROM `xfz_user` [ RunTime:0.0003s ]
SQL: SELECT * FROM `xfz_user` WHERE ( openid = "ovZ4O0fUIusYj4iL5_1BGsErzh8E" ) LIMIT 1   [ RunTime:0.0002s ]
SQL: SHOW COLUMNS FROM `xfz_group` [ RunTime:0.0003s ]
SQL: SELECT * FROM `xfz_group` WHERE ( user_id = 5 )  [ RunTime:0.0001s ]
SQL: SHOW COLUMNS FROM `xfz_style` [ RunTime:0.0002s ]
SQL: SELECT * FROM `xfz_style` WHERE ( style_id = 0 ) LIMIT 1   [ RunTime:0.0001s ]

[ 2017-10-29T23:21:16+08:00 ] 192.168.2.122 /xiaofenzu/index.php?m=sapp&c=login&a=checkSession
INFO: [ app_init ] --START--
INFO: Run Behavior\BuildLiteBehavior [ RunTime:0.000009s ]
INFO: [ app_init ] --END-- [ RunTime:0.000218s ]
INFO: [ app_begin ] --START--
INFO: Run Behavior\ReadHtmlCacheBehavior [ RunTime:0.000268s ]
INFO: [ app_begin ] --END-- [ RunTime:0.000301s ]
SQL: SHOW COLUMNS FROM `xfz_session` [ RunTime:0.0003s ]
SQL: SELECT * FROM `xfz_session` WHERE ( session3key = 'zpimamagWkQlxd6x' ) LIMIT 1   [ RunTime:0.0002s ]

[ 2017-10-29T23:21:18+08:00 ] 192.168.2.122 /xiaofenzu/index.php?m=sapp&c=group&a=findGroup
INFO: [ app_init ] --START--
INFO: Run Behavior\BuildLiteBehavior [ RunTime:0.000009s ]
INFO: [ app_init ] --END-- [ RunTime:0.000217s ]
INFO: [ app_begin ] --START--
INFO: Run Behavior\ReadHtmlCacheBehavior [ RunTime:0.000269s ]
INFO: [ app_begin ] --END-- [ RunTime:0.000302s ]
SQL: SHOW COLUMNS FROM `xfz_session` [ RunTime:0.0004s ]
SQL: SELECT * FROM `xfz_session` WHERE ( session3key = 'zpimamagWkQlxd6x' ) LIMIT 1   [ RunTime:0.0002s ]
SQL: SHOW COLUMNS FROM `xfz_user` [ RunTime:0.0003s ]
SQL: SELECT * FROM `xfz_user` WHERE ( openid = "ovZ4O0fUIusYj4iL5_1BGsErzh8E" ) LIMIT 1   [ RunTime:0.0002s ]
SQL: SHOW COLUMNS FROM `xfz_group` [ RunTime:0.0003s ]
SQL: SELECT * FROM `xfz_group` WHERE ( group_id = 24 ) LIMIT 1   [ RunTime:0.0001s ]
SQL: SHOW COLUMNS FROM `xfz_style` [ RunTime:0.0002s ]
SQL: SELECT * FROM `xfz_style` WHERE ( style_id = 0 ) LIMIT 1   [ RunTime:0.0001s ]

[ 2017-10-29T23:21:20+08:00 ] 192.168.2.122 /xiaofenzu/index.php?m=sapp&c=group&a=findGroup
INFO: [ app_init ] --START--
INFO: Run Behavior\BuildLiteBehavior [ RunTime:0.000009s ]
INFO: [ app_init ] --END-- [ RunTime:0.000218s ]
INFO: [ app_begin ] --START--
INFO: Run Behavior\ReadHtmlCacheBehavior [ RunTime:0.000271s ]
INFO: [ app_begin ] --END-- [ RunTime:0.000304s ]
SQL: SHOW COLUMNS FROM `xfz_session` [ RunTime:0.0004s ]
SQL: SELECT * FROM `xfz_session` WHERE ( session3key = 'zpimamagWkQlxd6x' ) LIMIT 1   [ RunTime:0.0002s ]
SQL: SHOW COLUMNS FROM `xfz_user` [ RunTime:0.0003s ]
SQL: SELECT * FROM `xfz_user` WHERE ( openid = "ovZ4O0fUIusYj4iL5_1BGsErzh8E" ) LIMIT 1   [ RunTime:0.0002s ]
SQL: SHOW COLUMNS FROM `xfz_group` [ RunTime:0.0003s ]
SQL: SELECT * FROM `xfz_group` WHERE ( group_id = 24 ) LIMIT 1   [ RunTime:0.0001s ]
SQL: SHOW COLUMNS FROM `xfz_style` [ RunTime:0.0002s ]
SQL: SELECT * FROM `xfz_style` WHERE ( style_id = 0 ) LIMIT 1   [ RunTime:0.0001s ]

[ 2017-10-29T23:21:32+08:00 ] 192.168.2.183 /xiaofenzu/index.php?m=sapp&c=group&a=findGroup
INFO: [ app_init ] --START--
INFO: Run Behavior\BuildLiteBehavior [ RunTime:0.000009s ]
INFO: [ app_init ] --END-- [ RunTime:0.000221s ]
INFO: [ app_begin ] --START--
INFO: Run Behavior\ReadHtmlCacheBehavior [ RunTime:0.000270s ]
INFO: [ app_begin ] --END-- [ RunTime:0.000303s ]
SQL: SHOW COLUMNS FROM `xfz_session` [ RunTime:0.0004s ]
SQL: SELECT * FROM `xfz_session` WHERE ( session3key = 'RihStqzKG9h70Huj' ) LIMIT 1   [ RunTime:0.0002s ]
SQL: SHOW COLUMNS FROM `xfz_user` [ RunTime:0.0003s ]
SQL: SELECT * FROM `xfz_user` WHERE ( openid = "ovZ4O0QiXjBWoYbrw7hLaUP7HqkU" ) LIMIT 1   [ RunTime:0.0002s ]
SQL: SHOW COLUMNS FROM `xfz_group` [ RunTime:0.0003s ]
SQL: SELECT * FROM `xfz_group` WHERE ( group_id = 24 ) LIMIT 1   [ RunTime:0.0002s ]
SQL: SHOW COLUMNS FROM `xfz_style` [ RunTime:0.0003s ]
SQL: SELECT * FROM `xfz_style` WHERE ( style_id = 0 ) LIMIT 1   [ RunTime:0.0002s ]

[ 2017-10-29T23:21:38+08:00 ] 192.168.2.183 /xiaofenzu/index.php?m=sapp&c=member&a=createGroupMembers
INFO: [ app_init ] --START--
INFO: Run Behavior\BuildLiteBehavior [ RunTime:0.000009s ]
INFO: [ app_init ] --END-- [ RunTime:0.000219s ]
INFO: [ app_begin ] --START--
INFO: Run Behavior\ReadHtmlCacheBehavior [ RunTime:0.000271s ]
INFO: [ app_begin ] --END-- [ RunTime:0.000304s ]
SQL: SHOW COLUMNS FROM `xfz_session` [ RunTime:0.0004s ]
SQL: SELECT * FROM `xfz_session` WHERE ( session3key = 'RihStqzKG9h70Huj' ) LIMIT 1   [ RunTime:0.0002s ]
SQL: SHOW COLUMNS FROM `xfz_user` [ RunTime:0.0003s ]
SQL: SELECT * FROM `xfz_user` WHERE ( openid = "ovZ4O0QiXjBWoYbrw7hLaUP7HqkU" ) LIMIT 1   [ RunTime:0.0001s ]
SQL: SHOW COLUMNS FROM `xfz_member` [ RunTime:0.0003s ]
SQL: INSERT INTO `xfz_member` (`group_id`,`user_id`,`invit_user_id`,`gmt_create`) VALUES ('24','3','5','2017-10-29 23:21:38') [ RunTime:0.0053s ]

[ 2017-10-29T23:21:39+08:00 ] 192.168.2.183 /xiaofenzu/index.php?m=sapp&c=group&a=findGroup
INFO: [ app_init ] --START--
INFO: Run Behavior\BuildLiteBehavior [ RunTime:0.000009s ]
INFO: [ app_init ] --END-- [ RunTime:0.000217s ]
INFO: [ app_begin ] --START--
INFO: Run Behavior\ReadHtmlCacheBehavior [ RunTime:0.000271s ]
INFO: [ app_begin ] --END-- [ RunTime:0.000304s ]
SQL: SHOW COLUMNS FROM `xfz_session` [ RunTime:0.0003s ]
SQL: SELECT * FROM `xfz_session` WHERE ( session3key = 'RihStqzKG9h70Huj' ) LIMIT 1   [ RunTime:0.0002s ]
SQL: SHOW COLUMNS FROM `xfz_user` [ RunTime:0.0003s ]
SQL: SELECT * FROM `xfz_user` WHERE ( openid = "ovZ4O0QiXjBWoYbrw7hLaUP7HqkU" ) LIMIT 1   [ RunTime:0.0002s ]
SQL: SHOW COLUMNS FROM `xfz_group` [ RunTime:0.0003s ]
SQL: SELECT * FROM `xfz_group` WHERE ( group_id = 24 ) LIMIT 1   [ RunTime:0.0001s ]
SQL: SHOW COLUMNS FROM `xfz_style` [ RunTime:0.0002s ]
SQL: SELECT * FROM `xfz_style` WHERE ( style_id = 0 ) LIMIT 1   [ RunTime:0.0001s ]

[ 2017-10-29T23:26:57+08:00 ] 192.168.2.183 /xiaofenzu/index.php?m=sapp&c=group&a=findGroup
INFO: [ app_init ] --START--
INFO: Run Behavior\BuildLiteBehavior [ RunTime:0.000008s ]
INFO: [ app_init ] --END-- [ RunTime:0.000217s ]
INFO: [ app_begin ] --START--
INFO: Run Behavior\ReadHtmlCacheBehavior [ RunTime:0.000271s ]
INFO: [ app_begin ] --END-- [ RunTime:0.000305s ]
SQL: SHOW COLUMNS FROM `xfz_session` [ RunTime:0.0005s ]
SQL: SELECT * FROM `xfz_session` WHERE ( session3key = 'RihStqzKG9h70Huj' ) LIMIT 1   [ RunTime:0.0002s ]
SQL: SHOW COLUMNS FROM `xfz_user` [ RunTime:0.0003s ]
SQL: SELECT * FROM `xfz_user` WHERE ( openid = "ovZ4O0QiXjBWoYbrw7hLaUP7HqkU" ) LIMIT 1   [ RunTime:0.0002s ]
SQL: SHOW COLUMNS FROM `xfz_group` [ RunTime:0.0003s ]
SQL: SELECT * FROM `xfz_group` WHERE ( group_id = 24 ) LIMIT 1   [ RunTime:0.0002s ]
SQL: SHOW COLUMNS FROM `xfz_style` [ RunTime:0.0003s ]
SQL: SELECT * FROM `xfz_style` WHERE ( style_id = 0 ) LIMIT 1   [ RunTime:0.0001s ]

[ 2017-10-29T23:28:46+08:00 ] 192.168.2.237 /xiaofenzu/index.php?m=sapp&c=login&a=checkSession
INFO: [ app_init ] --START--
INFO: Run Behavior\BuildLiteBehavior [ RunTime:0.000009s ]
INFO: [ app_init ] --END-- [ RunTime:0.000194s ]
INFO: [ app_begin ] --START--
INFO: Run Behavior\ReadHtmlCacheBehavior [ RunTime:0.000233s ]
INFO: [ app_begin ] --END-- [ RunTime:0.000258s ]
SQL: SHOW COLUMNS FROM `xfz_session` [ RunTime:0.0003s ]
SQL: SELECT * FROM `xfz_session` WHERE ( session3key = '8VFEP6taCGnrulQW' ) LIMIT 1   [ RunTime:0.0002s ]

[ 2017-10-29T23:28:46+08:00 ] 192.168.2.237 /xiaofenzu/index.php?m=sapp&c=group&a=findUserGroup
INFO: [ app_init ] --START--
INFO: Run Behavior\BuildLiteBehavior [ RunTime:0.000009s ]
INFO: [ app_init ] --END-- [ RunTime:0.000199s ]
INFO: [ app_begin ] --START--
INFO: Run Behavior\ReadHtmlCacheBehavior [ RunTime:0.000232s ]
INFO: [ app_begin ] --END-- [ RunTime:0.000259s ]
SQL: SHOW COLUMNS FROM `xfz_session` [ RunTime:0.0003s ]
SQL: SELECT * FROM `xfz_session` WHERE ( session3key = '8VFEP6taCGnrulQW' ) LIMIT 1   [ RunTime:0.0002s ]
SQL: SHOW COLUMNS FROM `xfz_user` [ RunTime:0.0003s ]
SQL: SELECT * FROM `xfz_user` WHERE ( openid = "ovZ4O0X2Dn2mFAPvSBZ-VmUflykI" ) LIMIT 1   [ RunTime:0.0001s ]
SQL: SHOW COLUMNS FROM `xfz_group` [ RunTime:0.0002s ]
SQL: SELECT * FROM `xfz_group` WHERE ( user_id = 1 )  [ RunTime:0.0002s ]
SQL: SHOW COLUMNS FROM `xfz_style` [ RunTime:0.0003s ]
SQL: SELECT * FROM `xfz_style` WHERE ( style_id = 1 ) LIMIT 1   [ RunTime:0.0002s ]
SQL: SELECT * FROM `xfz_style` WHERE ( style_id = 1 ) LIMIT 1   [ RunTime:0.0001s ]
SQL: SELECT * FROM `xfz_style` WHERE ( style_id = 1 ) LIMIT 1   [ RunTime:0.0002s ]
SQL: SELECT * FROM `xfz_style` WHERE ( style_id = 1 ) LIMIT 1   [ RunTime:0.0001s ]
SQL: SELECT * FROM `xfz_style` WHERE ( style_id = 1 ) LIMIT 1   [ RunTime:0.0001s ]
SQL: SELECT * FROM `xfz_style` WHERE ( style_id = 1 ) LIMIT 1   [ RunTime:0.0001s ]
SQL: SELECT * FROM `xfz_style` WHERE ( style_id = 1 ) LIMIT 1   [ RunTime:0.0001s ]
SQL: SELECT * FROM `xfz_style` WHERE ( style_id = 1 ) LIMIT 1   [ RunTime:0.0001s ]
SQL: SELECT * FROM `xfz_style` WHERE ( style_id = 1 ) LIMIT 1   [ RunTime:0.0001s ]
SQL: SELECT * FROM `xfz_style` WHERE ( style_id = 1 ) LIMIT 1   [ RunTime:0.0001s ]
SQL: SELECT * FROM `xfz_style` WHERE ( style_id = 2 ) LIMIT 1   [ RunTime:0.0001s ]
SQL: SELECT * FROM `xfz_style` WHERE ( style_id = 1 ) LIMIT 1   [ RunTime:0.0001s ]
SQL: SELECT * FROM `xfz_style` WHERE ( style_id = 0 ) LIMIT 1   [ RunTime:0.0001s ]
SQL: SELECT * FROM `xfz_style` WHERE ( style_id = 0 ) LIMIT 1   [ RunTime:0.0001s ]
SQL: SELECT * FROM `xfz_style` WHERE ( style_id = 0 ) LIMIT 1   [ RunTime:0.0001s ]
SQL: SELECT * FROM `xfz_style` WHERE ( style_id = 0 ) LIMIT 1   [ RunTime:0.0001s ]
SQL: SELECT * FROM `xfz_style` WHERE ( style_id = 0 ) LIMIT 1   [ RunTime:0.0001s ]
SQL: SELECT * FROM `xfz_style` WHERE ( style_id = 0 ) LIMIT 1   [ RunTime:0.0001s ]
SQL: SELECT * FROM `xfz_style` WHERE ( style_id = 0 ) LIMIT 1   [ RunTime:0.0001s ]
SQL: SELECT * FROM `xfz_style` WHERE ( style_id = 0 ) LIMIT 1   [ RunTime:0.0001s ]
SQL: SELECT * FROM `xfz_style` WHERE ( style_id = 0 ) LIMIT 1   [ RunTime:0.0001s ]

[ 2017-10-29T23:29:05+08:00 ] 192.168.2.237 /xiaofenzu/index.php?m=sapp&c=login&a=checkSession
INFO: [ app_init ] --START--
INFO: Run Behavior\BuildLiteBehavior [ RunTime:0.000009s ]
INFO: [ app_init ] --END-- [ RunTime:0.000251s ]
INFO: [ app_begin ] --START--
INFO: Run Behavior\ReadHtmlCacheBehavior [ RunTime:0.000209s ]
INFO: [ app_begin ] --END-- [ RunTime:0.000233s ]
SQL: SHOW COLUMNS FROM `xfz_session` [ RunTime:0.0003s ]
SQL: SELECT * FROM `xfz_session` WHERE ( session3key = '8VFEP6taCGnrulQW' ) LIMIT 1   [ RunTime:0.0002s ]

[ 2017-10-29T23:29:05+08:00 ] 192.168.2.237 /xiaofenzu/index.php?m=sapp&c=group&a=findUserGroup
INFO: [ app_init ] --START--
INFO: Run Behavior\BuildLiteBehavior [ RunTime:0.000009s ]
INFO: [ app_init ] --END-- [ RunTime:0.000185s ]
INFO: [ app_begin ] --START--
INFO: Run Behavior\ReadHtmlCacheBehavior [ RunTime:0.000227s ]
INFO: [ app_begin ] --END-- [ RunTime:0.000253s ]
SQL: SHOW COLUMNS FROM `xfz_session` [ RunTime:0.0003s ]
SQL: SELECT * FROM `xfz_session` WHERE ( session3key = '8VFEP6taCGnrulQW' ) LIMIT 1   [ RunTime:0.0002s ]
SQL: SHOW COLUMNS FROM `xfz_user` [ RunTime:0.0003s ]
SQL: SELECT * FROM `xfz_user` WHERE ( openid = "ovZ4O0X2Dn2mFAPvSBZ-VmUflykI" ) LIMIT 1   [ RunTime:0.0002s ]
SQL: SHOW COLUMNS FROM `xfz_group` [ RunTime:0.0003s ]
SQL: SELECT * FROM `xfz_group` WHERE ( user_id = 1 )  [ RunTime:0.0002s ]
SQL: SHOW COLUMNS FROM `xfz_style` [ RunTime:0.0002s ]
SQL: SELECT * FROM `xfz_style` WHERE ( style_id = 1 ) LIMIT 1   [ RunTime:0.0001s ]
SQL: SELECT * FROM `xfz_style` WHERE ( style_id = 1 ) LIMIT 1   [ RunTime:0.0001s ]
SQL: SELECT * FROM `xfz_style` WHERE ( style_id = 1 ) LIMIT 1   [ RunTime:0.0001s ]
SQL: SELECT * FROM `xfz_style` WHERE ( style_id = 1 ) LIMIT 1   [ RunTime:0.0001s ]
SQL: SELECT * FROM `xfz_style` WHERE ( style_id = 1 ) LIMIT 1   [ RunTime:0.0001s ]
SQL: SELECT * FROM `xfz_style` WHERE ( style_id = 1 ) LIMIT 1   [ RunTime:0.0001s ]
SQL: SELECT * FROM `xfz_style` WHERE ( style_id = 1 ) LIMIT 1   [ RunTime:0.0001s ]
SQL: SELECT * FROM `xfz_style` WHERE ( style_id = 1 ) LIMIT 1   [ RunTime:0.0001s ]
SQL: SELECT * FROM `xfz_style` WHERE ( style_id = 1 ) LIMIT 1   [ RunTime:0.0001s ]
SQL: SELECT * FROM `xfz_style` WHERE ( style_id = 1 ) LIMIT 1   [ RunTime:0.0001s ]
SQL: SELECT * FROM `xfz_style` WHERE ( style_id = 2 ) LIMIT 1   [ RunTime:0.0001s ]
SQL: SELECT * FROM `xfz_style` WHERE ( style_id = 1 ) LIMIT 1   [ RunTime:0.0001s ]
SQL: SELECT * FROM `xfz_style` WHERE ( style_id = 0 ) LIMIT 1   [ RunTime:0.0001s ]
SQL: SELECT * FROM `xfz_style` WHERE ( style_id = 0 ) LIMIT 1   [ RunTime:0.0001s ]
SQL: SELECT * FROM `xfz_style` WHERE ( style_id = 0 ) LIMIT 1   [ RunTime:0.0001s ]
SQL: SELECT * FROM `xfz_style` WHERE ( style_id = 0 ) LIMIT 1   [ RunTime:0.0001s ]
SQL: SELECT * FROM `xfz_style` WHERE ( style_id = 0 ) LIMIT 1   [ RunTime:0.0001s ]
SQL: SELECT * FROM `xfz_style` WHERE ( style_id = 0 ) LIMIT 1   [ RunTime:0.0001s ]
SQL: SELECT * FROM `xfz_style` WHERE ( style_id = 0 ) LIMIT 1   [ RunTime:0.0001s ]
SQL: SELECT * FROM `xfz_style` WHERE ( style_id = 0 ) LIMIT 1   [ RunTime:0.0001s ]
SQL: SELECT * FROM `xfz_style` WHERE ( style_id = 0 ) LIMIT 1   [ RunTime:0.0001s ]

[ 2017-10-29T23:34:33+08:00 ] 192.168.2.237 /xiaofenzu/index.php?m=sapp&c=login&a=checkSession
INFO: [ app_init ] --START--
INFO: Run Behavior\BuildLiteBehavior [ RunTime:0.000017s ]
INFO: [ app_init ] --END-- [ RunTime:0.000358s ]
INFO: [ app_begin ] --START--
INFO: Run Behavior\ReadHtmlCacheBehavior [ RunTime:0.000252s ]
INFO: [ app_begin ] --END-- [ RunTime:0.000284s ]
SQL: SHOW COLUMNS FROM `xfz_session` [ RunTime:0.0003s ]
SQL: SELECT * FROM `xfz_session` WHERE ( session3key = '8VFEP6taCGnrulQW' ) LIMIT 1   [ RunTime:0.0001s ]

[ 2017-10-29T23:34:33+08:00 ] 192.168.2.237 /xiaofenzu/index.php?m=sapp&c=group&a=findUserGroup
INFO: [ app_init ] --START--
INFO: Run Behavior\BuildLiteBehavior [ RunTime:0.000009s ]
INFO: [ app_init ] --END-- [ RunTime:0.000190s ]
INFO: [ app_begin ] --START--
INFO: Run Behavior\ReadHtmlCacheBehavior [ RunTime:0.000307s ]
INFO: [ app_begin ] --END-- [ RunTime:0.000335s ]
SQL: SHOW COLUMNS FROM `xfz_session` [ RunTime:0.0004s ]
SQL: SELECT * FROM `xfz_session` WHERE ( session3key = '8VFEP6taCGnrulQW' ) LIMIT 1   [ RunTime:0.0002s ]
SQL: SHOW COLUMNS FROM `xfz_user` [ RunTime:0.0003s ]
SQL: SELECT * FROM `xfz_user` WHERE ( openid = "ovZ4O0X2Dn2mFAPvSBZ-VmUflykI" ) LIMIT 1   [ RunTime:0.0002s ]
SQL: SHOW COLUMNS FROM `xfz_group` [ RunTime:0.0003s ]
SQL: SELECT * FROM `xfz_group` WHERE ( user_id = 1 )  [ RunTime:0.0002s ]
SQL: SHOW COLUMNS FROM `xfz_style` [ RunTime:0.0003s ]
SQL: SELECT * FROM `xfz_style` WHERE ( style_id = 1 ) LIMIT 1   [ RunTime:0.0001s ]
SQL: SELECT * FROM `xfz_style` WHERE ( style_id = 1 ) LIMIT 1   [ RunTime:0.0001s ]
SQL: SELECT * FROM `xfz_style` WHERE ( style_id = 1 ) LIMIT 1   [ RunTime:0.0001s ]
SQL: SELECT * FROM `xfz_style` WHERE ( style_id = 1 ) LIMIT 1   [ RunTime:0.0001s ]
SQL: SELECT * FROM `xfz_style` WHERE ( style_id = 1 ) LIMIT 1   [ RunTime:0.0001s ]
SQL: SELECT * FROM `xfz_style` WHERE ( style_id = 1 ) LIMIT 1   [ RunTime:0.0001s ]
SQL: SELECT * FROM `xfz_style` WHERE ( style_id = 1 ) LIMIT 1   [ RunTime:0.0001s ]
SQL: SELECT * FROM `xfz_style` WHERE ( style_id = 1 ) LIMIT 1   [ RunTime:0.0002s ]
SQL: SELECT * FROM `xfz_style` WHERE ( style_id = 1 ) LIMIT 1   [ RunTime:0.0001s ]
SQL: SELECT * FROM `xfz_style` WHERE ( style_id = 1 ) LIMIT 1   [ RunTime:0.0001s ]
SQL: SELECT * FROM `xfz_style` WHERE ( style_id = 2 ) LIMIT 1   [ RunTime:0.0001s ]
SQL: SELECT * FROM `xfz_style` WHERE ( style_id = 1 ) LIMIT 1   [ RunTime:0.0001s ]
SQL: SELECT * FROM `xfz_style` WHERE ( style_id = 0 ) LIMIT 1   [ RunTime:0.0001s ]
SQL: SELECT * FROM `xfz_style` WHERE ( style_id = 0 ) LIMIT 1   [ RunTime:0.0001s ]
SQL: SELECT * FROM `xfz_style` WHERE ( style_id = 0 ) LIMIT 1   [ RunTime:0.0001s ]
SQL: SELECT * FROM `xfz_style` WHERE ( style_id = 0 ) LIMIT 1   [ RunTime:0.0001s ]
SQL: SELECT * FROM `xfz_style` WHERE ( style_id = 0 ) LIMIT 1   [ RunTime:0.0001s ]
SQL: SELECT * FROM `xfz_style` WHERE ( style_id = 0 ) LIMIT 1   [ RunTime:0.0001s ]
SQL: SELECT * FROM `xfz_style` WHERE ( style_id = 0 ) LIMIT 1   [ RunTime:0.0001s ]
SQL: SELECT * FROM `xfz_style` WHERE ( style_id = 0 ) LIMIT 1   [ RunTime:0.0001s ]
SQL: SELECT * FROM `xfz_style` WHERE ( style_id = 0 ) LIMIT 1   [ RunTime:0.0001s ]

[ 2017-10-29T23:34:45+08:00 ] 192.168.2.122 /xiaofenzu/index.php?m=sapp&c=group&a=findUserGroup
INFO: [ app_init ] --START--
INFO: Run Behavior\BuildLiteBehavior [ RunTime:0.000008s ]
INFO: [ app_init ] --END-- [ RunTime:0.000219s ]
INFO: [ app_begin ] --START--
INFO: Run Behavior\ReadHtmlCacheBehavior [ RunTime:0.000272s ]
INFO: [ app_begin ] --END-- [ RunTime:0.000305s ]
SQL: SHOW COLUMNS FROM `xfz_session` [ RunTime:0.0003s ]
SQL: SELECT * FROM `xfz_session` WHERE ( session3key = 'zpimamagWkQlxd6x' ) LIMIT 1   [ RunTime:0.0002s ]
SQL: SHOW COLUMNS FROM `xfz_user` [ RunTime:0.0003s ]
SQL: SELECT * FROM `xfz_user` WHERE ( openid = "ovZ4O0fUIusYj4iL5_1BGsErzh8E" ) LIMIT 1   [ RunTime:0.0002s ]
SQL: SHOW COLUMNS FROM `xfz_group` [ RunTime:0.0003s ]
SQL: SELECT * FROM `xfz_group` WHERE ( user_id = 5 )  [ RunTime:0.0001s ]
SQL: SHOW COLUMNS FROM `xfz_style` [ RunTime:0.0002s ]
SQL: SELECT * FROM `xfz_style` WHERE ( style_id = 0 ) LIMIT 1   [ RunTime:0.0001s ]

[ 2017-10-29T23:34:45+08:00 ] 192.168.2.122 /xiaofenzu/index.php?m=sapp&c=login&a=checkSession
INFO: [ app_init ] --START--
INFO: Run Behavior\BuildLiteBehavior [ RunTime:0.000008s ]
INFO: [ app_init ] --END-- [ RunTime:0.000188s ]
INFO: [ app_begin ] --START--
INFO: Run Behavior\ReadHtmlCacheBehavior [ RunTime:0.000240s ]
INFO: [ app_begin ] --END-- [ RunTime:0.000268s ]
SQL: SHOW COLUMNS FROM `xfz_session` [ RunTime:0.0003s ]
SQL: SELECT * FROM `xfz_session` WHERE ( session3key = 'zpimamagWkQlxd6x' ) LIMIT 1   [ RunTime:0.0002s ]

[ 2017-10-29T23:34:48+08:00 ] 192.168.2.122 /xiaofenzu/index.php?m=sapp&c=login&a=saveUserInfo
INFO: [ app_init ] --START--
INFO: Run Behavior\BuildLiteBehavior [ RunTime:0.000009s ]
INFO: [ app_init ] --END-- [ RunTime:0.000220s ]
INFO: [ app_begin ] --START--
INFO: Run Behavior\ReadHtmlCacheBehavior [ RunTime:0.000272s ]
INFO: [ app_begin ] --END-- [ RunTime:0.000306s ]
SQL: SHOW COLUMNS FROM `xfz_session` [ RunTime:0.0004s ]
SQL: SELECT * FROM `xfz_session` WHERE ( session3key = 'zpimamagWkQlxd6x' ) LIMIT 1   [ RunTime:0.0002s ]
SQL: SHOW COLUMNS FROM `xfz_user` [ RunTime:0.0003s ]
SQL: SELECT * FROM `xfz_user` WHERE ( openid = "ovZ4O0fUIusYj4iL5_1BGsErzh8E" ) LIMIT 1   [ RunTime:0.0002s ]
SQL: UPDATE `xfz_user` SET `nickName`='',`gender`='0',`city`='',`province`='',`country`='',`avatarUrl`='https://wx.qlogo.cn/mmopen/vi_32/5B60ckptMUlrwauPvIJodS5jQ3rdic51Uec7BIgTmkN6J06zXpdtWwzP6SiaviaPpAibL5BwNicAdLicRNQyBUlxcntg/0',`gmt_modify`='2017-10-29 23:34:47' WHERE ( openid = "ovZ4O0fUIusYj4iL5_1BGsErzh8E" ) [ RunTime:0.0057s ]

[ 2017-10-29T23:34:48+08:00 ] 192.168.2.122 /xiaofenzu/index.php?m=sapp&c=style&a=getAllStyle
INFO: [ app_init ] --START--
INFO: Run Behavior\BuildLiteBehavior [ RunTime:0.000011s ]
INFO: [ app_init ] --END-- [ RunTime:0.000281s ]
INFO: [ app_begin ] --START--
INFO: Run Behavior\ReadHtmlCacheBehavior [ RunTime:0.000353s ]
INFO: [ app_begin ] --END-- [ RunTime:0.000396s ]
SQL: SHOW COLUMNS FROM `xfz_style` [ RunTime:0.0004s ]
SQL: SELECT * FROM `xfz_style`  [ RunTime:0.0001s ]

[ 2017-10-29T23:35:01+08:00 ] 192.168.2.183 /xiaofenzu/index.php?m=sapp&c=group&a=findUserGroup
INFO: [ app_init ] --START--
INFO: Run Behavior\BuildLiteBehavior [ RunTime:0.000008s ]
INFO: [ app_init ] --END-- [ RunTime:0.000223s ]
INFO: [ app_begin ] --START--
INFO: Run Behavior\ReadHtmlCacheBehavior [ RunTime:0.000275s ]
INFO: [ app_begin ] --END-- [ RunTime:0.000308s ]
SQL: SHOW COLUMNS FROM `xfz_session` [ RunTime:0.0004s ]
SQL: SELECT * FROM `xfz_session` WHERE ( session3key = 'RihStqzKG9h70Huj' ) LIMIT 1   [ RunTime:0.0002s ]
SQL: SHOW COLUMNS FROM `xfz_user` [ RunTime:0.0003s ]
SQL: SELECT * FROM `xfz_user` WHERE ( openid = "ovZ4O0QiXjBWoYbrw7hLaUP7HqkU" ) LIMIT 1   [ RunTime:0.0002s ]
SQL: SHOW COLUMNS FROM `xfz_group` [ RunTime:0.0003s ]
SQL: SELECT * FROM `xfz_group` WHERE ( user_id = 3 )  [ RunTime:0.0002s ]
SQL: SHOW COLUMNS FROM `xfz_style` [ RunTime:0.0003s ]
SQL: SELECT * FROM `xfz_style` WHERE ( style_id = 0 ) LIMIT 1   [ RunTime:0.0001s ]

[ 2017-10-29T23:35:01+08:00 ] 192.168.2.183 /xiaofenzu/index.php?m=sapp&c=login&a=checkSession
INFO: [ app_init ] --START--
INFO: Run Behavior\BuildLiteBehavior [ RunTime:0.000009s ]
INFO: [ app_init ] --END-- [ RunTime:0.000219s ]
INFO: [ app_begin ] --START--
INFO: Run Behavior\ReadHtmlCacheBehavior [ RunTime:0.000305s ]
INFO: [ app_begin ] --END-- [ RunTime:0.000339s ]
SQL: SHOW COLUMNS FROM `xfz_session` [ RunTime:0.0003s ]
SQL: SELECT * FROM `xfz_session` WHERE ( session3key = 'RihStqzKG9h70Huj' ) LIMIT 1   [ RunTime:0.0002s ]

[ 2017-10-29T23:35:16+08:00 ] 192.168.2.122 /xiaofenzu/index.php?m=sapp&c=group&a=createGroup
INFO: [ app_init ] --START--
INFO: Run Behavior\BuildLiteBehavior [ RunTime:0.000008s ]
INFO: [ app_init ] --END-- [ RunTime:0.000218s ]
INFO: [ app_begin ] --START--
INFO: Run Behavior\ReadHtmlCacheBehavior [ RunTime:0.000272s ]
INFO: [ app_begin ] --END-- [ RunTime:0.000305s ]
SQL: SHOW COLUMNS FROM `xfz_session` [ RunTime:0.0003s ]
SQL: SELECT * FROM `xfz_session` WHERE ( session3key = 'zpimamagWkQlxd6x' ) LIMIT 1   [ RunTime:0.0002s ]
SQL: SHOW COLUMNS FROM `xfz_user` [ RunTime:0.0003s ]
SQL: SELECT * FROM `xfz_user` WHERE ( openid = "ovZ4O0fUIusYj4iL5_1BGsErzh8E" ) LIMIT 1   [ RunTime:0.0002s ]
SQL: SHOW COLUMNS FROM `xfz_group` [ RunTime:0.0003s ]
SQL: INSERT INTO `xfz_group` (`name`,`number`,`leader`,`sex`,`style_id`,`user_id`,`create_time`,`update_time`) VALUES ('','5','1','0','0','5','1509291316','1509291316') [ RunTime:0.0057s ]
SQL: SHOW COLUMNS FROM `xfz_member` [ RunTime:0.0005s ]
SQL: INSERT INTO `xfz_member` (`group_id`,`user_id`,`invit_user_id`,`gmt_create`) VALUES ('25','5','0','2017-10-29 23:35:16') [ RunTime:0.0006s ]

[ 2017-10-29T23:35:16+08:00 ] 192.168.2.122 /xiaofenzu/index.php?m=sapp&c=group&a=findGroup
INFO: [ app_init ] --START--
INFO: Run Behavior\BuildLiteBehavior [ RunTime:0.000008s ]
INFO: [ app_init ] --END-- [ RunTime:0.000213s ]
INFO: [ app_begin ] --START--
INFO: Run Behavior\ReadHtmlCacheBehavior [ RunTime:0.000270s ]
INFO: [ app_begin ] --END-- [ RunTime:0.000303s ]
SQL: SHOW COLUMNS FROM `xfz_session` [ RunTime:0.0003s ]
SQL: SELECT * FROM `xfz_session` WHERE ( session3key = 'zpimamagWkQlxd6x' ) LIMIT 1   [ RunTime:0.0002s ]
SQL: SHOW COLUMNS FROM `xfz_user` [ RunTime:0.0003s ]
SQL: SELECT * FROM `xfz_user` WHERE ( openid = "ovZ4O0fUIusYj4iL5_1BGsErzh8E" ) LIMIT 1   [ RunTime:0.0002s ]
SQL: SHOW COLUMNS FROM `xfz_group` [ RunTime:0.0003s ]
SQL: SELECT * FROM `xfz_group` WHERE ( group_id = 25 ) LIMIT 1   [ RunTime:0.0002s ]
SQL: SHOW COLUMNS FROM `xfz_style` [ RunTime:0.0002s ]
SQL: SELECT * FROM `xfz_style` WHERE ( style_id = 0 ) LIMIT 1   [ RunTime:0.0001s ]

[ 2017-10-29T23:35:40+08:00 ] 192.168.2.183 /xiaofenzu/index.php?m=sapp&c=group&a=findGroup
INFO: [ app_init ] --START--
INFO: Run Behavior\BuildLiteBehavior [ RunTime:0.000009s ]
INFO: [ app_init ] --END-- [ RunTime:0.000219s ]
INFO: [ app_begin ] --START--
INFO: Run Behavior\ReadHtmlCacheBehavior [ RunTime:0.000269s ]
INFO: [ app_begin ] --END-- [ RunTime:0.000302s ]
SQL: SHOW COLUMNS FROM `xfz_session` [ RunTime:0.0003s ]
SQL: SELECT * FROM `xfz_session` WHERE ( session3key = 'RihStqzKG9h70Huj' ) LIMIT 1   [ RunTime:0.0002s ]
SQL: SHOW COLUMNS FROM `xfz_user` [ RunTime:0.0003s ]
SQL: SELECT * FROM `xfz_user` WHERE ( openid = "ovZ4O0QiXjBWoYbrw7hLaUP7HqkU" ) LIMIT 1   [ RunTime:0.0002s ]
SQL: SHOW COLUMNS FROM `xfz_group` [ RunTime:0.0003s ]
SQL: SELECT * FROM `xfz_group` WHERE ( group_id = 25 ) LIMIT 1   [ RunTime:0.0001s ]
SQL: SHOW COLUMNS FROM `xfz_style` [ RunTime:0.0002s ]
SQL: SELECT * FROM `xfz_style` WHERE ( style_id = 0 ) LIMIT 1   [ RunTime:0.0001s ]

[ 2017-10-29T23:35:45+08:00 ] 192.168.2.183 /xiaofenzu/index.php?m=sapp&c=member&a=createGroupMembers
INFO: [ app_init ] --START--
INFO: Run Behavior\BuildLiteBehavior [ RunTime:0.000009s ]
INFO: [ app_init ] --END-- [ RunTime:0.000219s ]
INFO: [ app_begin ] --START--
INFO: Run Behavior\ReadHtmlCacheBehavior [ RunTime:0.000270s ]
INFO: [ app_begin ] --END-- [ RunTime:0.000303s ]
SQL: SHOW COLUMNS FROM `xfz_session` [ RunTime:0.0003s ]
SQL: SELECT * FROM `xfz_session` WHERE ( session3key = 'RihStqzKG9h70Huj' ) LIMIT 1   [ RunTime:0.0002s ]
SQL: SHOW COLUMNS FROM `xfz_user` [ RunTime:0.0003s ]
SQL: SELECT * FROM `xfz_user` WHERE ( openid = "ovZ4O0QiXjBWoYbrw7hLaUP7HqkU" ) LIMIT 1   [ RunTime:0.0001s ]
SQL: SHOW COLUMNS FROM `xfz_member` [ RunTime:0.0003s ]
SQL: INSERT INTO `xfz_member` (`group_id`,`user_id`,`invit_user_id`,`gmt_create`) VALUES ('25','3','5','2017-10-29 23:35:45') [ RunTime:0.0054s ]

[ 2017-10-29T23:35:45+08:00 ] 192.168.2.183 /xiaofenzu/index.php?m=sapp&c=group&a=findGroup
INFO: [ app_init ] --START--
INFO: Run Behavior\BuildLiteBehavior [ RunTime:0.000009s ]
INFO: [ app_init ] --END-- [ RunTime:0.000218s ]
INFO: [ app_begin ] --START--
INFO: Run Behavior\ReadHtmlCacheBehavior [ RunTime:0.000268s ]
INFO: [ app_begin ] --END-- [ RunTime:0.000301s ]
SQL: SHOW COLUMNS FROM `xfz_session` [ RunTime:0.0003s ]
SQL: SELECT * FROM `xfz_session` WHERE ( session3key = 'RihStqzKG9h70Huj' ) LIMIT 1   [ RunTime:0.0002s ]
SQL: SHOW COLUMNS FROM `xfz_user` [ RunTime:0.0003s ]
SQL: SELECT * FROM `xfz_user` WHERE ( openid = "ovZ4O0QiXjBWoYbrw7hLaUP7HqkU" ) LIMIT 1   [ RunTime:0.0002s ]
SQL: SHOW COLUMNS FROM `xfz_group` [ RunTime:0.0003s ]
SQL: SELECT * FROM `xfz_group` WHERE ( group_id = 25 ) LIMIT 1   [ RunTime:0.0001s ]
SQL: SHOW COLUMNS FROM `xfz_style` [ RunTime:0.0002s ]
SQL: SELECT * FROM `xfz_style` WHERE ( style_id = 0 ) LIMIT 1   [ RunTime:0.0001s ]

