[ 2017-10-25T20:30:31+08:00 ] 192.168.2.237 /xiaofenzu/index.php?m=sapp&c=login&a=checkSession
INFO: [ app_init ] --START--
INFO: Run Behavior\BuildLiteBehavior [ RunTime:0.000027s ]
INFO: [ app_init ] --END-- [ RunTime:0.002046s ]
INFO: [ app_begin ] --START--
INFO: Run Behavior\ReadHtmlCacheBehavior [ RunTime:0.000610s ]
INFO: [ app_begin ] --END-- [ RunTime:0.000650s ]
SQL: SHOW COLUMNS FROM `xfz_session` [ RunTime:0.0217s ]
SQL: SELECT * FROM `xfz_session` WHERE ( session3key = '8VFEP6taCGnrulQW' ) LIMIT 1   [ RunTime:0.0039s ]

[ 2017-10-25T20:30:31+08:00 ] 192.168.2.237 /xiaofenzu/index.php?m=sapp&c=group&a=findGroup
INFO: [ app_init ] --START--
INFO: Run Behavior\BuildLiteBehavior [ RunTime:0.000031s ]
INFO: [ app_init ] --END-- [ RunTime:0.002566s ]
INFO: [ app_begin ] --START--
INFO: Run Behavior\ReadHtmlCacheBehavior [ RunTime:0.000566s ]
INFO: [ app_begin ] --END-- [ RunTime:0.000606s ]
SQL: SHOW COLUMNS FROM `xfz_session` [ RunTime:0.0217s ]
SQL: SELECT * FROM `xfz_session` WHERE ( session3key = '8VFEP6taCGnrulQW' ) LIMIT 1   [ RunTime:0.0053s ]
SQL: SHOW COLUMNS FROM `xfz_user` [ RunTime:0.0026s ]
SQL: SELECT * FROM `xfz_user` WHERE ( openid = "ovZ4O0X2Dn2mFAPvSBZ-VmUflykI" ) LIMIT 1   [ RunTime:0.0003s ]
SQL: SHOW COLUMNS FROM `xfz_group` [ RunTime:0.0035s ]
NOTIC: 建议使用E方法替代throw_exception

[ 2017-10-25T20:38:39+08:00 ] 192.168.2.237 /xiaofenzu/index.php?m=sapp&c=login&a=checkSession
INFO: [ app_init ] --START--
INFO: Run Behavior\BuildLiteBehavior [ RunTime:0.000012s ]
INFO: [ app_init ] --END-- [ RunTime:0.000285s ]
INFO: [ app_begin ] --START--
INFO: Run Behavior\ReadHtmlCacheBehavior [ RunTime:0.000398s ]
INFO: [ app_begin ] --END-- [ RunTime:0.000429s ]
SQL: SHOW COLUMNS FROM `xfz_session` [ RunTime:0.0011s ]
SQL: SELECT * FROM `xfz_session` WHERE ( session3key = '8VFEP6taCGnrulQW' ) LIMIT 1   [ RunTime:0.0007s ]

[ 2017-10-25T20:38:39+08:00 ] 192.168.2.237 /xiaofenzu/index.php?m=sapp&c=group&a=findGroup
INFO: [ app_init ] --START--
INFO: Run Behavior\BuildLiteBehavior [ RunTime:0.000008s ]
INFO: [ app_init ] --END-- [ RunTime:0.000183s ]
INFO: [ app_begin ] --START--
INFO: Run Behavior\ReadHtmlCacheBehavior [ RunTime:0.000223s ]
INFO: [ app_begin ] --END-- [ RunTime:0.000247s ]
SQL: SHOW COLUMNS FROM `xfz_session` [ RunTime:0.0007s ]
SQL: SELECT * FROM `xfz_session` WHERE ( session3key = '8VFEP6taCGnrulQW' ) LIMIT 1   [ RunTime:0.0004s ]
SQL: SHOW COLUMNS FROM `xfz_user` [ RunTime:0.0006s ]
SQL: SELECT * FROM `xfz_user` WHERE ( openid = "ovZ4O0X2Dn2mFAPvSBZ-VmUflykI" ) LIMIT 1   [ RunTime:0.0004s ]
SQL: SHOW COLUMNS FROM `xfz_group` [ RunTime:0.0009s ]
NOTIC: 建议使用E方法替代throw_exception

[ 2017-10-25T20:43:14+08:00 ] 192.168.2.237 /xiaofenzu/index.php?m=sapp&c=login&a=checkSession
INFO: [ app_init ] --START--
INFO: Run Behavior\BuildLiteBehavior [ RunTime:0.000014s ]
INFO: [ app_init ] --END-- [ RunTime:0.000327s ]
INFO: [ app_begin ] --START--
INFO: Run Behavior\ReadHtmlCacheBehavior [ RunTime:0.000394s ]
INFO: [ app_begin ] --END-- [ RunTime:0.000439s ]
SQL: SHOW COLUMNS FROM `xfz_session` [ RunTime:0.0005s ]
SQL: SELECT * FROM `xfz_session` WHERE ( session3key = '8VFEP6taCGnrulQW' ) LIMIT 1   [ RunTime:0.0003s ]

[ 2017-10-25T20:43:14+08:00 ] 192.168.2.237 /xiaofenzu/index.php?m=sapp&c=group&a=findGroup
INFO: [ app_init ] --START--
INFO: Run Behavior\BuildLiteBehavior [ RunTime:0.000011s ]
INFO: [ app_init ] --END-- [ RunTime:0.000343s ]
INFO: [ app_begin ] --START--
INFO: Run Behavior\ReadHtmlCacheBehavior [ RunTime:0.000265s ]
INFO: [ app_begin ] --END-- [ RunTime:0.000300s ]
SQL: SHOW COLUMNS FROM `xfz_session` [ RunTime:0.0008s ]
SQL: SELECT * FROM `xfz_session` WHERE ( session3key = '8VFEP6taCGnrulQW' ) LIMIT 1   [ RunTime:0.0011s ]
SQL: SHOW COLUMNS FROM `xfz_user` [ RunTime:0.0014s ]
SQL: SELECT * FROM `xfz_user` WHERE ( openid = "ovZ4O0X2Dn2mFAPvSBZ-VmUflykI" ) LIMIT 1   [ RunTime:0.0004s ]
SQL: SHOW COLUMNS FROM `xfz_group` [ RunTime:0.0005s ]
NOTIC: 建议使用E方法替代throw_exception

[ 2017-10-25T21:41:51+08:00 ] 192.168.2.237 /xiaofenzu/index.php?m=sapp&c=login&a=checkSession
INFO: [ app_init ] --START--
INFO: Run Behavior\BuildLiteBehavior [ RunTime:0.000013s ]
INFO: [ app_init ] --END-- [ RunTime:0.000336s ]
INFO: [ app_begin ] --START--
INFO: Run Behavior\ReadHtmlCacheBehavior [ RunTime:0.000395s ]
INFO: [ app_begin ] --END-- [ RunTime:0.000442s ]
SQL: SHOW COLUMNS FROM `xfz_session` [ RunTime:0.0007s ]
SQL: SELECT * FROM `xfz_session` WHERE ( session3key = '8VFEP6taCGnrulQW' ) LIMIT 1   [ RunTime:0.0002s ]

[ 2017-10-25T21:41:51+08:00 ] 192.168.2.237 /xiaofenzu/index.php?m=sapp&c=group&a=findGroup
INFO: [ app_init ] --START--
INFO: Run Behavior\BuildLiteBehavior [ RunTime:0.000016s ]
INFO: [ app_init ] --END-- [ RunTime:0.000372s ]
INFO: [ app_begin ] --START--
INFO: Run Behavior\ReadHtmlCacheBehavior [ RunTime:0.000502s ]
INFO: [ app_begin ] --END-- [ RunTime:0.000645s ]
SQL: SHOW COLUMNS FROM `xfz_session` [ RunTime:0.0008s ]
SQL: SELECT * FROM `xfz_session` WHERE ( session3key = '8VFEP6taCGnrulQW' ) LIMIT 1   [ RunTime:0.0005s ]
SQL: SHOW COLUMNS FROM `xfz_user` [ RunTime:0.0005s ]
SQL: SELECT * FROM `xfz_user` WHERE ( openid = "ovZ4O0X2Dn2mFAPvSBZ-VmUflykI" ) LIMIT 1   [ RunTime:0.0003s ]
SQL: SHOW COLUMNS FROM `xfz_group` [ RunTime:0.0011s ]
NOTIC: 建议使用E方法替代throw_exception

[ 2017-10-25T21:51:53+08:00 ] 192.168.2.237 /xiaofenzu/index.php?m=sapp&c=login&a=checkSession
INFO: [ app_init ] --START--
INFO: Run Behavior\BuildLiteBehavior [ RunTime:0.000013s ]
INFO: [ app_init ] --END-- [ RunTime:0.000322s ]
INFO: [ app_begin ] --START--
INFO: Run Behavior\ReadHtmlCacheBehavior [ RunTime:0.000601s ]
INFO: [ app_begin ] --END-- [ RunTime:0.000680s ]
SQL: SHOW COLUMNS FROM `xfz_session` [ RunTime:0.0008s ]
SQL: SELECT * FROM `xfz_session` WHERE ( session3key = '8VFEP6taCGnrulQW' ) LIMIT 1   [ RunTime:0.0003s ]

[ 2017-10-25T21:51:53+08:00 ] 192.168.2.237 /xiaofenzu/index.php?m=sapp&c=group&a=findGroup
INFO: [ app_init ] --START--
INFO: Run Behavior\BuildLiteBehavior [ RunTime:0.000022s ]
INFO: [ app_init ] --END-- [ RunTime:0.000529s ]
INFO: [ app_begin ] --START--
INFO: Run Behavior\ReadHtmlCacheBehavior [ RunTime:0.000637s ]
INFO: [ app_begin ] --END-- [ RunTime:0.000704s ]
SQL: SHOW COLUMNS FROM `xfz_session` [ RunTime:0.0006s ]
SQL: SELECT * FROM `xfz_session` WHERE ( session3key = '8VFEP6taCGnrulQW' ) LIMIT 1   [ RunTime:0.0003s ]
SQL: SHOW COLUMNS FROM `xfz_user` [ RunTime:0.0007s ]
SQL: SELECT * FROM `xfz_user` WHERE ( openid = "ovZ4O0X2Dn2mFAPvSBZ-VmUflykI" ) LIMIT 1   [ RunTime:0.0004s ]
SQL: SHOW COLUMNS FROM `xfz_group` [ RunTime:0.0008s ]
NOTIC: 建议使用E方法替代throw_exception

[ 2017-10-25T22:02:17+08:00 ] 192.168.2.237 /xiaofenzu/index.php?m=sapp&c=login&a=checkSession
INFO: [ app_init ] --START--
INFO: Run Behavior\BuildLiteBehavior [ RunTime:0.000015s ]
INFO: [ app_init ] --END-- [ RunTime:0.000542s ]
INFO: [ app_begin ] --START--
INFO: Run Behavior\ReadHtmlCacheBehavior [ RunTime:0.000486s ]
INFO: [ app_begin ] --END-- [ RunTime:0.000543s ]
SQL: SHOW COLUMNS FROM `xfz_session` [ RunTime:0.0012s ]
SQL: SELECT * FROM `xfz_session` WHERE ( session3key = '8VFEP6taCGnrulQW' ) LIMIT 1   [ RunTime:0.0003s ]

[ 2017-10-25T22:02:17+08:00 ] 192.168.2.237 /xiaofenzu/index.php?m=sapp&c=group&a=findUserGroup
INFO: [ app_init ] --START--
INFO: Run Behavior\BuildLiteBehavior [ RunTime:0.000013s ]
INFO: [ app_init ] --END-- [ RunTime:0.000267s ]
INFO: [ app_begin ] --START--
INFO: Run Behavior\ReadHtmlCacheBehavior [ RunTime:0.000393s ]
INFO: [ app_begin ] --END-- [ RunTime:0.000430s ]
SQL: SHOW COLUMNS FROM `xfz_session` [ RunTime:0.0008s ]
SQL: SELECT * FROM `xfz_session` WHERE ( session3key = '8VFEP6taCGnrulQW' ) LIMIT 1   [ RunTime:0.0003s ]
SQL: SHOW COLUMNS FROM `xfz_user` [ RunTime:0.0007s ]
SQL: SELECT * FROM `xfz_user` WHERE ( openid = "ovZ4O0X2Dn2mFAPvSBZ-VmUflykI" ) LIMIT 1   [ RunTime:0.0004s ]
SQL: SHOW COLUMNS FROM `xfz_group` [ RunTime:0.0006s ]
SQL: SELECT * FROM `xfz_group` WHERE ( user_id = 1 )  [ RunTime:0.0010s ]
SQL: SHOW COLUMNS FROM `xfz_style` [ RunTime:0.0006s ]
SQL: SELECT * FROM `xfz_style` WHERE ( style_id = 1 ) LIMIT 1   [ RunTime:0.0011s ]
SQL: SELECT * FROM `xfz_style` WHERE ( style_id = 1 ) LIMIT 1   [ RunTime:0.0003s ]
SQL: SELECT * FROM `xfz_style` WHERE ( style_id = 1 ) LIMIT 1   [ RunTime:0.0002s ]
SQL: SELECT * FROM `xfz_style` WHERE ( style_id = 1 ) LIMIT 1   [ RunTime:0.0003s ]
SQL: SELECT * FROM `xfz_style` WHERE ( style_id = 1 ) LIMIT 1   [ RunTime:0.0002s ]
SQL: SELECT * FROM `xfz_style` WHERE ( style_id = 1 ) LIMIT 1   [ RunTime:0.0002s ]
SQL: SELECT * FROM `xfz_style` WHERE ( style_id = 1 ) LIMIT 1   [ RunTime:0.0002s ]
SQL: SELECT * FROM `xfz_style` WHERE ( style_id = 1 ) LIMIT 1   [ RunTime:0.0003s ]
SQL: SELECT * FROM `xfz_style` WHERE ( style_id = 1 ) LIMIT 1   [ RunTime:0.0002s ]
SQL: SELECT * FROM `xfz_style` WHERE ( style_id = 1 ) LIMIT 1   [ RunTime:0.0002s ]
SQL: SELECT * FROM `xfz_style` WHERE ( style_id = 2 ) LIMIT 1   [ RunTime:0.0002s ]
SQL: SELECT * FROM `xfz_style` WHERE ( style_id = 1 ) LIMIT 1   [ RunTime:0.0002s ]
SQL: SELECT * FROM `xfz_style` WHERE ( style_id = 0 ) LIMIT 1   [ RunTime:0.0002s ]
SQL: SELECT * FROM `xfz_style` WHERE ( style_id = 0 ) LIMIT 1   [ RunTime:0.0001s ]
SQL: SELECT * FROM `xfz_style` WHERE ( style_id = 0 ) LIMIT 1   [ RunTime:0.0001s ]
SQL: SELECT * FROM `xfz_style` WHERE ( style_id = 0 ) LIMIT 1   [ RunTime:0.0001s ]
SQL: SELECT * FROM `xfz_style` WHERE ( style_id = 0 ) LIMIT 1   [ RunTime:0.0002s ]
SQL: SELECT * FROM `xfz_style` WHERE ( style_id = 0 ) LIMIT 1   [ RunTime:0.0001s ]
SQL: SELECT * FROM `xfz_style` WHERE ( style_id = 0 ) LIMIT 1   [ RunTime:0.0001s ]
SQL: SELECT * FROM `xfz_style` WHERE ( style_id = 0 ) LIMIT 1   [ RunTime:0.0001s ]
SQL: SELECT * FROM `xfz_style` WHERE ( style_id = 0 ) LIMIT 1   [ RunTime:0.0001s ]

[ 2017-10-25T22:02:29+08:00 ] 192.168.2.237 /xiaofenzu/index.php?m=sapp&c=login&a=checkSession
INFO: [ app_init ] --START--
INFO: Run Behavior\BuildLiteBehavior [ RunTime:0.000029s ]
INFO: [ app_init ] --END-- [ RunTime:0.000611s ]
INFO: [ app_begin ] --START--
INFO: Run Behavior\ReadHtmlCacheBehavior [ RunTime:0.000475s ]
INFO: [ app_begin ] --END-- [ RunTime:0.000552s ]
SQL: SHOW COLUMNS FROM `xfz_session` [ RunTime:0.0012s ]
SQL: SELECT * FROM `xfz_session` WHERE ( session3key = '8VFEP6taCGnrulQW' ) LIMIT 1   [ RunTime:0.0002s ]

[ 2017-10-25T22:02:29+08:00 ] 192.168.2.237 /xiaofenzu/index.php?m=sapp&c=group&a=findGroup
INFO: [ app_init ] --START--
INFO: Run Behavior\BuildLiteBehavior [ RunTime:0.000010s ]
INFO: [ app_init ] --END-- [ RunTime:0.000550s ]
INFO: [ app_begin ] --START--
INFO: Run Behavior\ReadHtmlCacheBehavior [ RunTime:0.000714s ]
INFO: [ app_begin ] --END-- [ RunTime:0.000793s ]
SQL: SHOW COLUMNS FROM `xfz_session` [ RunTime:0.0008s ]
SQL: SELECT * FROM `xfz_session` WHERE ( session3key = '8VFEP6taCGnrulQW' ) LIMIT 1   [ RunTime:0.0005s ]
SQL: SHOW COLUMNS FROM `xfz_user` [ RunTime:0.0007s ]
SQL: SELECT * FROM `xfz_user` WHERE ( openid = "ovZ4O0X2Dn2mFAPvSBZ-VmUflykI" ) LIMIT 1   [ RunTime:0.0003s ]
SQL: SHOW COLUMNS FROM `xfz_group` [ RunTime:0.0005s ]
NOTIC: 建议使用E方法替代throw_exception

[ 2017-10-25T22:10:56+08:00 ] 192.168.2.237 /xiaofenzu/index.php?m=sapp&c=login&a=checkSession
INFO: [ app_init ] --START--
INFO: Run Behavior\BuildLiteBehavior [ RunTime:0.000009s ]
INFO: [ app_init ] --END-- [ RunTime:0.000200s ]
INFO: [ app_begin ] --START--
INFO: Run Behavior\ReadHtmlCacheBehavior [ RunTime:0.000301s ]
INFO: [ app_begin ] --END-- [ RunTime:0.000338s ]
SQL: SHOW COLUMNS FROM `xfz_session` [ RunTime:0.0005s ]
SQL: SELECT * FROM `xfz_session` WHERE ( session3key = '8VFEP6taCGnrulQW' ) LIMIT 1   [ RunTime:0.0003s ]

[ 2017-10-25T22:10:56+08:00 ] 192.168.2.237 /xiaofenzu/index.php?m=sapp&c=group&a=findGroup
INFO: [ app_init ] --START--
INFO: Run Behavior\BuildLiteBehavior [ RunTime:0.000027s ]
INFO: [ app_init ] --END-- [ RunTime:0.000542s ]
INFO: [ app_begin ] --START--
INFO: Run Behavior\ReadHtmlCacheBehavior [ RunTime:0.000456s ]
INFO: [ app_begin ] --END-- [ RunTime:0.000515s ]
SQL: SHOW COLUMNS FROM `xfz_session` [ RunTime:0.0004s ]
SQL: SELECT * FROM `xfz_session` WHERE ( session3key = '8VFEP6taCGnrulQW' ) LIMIT 1   [ RunTime:0.0003s ]
SQL: SHOW COLUMNS FROM `xfz_user` [ RunTime:0.0005s ]
SQL: SELECT * FROM `xfz_user` WHERE ( openid = "ovZ4O0X2Dn2mFAPvSBZ-VmUflykI" ) LIMIT 1   [ RunTime:0.0003s ]
SQL: SHOW COLUMNS FROM `xfz_group` [ RunTime:0.0005s ]
NOTIC: 建议使用E方法替代throw_exception

[ 2017-10-25T22:13:38+08:00 ] 192.168.2.237 /xiaofenzu/index.php?m=sapp&c=login&a=checkSession
INFO: [ app_init ] --START--
INFO: Run Behavior\BuildLiteBehavior [ RunTime:0.000072s ]
INFO: [ app_init ] --END-- [ RunTime:0.000462s ]
INFO: [ app_begin ] --START--
INFO: Run Behavior\ReadHtmlCacheBehavior [ RunTime:0.000739s ]
INFO: [ app_begin ] --END-- [ RunTime:0.000859s ]
SQL: SHOW COLUMNS FROM `xfz_session` [ RunTime:0.0005s ]
SQL: SELECT * FROM `xfz_session` WHERE ( session3key = '8VFEP6taCGnrulQW' ) LIMIT 1   [ RunTime:0.0002s ]

[ 2017-10-25T22:13:38+08:00 ] 192.168.2.237 /xiaofenzu/index.php?m=sapp&c=group&a=findUserGroup
INFO: [ app_init ] --START--
INFO: Run Behavior\BuildLiteBehavior [ RunTime:0.000008s ]
INFO: [ app_init ] --END-- [ RunTime:0.000187s ]
INFO: [ app_begin ] --START--
INFO: Run Behavior\ReadHtmlCacheBehavior [ RunTime:0.000225s ]
INFO: [ app_begin ] --END-- [ RunTime:0.000253s ]
SQL: SHOW COLUMNS FROM `xfz_session` [ RunTime:0.0004s ]
SQL: SELECT * FROM `xfz_session` WHERE ( session3key = '8VFEP6taCGnrulQW' ) LIMIT 1   [ RunTime:0.0008s ]
SQL: SHOW COLUMNS FROM `xfz_user` [ RunTime:0.0004s ]
SQL: SELECT * FROM `xfz_user` WHERE ( openid = "ovZ4O0X2Dn2mFAPvSBZ-VmUflykI" ) LIMIT 1   [ RunTime:0.0002s ]
SQL: SHOW COLUMNS FROM `xfz_group` [ RunTime:0.0003s ]
SQL: SELECT * FROM `xfz_group` WHERE ( user_id = 1 )  [ RunTime:0.0002s ]
SQL: SHOW COLUMNS FROM `xfz_style` [ RunTime:0.0003s ]
SQL: SELECT * FROM `xfz_style` WHERE ( style_id = 1 ) LIMIT 1   [ RunTime:0.0002s ]
SQL: SELECT * FROM `xfz_style` WHERE ( style_id = 1 ) LIMIT 1   [ RunTime:0.0001s ]
SQL: SELECT * FROM `xfz_style` WHERE ( style_id = 1 ) LIMIT 1   [ RunTime:0.0002s ]
SQL: SELECT * FROM `xfz_style` WHERE ( style_id = 1 ) LIMIT 1   [ RunTime:0.0001s ]
SQL: SELECT * FROM `xfz_style` WHERE ( style_id = 1 ) LIMIT 1   [ RunTime:0.0002s ]
SQL: SELECT * FROM `xfz_style` WHERE ( style_id = 1 ) LIMIT 1   [ RunTime:0.0003s ]
SQL: SELECT * FROM `xfz_style` WHERE ( style_id = 1 ) LIMIT 1   [ RunTime:0.0002s ]
SQL: SELECT * FROM `xfz_style` WHERE ( style_id = 1 ) LIMIT 1   [ RunTime:0.0001s ]
SQL: SELECT * FROM `xfz_style` WHERE ( style_id = 1 ) LIMIT 1   [ RunTime:0.0002s ]
SQL: SELECT * FROM `xfz_style` WHERE ( style_id = 1 ) LIMIT 1   [ RunTime:0.0002s ]
SQL: SELECT * FROM `xfz_style` WHERE ( style_id = 2 ) LIMIT 1   [ RunTime:0.0002s ]
SQL: SELECT * FROM `xfz_style` WHERE ( style_id = 1 ) LIMIT 1   [ RunTime:0.0002s ]
SQL: SELECT * FROM `xfz_style` WHERE ( style_id = 0 ) LIMIT 1   [ RunTime:0.0002s ]
SQL: SELECT * FROM `xfz_style` WHERE ( style_id = 0 ) LIMIT 1   [ RunTime:0.0002s ]
SQL: SELECT * FROM `xfz_style` WHERE ( style_id = 0 ) LIMIT 1   [ RunTime:0.0002s ]
SQL: SELECT * FROM `xfz_style` WHERE ( style_id = 0 ) LIMIT 1   [ RunTime:0.0002s ]
SQL: SELECT * FROM `xfz_style` WHERE ( style_id = 0 ) LIMIT 1   [ RunTime:0.0001s ]
SQL: SELECT * FROM `xfz_style` WHERE ( style_id = 0 ) LIMIT 1   [ RunTime:0.0002s ]
SQL: SELECT * FROM `xfz_style` WHERE ( style_id = 0 ) LIMIT 1   [ RunTime:0.0002s ]
SQL: SELECT * FROM `xfz_style` WHERE ( style_id = 0 ) LIMIT 1   [ RunTime:0.0002s ]
SQL: SELECT * FROM `xfz_style` WHERE ( style_id = 0 ) LIMIT 1   [ RunTime:0.0001s ]

[ 2017-10-25T22:14:12+08:00 ] 192.168.2.183 /xiaofenzu/index.php?m=sapp&c=group&a=findUserGroup
INFO: [ app_init ] --START--
INFO: Run Behavior\BuildLiteBehavior [ RunTime:0.000009s ]
INFO: [ app_init ] --END-- [ RunTime:0.000217s ]
INFO: [ app_begin ] --START--
INFO: Run Behavior\ReadHtmlCacheBehavior [ RunTime:0.000270s ]
INFO: [ app_begin ] --END-- [ RunTime:0.000303s ]
SQL: SHOW COLUMNS FROM `xfz_session` [ RunTime:0.0004s ]
NOTIC: 建议使用E方法替代throw_exception

[ 2017-10-25T22:14:13+08:00 ] 192.168.2.183 /xiaofenzu/index.php?m=sapp&c=login&a=wxlogin
INFO: [ app_init ] --START--
INFO: Run Behavior\BuildLiteBehavior [ RunTime:0.000009s ]
INFO: [ app_init ] --END-- [ RunTime:0.000218s ]
INFO: [ app_begin ] --START--
INFO: Run Behavior\ReadHtmlCacheBehavior [ RunTime:0.000268s ]
INFO: [ app_begin ] --END-- [ RunTime:0.000302s ]
SQL: SHOW COLUMNS FROM `xfz_session` [ RunTime:0.0004s ]
SQL: SELECT * FROM `xfz_session` WHERE ( openid = 'ovZ4O0QiXjBWoYbrw7hLaUP7HqkU' ) LIMIT 1   [ RunTime:0.0002s ]
NOTIC: [8] Undefined index: unionid /Work/wwwroot/xiaofenzu/Application/Sapp/Controller/LoginController.class.php 第 72 行.
SQL: INSERT INTO `xfz_session` (`session3key`,`openid`,`session_key`,`unionid`,`create_time`) VALUES ('RihStqzKG9h70Huj','ovZ4O0QiXjBWoYbrw7hLaUP7HqkU','T5CQ6rCx/WXBe4Pa/ngsdA==',NULL,'1508940853') [ RunTime:0.0054s ]
SQL: SHOW COLUMNS FROM `xfz_user` [ RunTime:0.0005s ]
SQL: SELECT * FROM `xfz_user` WHERE ( openid = "ovZ4O0QiXjBWoYbrw7hLaUP7HqkU" ) LIMIT 1   [ RunTime:0.0002s ]
SQL: INSERT INTO `xfz_user` (`openid`) VALUES ('ovZ4O0QiXjBWoYbrw7hLaUP7HqkU') [ RunTime:0.0003s ]

[ 2017-10-25T22:14:35+08:00 ] 192.168.2.183 /xiaofenzu/index.php?m=sapp&c=style&a=getAllStyle
INFO: [ app_init ] --START--
INFO: Run Behavior\BuildLiteBehavior [ RunTime:0.000009s ]
INFO: [ app_init ] --END-- [ RunTime:0.000221s ]
INFO: [ app_begin ] --START--
INFO: Run Behavior\ReadHtmlCacheBehavior [ RunTime:0.000279s ]
INFO: [ app_begin ] --END-- [ RunTime:0.000352s ]
SQL: SHOW COLUMNS FROM `xfz_style` [ RunTime:0.0004s ]
SQL: SELECT * FROM `xfz_style`  [ RunTime:0.0002s ]

[ 2017-10-25T22:14:55+08:00 ] 192.168.2.183 /xiaofenzu/index.php?m=sapp&c=group&a=createGroup
INFO: [ app_init ] --START--
INFO: Run Behavior\BuildLiteBehavior [ RunTime:0.000009s ]
INFO: [ app_init ] --END-- [ RunTime:0.000224s ]
INFO: [ app_begin ] --START--
INFO: Run Behavior\ReadHtmlCacheBehavior [ RunTime:0.000274s ]
INFO: [ app_begin ] --END-- [ RunTime:0.000308s ]
SQL: SHOW COLUMNS FROM `xfz_session` [ RunTime:0.0004s ]
SQL: SELECT * FROM `xfz_session` WHERE ( session3key = 'RihStqzKG9h70Huj' ) LIMIT 1   [ RunTime:0.0002s ]
SQL: SHOW COLUMNS FROM `xfz_user` [ RunTime:0.0003s ]
SQL: SELECT * FROM `xfz_user` WHERE ( openid = "ovZ4O0QiXjBWoYbrw7hLaUP7HqkU" ) LIMIT 1   [ RunTime:0.0002s ]
SQL: SHOW COLUMNS FROM `xfz_group` [ RunTime:0.0004s ]
SQL: INSERT INTO `xfz_group` (`name`,`number`,`leader`,`sex`,`style_id`,`user_id`,`create_time`,`update_time`) VALUES ('李老陆','5','1','0','0','3','1508940895','1508940895') [ RunTime:0.0032s ]

[ 2017-10-25T22:14:55+08:00 ] 192.168.2.183 /xiaofenzu/index.php?m=sapp&c=group&a=findGroup
INFO: [ app_init ] --START--
INFO: Run Behavior\BuildLiteBehavior [ RunTime:0.000009s ]
INFO: [ app_init ] --END-- [ RunTime:0.000222s ]
INFO: [ app_begin ] --START--
INFO: Run Behavior\ReadHtmlCacheBehavior [ RunTime:0.000273s ]
INFO: [ app_begin ] --END-- [ RunTime:0.000306s ]
SQL: SHOW COLUMNS FROM `xfz_session` [ RunTime:0.0004s ]
SQL: SELECT * FROM `xfz_session` WHERE ( session3key = 'RihStqzKG9h70Huj' ) LIMIT 1   [ RunTime:0.0002s ]
SQL: SHOW COLUMNS FROM `xfz_user` [ RunTime:0.0003s ]
SQL: SELECT * FROM `xfz_user` WHERE ( openid = "ovZ4O0QiXjBWoYbrw7hLaUP7HqkU" ) LIMIT 1   [ RunTime:0.0001s ]
SQL: SHOW COLUMNS FROM `xfz_group` [ RunTime:0.0003s ]
SQL: SELECT * FROM `xfz_group` WHERE ( group_id = 23 ) LIMIT 1   [ RunTime:0.0002s ]
SQL: SHOW COLUMNS FROM `xfz_style` [ RunTime:0.0002s ]
SQL: SELECT * FROM `xfz_style` WHERE ( style_id = 0 ) LIMIT 1   [ RunTime:0.0001s ]

[ 2017-10-25T22:15:18+08:00 ] 192.168.2.183 /xiaofenzu/index.php?m=sapp&c=group&a=findGroup
INFO: [ app_init ] --START--
INFO: Run Behavior\BuildLiteBehavior [ RunTime:0.000009s ]
INFO: [ app_init ] --END-- [ RunTime:0.000222s ]
INFO: [ app_begin ] --START--
INFO: Run Behavior\ReadHtmlCacheBehavior [ RunTime:0.000273s ]
INFO: [ app_begin ] --END-- [ RunTime:0.000306s ]
SQL: SHOW COLUMNS FROM `xfz_session` [ RunTime:0.0004s ]
SQL: SELECT * FROM `xfz_session` WHERE ( session3key = 'RihStqzKG9h70Huj' ) LIMIT 1   [ RunTime:0.0002s ]
SQL: SHOW COLUMNS FROM `xfz_user` [ RunTime:0.0003s ]
SQL: SELECT * FROM `xfz_user` WHERE ( openid = "ovZ4O0QiXjBWoYbrw7hLaUP7HqkU" ) LIMIT 1   [ RunTime:0.0001s ]
SQL: SHOW COLUMNS FROM `xfz_group` [ RunTime:0.0003s ]
NOTIC: 建议使用E方法替代throw_exception

[ 2017-10-25T22:15:25+08:00 ] 192.168.2.183 /xiaofenzu/index.php?m=sapp&c=group&a=findGroup
INFO: [ app_init ] --START--
INFO: Run Behavior\BuildLiteBehavior [ RunTime:0.000010s ]
INFO: [ app_init ] --END-- [ RunTime:0.000222s ]
INFO: [ app_begin ] --START--
INFO: Run Behavior\ReadHtmlCacheBehavior [ RunTime:0.000271s ]
INFO: [ app_begin ] --END-- [ RunTime:0.000304s ]
SQL: SHOW COLUMNS FROM `xfz_session` [ RunTime:0.0004s ]
SQL: SELECT * FROM `xfz_session` WHERE ( session3key = 'RihStqzKG9h70Huj' ) LIMIT 1   [ RunTime:0.0002s ]
SQL: SHOW COLUMNS FROM `xfz_user` [ RunTime:0.0003s ]
SQL: SELECT * FROM `xfz_user` WHERE ( openid = "ovZ4O0QiXjBWoYbrw7hLaUP7HqkU" ) LIMIT 1   [ RunTime:0.0002s ]
SQL: SHOW COLUMNS FROM `xfz_group` [ RunTime:0.0003s ]
NOTIC: 建议使用E方法替代throw_exception

[ 2017-10-25T22:15:32+08:00 ] 192.168.2.183 /xiaofenzu/index.php?m=sapp&c=group&a=findGroup
INFO: [ app_init ] --START--
INFO: Run Behavior\BuildLiteBehavior [ RunTime:0.000009s ]
INFO: [ app_init ] --END-- [ RunTime:0.000217s ]
INFO: [ app_begin ] --START--
INFO: Run Behavior\ReadHtmlCacheBehavior [ RunTime:0.000270s ]
INFO: [ app_begin ] --END-- [ RunTime:0.000304s ]
SQL: SHOW COLUMNS FROM `xfz_session` [ RunTime:0.0004s ]
SQL: SELECT * FROM `xfz_session` WHERE ( session3key = 'RihStqzKG9h70Huj' ) LIMIT 1   [ RunTime:0.0002s ]
SQL: SHOW COLUMNS FROM `xfz_user` [ RunTime:0.0003s ]
SQL: SELECT * FROM `xfz_user` WHERE ( openid = "ovZ4O0QiXjBWoYbrw7hLaUP7HqkU" ) LIMIT 1   [ RunTime:0.0001s ]
SQL: SHOW COLUMNS FROM `xfz_group` [ RunTime:0.0003s ]
NOTIC: 建议使用E方法替代throw_exception

[ 2017-10-25T22:15:52+08:00 ] 192.168.2.183 /xiaofenzu/index.php?m=sapp&c=group&a=findGroup
INFO: [ app_init ] --START--
INFO: Run Behavior\BuildLiteBehavior [ RunTime:0.000009s ]
INFO: [ app_init ] --END-- [ RunTime:0.000223s ]
INFO: [ app_begin ] --START--
INFO: Run Behavior\ReadHtmlCacheBehavior [ RunTime:0.000271s ]
INFO: [ app_begin ] --END-- [ RunTime:0.000306s ]
SQL: SHOW COLUMNS FROM `xfz_session` [ RunTime:0.0004s ]
SQL: SELECT * FROM `xfz_session` WHERE ( session3key = 'RihStqzKG9h70Huj' ) LIMIT 1   [ RunTime:0.0002s ]
SQL: SHOW COLUMNS FROM `xfz_user` [ RunTime:0.0003s ]
SQL: SELECT * FROM `xfz_user` WHERE ( openid = "ovZ4O0QiXjBWoYbrw7hLaUP7HqkU" ) LIMIT 1   [ RunTime:0.0002s ]
SQL: SHOW COLUMNS FROM `xfz_group` [ RunTime:0.0003s ]
NOTIC: 建议使用E方法替代throw_exception

[ 2017-10-25T22:17:27+08:00 ] 192.168.2.237 /xiaofenzu/index.php?m=sapp&c=login&a=checkSession
INFO: [ app_init ] --START--
INFO: Run Behavior\BuildLiteBehavior [ RunTime:0.000010s ]
INFO: [ app_init ] --END-- [ RunTime:0.000237s ]
INFO: [ app_begin ] --START--
INFO: Run Behavior\ReadHtmlCacheBehavior [ RunTime:0.000251s ]
INFO: [ app_begin ] --END-- [ RunTime:0.000284s ]
SQL: SHOW COLUMNS FROM `xfz_session` [ RunTime:0.0004s ]
SQL: SELECT * FROM `xfz_session` WHERE ( session3key = '8VFEP6taCGnrulQW' ) LIMIT 1   [ RunTime:0.0002s ]

[ 2017-10-25T22:17:28+08:00 ] 192.168.2.237 /xiaofenzu/index.php?m=sapp&c=group&a=findUserGroup
INFO: [ app_init ] --START--
INFO: Run Behavior\BuildLiteBehavior [ RunTime:0.000008s ]
INFO: [ app_init ] --END-- [ RunTime:0.000183s ]
INFO: [ app_begin ] --START--
INFO: Run Behavior\ReadHtmlCacheBehavior [ RunTime:0.000302s ]
INFO: [ app_begin ] --END-- [ RunTime:0.000330s ]
SQL: SHOW COLUMNS FROM `xfz_session` [ RunTime:0.0003s ]
SQL: SELECT * FROM `xfz_session` WHERE ( session3key = '8VFEP6taCGnrulQW' ) LIMIT 1   [ RunTime:0.0002s ]
SQL: SHOW COLUMNS FROM `xfz_user` [ RunTime:0.0003s ]
SQL: SELECT * FROM `xfz_user` WHERE ( openid = "ovZ4O0X2Dn2mFAPvSBZ-VmUflykI" ) LIMIT 1   [ RunTime:0.0002s ]
SQL: SHOW COLUMNS FROM `xfz_group` [ RunTime:0.0003s ]
SQL: SELECT * FROM `xfz_group` WHERE ( user_id = 1 )  [ RunTime:0.0002s ]
SQL: SHOW COLUMNS FROM `xfz_style` [ RunTime:0.0002s ]
SQL: SELECT * FROM `xfz_style` WHERE ( style_id = 1 ) LIMIT 1   [ RunTime:0.0002s ]
SQL: SELECT * FROM `xfz_style` WHERE ( style_id = 1 ) LIMIT 1   [ RunTime:0.0001s ]
SQL: SELECT * FROM `xfz_style` WHERE ( style_id = 1 ) LIMIT 1   [ RunTime:0.0001s ]
SQL: SELECT * FROM `xfz_style` WHERE ( style_id = 1 ) LIMIT 1   [ RunTime:0.0001s ]
SQL: SELECT * FROM `xfz_style` WHERE ( style_id = 1 ) LIMIT 1   [ RunTime:0.0001s ]
SQL: SELECT * FROM `xfz_style` WHERE ( style_id = 1 ) LIMIT 1   [ RunTime:0.0001s ]
SQL: SELECT * FROM `xfz_style` WHERE ( style_id = 1 ) LIMIT 1   [ RunTime:0.0001s ]
SQL: SELECT * FROM `xfz_style` WHERE ( style_id = 1 ) LIMIT 1   [ RunTime:0.0001s ]
SQL: SELECT * FROM `xfz_style` WHERE ( style_id = 1 ) LIMIT 1   [ RunTime:0.0001s ]
SQL: SELECT * FROM `xfz_style` WHERE ( style_id = 1 ) LIMIT 1   [ RunTime:0.0001s ]
SQL: SELECT * FROM `xfz_style` WHERE ( style_id = 2 ) LIMIT 1   [ RunTime:0.0001s ]
SQL: SELECT * FROM `xfz_style` WHERE ( style_id = 1 ) LIMIT 1   [ RunTime:0.0001s ]
SQL: SELECT * FROM `xfz_style` WHERE ( style_id = 0 ) LIMIT 1   [ RunTime:0.0001s ]
SQL: SELECT * FROM `xfz_style` WHERE ( style_id = 0 ) LIMIT 1   [ RunTime:0.0001s ]
SQL: SELECT * FROM `xfz_style` WHERE ( style_id = 0 ) LIMIT 1   [ RunTime:0.0001s ]
SQL: SELECT * FROM `xfz_style` WHERE ( style_id = 0 ) LIMIT 1   [ RunTime:0.0001s ]
SQL: SELECT * FROM `xfz_style` WHERE ( style_id = 0 ) LIMIT 1   [ RunTime:0.0001s ]
SQL: SELECT * FROM `xfz_style` WHERE ( style_id = 0 ) LIMIT 1   [ RunTime:0.0002s ]
SQL: SELECT * FROM `xfz_style` WHERE ( style_id = 0 ) LIMIT 1   [ RunTime:0.0001s ]
SQL: SELECT * FROM `xfz_style` WHERE ( style_id = 0 ) LIMIT 1   [ RunTime:0.0001s ]
SQL: SELECT * FROM `xfz_style` WHERE ( style_id = 0 ) LIMIT 1   [ RunTime:0.0001s ]

[ 2017-10-25T22:17:53+08:00 ] 192.168.2.237 /xiaofenzu/index.php?m=sapp&c=login&a=checkSession
INFO: [ app_init ] --START--
INFO: Run Behavior\BuildLiteBehavior [ RunTime:0.000011s ]
INFO: [ app_init ] --END-- [ RunTime:0.000224s ]
INFO: [ app_begin ] --START--
INFO: Run Behavior\ReadHtmlCacheBehavior [ RunTime:0.000582s ]
INFO: [ app_begin ] --END-- [ RunTime:0.000640s ]
SQL: SHOW COLUMNS FROM `xfz_session` [ RunTime:0.0004s ]
SQL: SELECT * FROM `xfz_session` WHERE ( session3key = '8VFEP6taCGnrulQW' ) LIMIT 1   [ RunTime:0.0002s ]

[ 2017-10-25T22:17:54+08:00 ] 192.168.2.237 /xiaofenzu/index.php?m=sapp&c=group&a=findUserGroup
INFO: [ app_init ] --START--
INFO: Run Behavior\BuildLiteBehavior [ RunTime:0.000010s ]
INFO: [ app_init ] --END-- [ RunTime:0.000208s ]
INFO: [ app_begin ] --START--
INFO: Run Behavior\ReadHtmlCacheBehavior [ RunTime:0.000285s ]
INFO: [ app_begin ] --END-- [ RunTime:0.000324s ]
SQL: SHOW COLUMNS FROM `xfz_session` [ RunTime:0.0004s ]
SQL: SELECT * FROM `xfz_session` WHERE ( session3key = '8VFEP6taCGnrulQW' ) LIMIT 1   [ RunTime:0.0002s ]
SQL: SHOW COLUMNS FROM `xfz_user` [ RunTime:0.0006s ]
SQL: SELECT * FROM `xfz_user` WHERE ( openid = "ovZ4O0X2Dn2mFAPvSBZ-VmUflykI" ) LIMIT 1   [ RunTime:0.0003s ]
SQL: SHOW COLUMNS FROM `xfz_group` [ RunTime:0.0005s ]
SQL: SELECT * FROM `xfz_group` WHERE ( user_id = 1 )  [ RunTime:0.0004s ]
SQL: SHOW COLUMNS FROM `xfz_style` [ RunTime:0.0004s ]
SQL: SELECT * FROM `xfz_style` WHERE ( style_id = 1 ) LIMIT 1   [ RunTime:0.0003s ]
SQL: SELECT * FROM `xfz_style` WHERE ( style_id = 1 ) LIMIT 1   [ RunTime:0.0002s ]
SQL: SELECT * FROM `xfz_style` WHERE ( style_id = 1 ) LIMIT 1   [ RunTime:0.0002s ]
SQL: SELECT * FROM `xfz_style` WHERE ( style_id = 1 ) LIMIT 1   [ RunTime:0.0001s ]
SQL: SELECT * FROM `xfz_style` WHERE ( style_id = 1 ) LIMIT 1   [ RunTime:0.0002s ]
SQL: SELECT * FROM `xfz_style` WHERE ( style_id = 1 ) LIMIT 1   [ RunTime:0.0001s ]
SQL: SELECT * FROM `xfz_style` WHERE ( style_id = 1 ) LIMIT 1   [ RunTime:0.0002s ]
SQL: SELECT * FROM `xfz_style` WHERE ( style_id = 1 ) LIMIT 1   [ RunTime:0.0002s ]
SQL: SELECT * FROM `xfz_style` WHERE ( style_id = 1 ) LIMIT 1   [ RunTime:0.0001s ]
SQL: SELECT * FROM `xfz_style` WHERE ( style_id = 1 ) LIMIT 1   [ RunTime:0.0001s ]
SQL: SELECT * FROM `xfz_style` WHERE ( style_id = 2 ) LIMIT 1   [ RunTime:0.0001s ]
SQL: SELECT * FROM `xfz_style` WHERE ( style_id = 1 ) LIMIT 1   [ RunTime:0.0001s ]
SQL: SELECT * FROM `xfz_style` WHERE ( style_id = 0 ) LIMIT 1   [ RunTime:0.0002s ]
SQL: SELECT * FROM `xfz_style` WHERE ( style_id = 0 ) LIMIT 1   [ RunTime:0.0001s ]
SQL: SELECT * FROM `xfz_style` WHERE ( style_id = 0 ) LIMIT 1   [ RunTime:0.0001s ]
SQL: SELECT * FROM `xfz_style` WHERE ( style_id = 0 ) LIMIT 1   [ RunTime:0.0001s ]
SQL: SELECT * FROM `xfz_style` WHERE ( style_id = 0 ) LIMIT 1   [ RunTime:0.0001s ]
SQL: SELECT * FROM `xfz_style` WHERE ( style_id = 0 ) LIMIT 1   [ RunTime:0.0001s ]
SQL: SELECT * FROM `xfz_style` WHERE ( style_id = 0 ) LIMIT 1   [ RunTime:0.0001s ]
SQL: SELECT * FROM `xfz_style` WHERE ( style_id = 0 ) LIMIT 1   [ RunTime:0.0001s ]
SQL: SELECT * FROM `xfz_style` WHERE ( style_id = 0 ) LIMIT 1   [ RunTime:0.0003s ]

[ 2017-10-25T22:18:00+08:00 ] 192.168.2.183 /xiaofenzu/index.php?m=sapp&c=group&a=findUserGroup
INFO: [ app_init ] --START--
INFO: Run Behavior\BuildLiteBehavior [ RunTime:0.000008s ]
INFO: [ app_init ] --END-- [ RunTime:0.000190s ]
INFO: [ app_begin ] --START--
INFO: Run Behavior\ReadHtmlCacheBehavior [ RunTime:0.000251s ]
INFO: [ app_begin ] --END-- [ RunTime:0.000307s ]
SQL: SHOW COLUMNS FROM `xfz_session` [ RunTime:0.0004s ]
SQL: SELECT * FROM `xfz_session` WHERE ( session3key = 'RihStqzKG9h70Huj' ) LIMIT 1   [ RunTime:0.0002s ]
SQL: SHOW COLUMNS FROM `xfz_user` [ RunTime:0.0003s ]
SQL: SELECT * FROM `xfz_user` WHERE ( openid = "ovZ4O0QiXjBWoYbrw7hLaUP7HqkU" ) LIMIT 1   [ RunTime:0.0002s ]
SQL: SHOW COLUMNS FROM `xfz_group` [ RunTime:0.0003s ]
SQL: SELECT * FROM `xfz_group` WHERE ( user_id = 3 )  [ RunTime:0.0002s ]
SQL: SHOW COLUMNS FROM `xfz_style` [ RunTime:0.0002s ]
SQL: SELECT * FROM `xfz_style` WHERE ( style_id = 0 ) LIMIT 1   [ RunTime:0.0001s ]

[ 2017-10-25T22:18:00+08:00 ] 192.168.2.183 /xiaofenzu/index.php?m=sapp&c=login&a=checkSession
INFO: [ app_init ] --START--
INFO: Run Behavior\BuildLiteBehavior [ RunTime:0.000009s ]
INFO: [ app_init ] --END-- [ RunTime:0.000220s ]
INFO: [ app_begin ] --START--
INFO: Run Behavior\ReadHtmlCacheBehavior [ RunTime:0.000274s ]
INFO: [ app_begin ] --END-- [ RunTime:0.000308s ]
SQL: SHOW COLUMNS FROM `xfz_session` [ RunTime:0.0004s ]
SQL: SELECT * FROM `xfz_session` WHERE ( session3key = 'RihStqzKG9h70Huj' ) LIMIT 1   [ RunTime:0.0002s ]

[ 2017-10-25T22:18:03+08:00 ] 192.168.2.183 /xiaofenzu/index.php?m=sapp&c=group&a=findGroup
INFO: [ app_init ] --START--
INFO: Run Behavior\BuildLiteBehavior [ RunTime:0.000009s ]
INFO: [ app_init ] --END-- [ RunTime:0.000221s ]
INFO: [ app_begin ] --START--
INFO: Run Behavior\ReadHtmlCacheBehavior [ RunTime:0.000273s ]
INFO: [ app_begin ] --END-- [ RunTime:0.000307s ]
SQL: SHOW COLUMNS FROM `xfz_session` [ RunTime:0.0004s ]
SQL: SELECT * FROM `xfz_session` WHERE ( session3key = 'RihStqzKG9h70Huj' ) LIMIT 1   [ RunTime:0.0002s ]
SQL: SHOW COLUMNS FROM `xfz_user` [ RunTime:0.0003s ]
SQL: SELECT * FROM `xfz_user` WHERE ( openid = "ovZ4O0QiXjBWoYbrw7hLaUP7HqkU" ) LIMIT 1   [ RunTime:0.0001s ]
SQL: SHOW COLUMNS FROM `xfz_group` [ RunTime:0.0003s ]
SQL: SELECT * FROM `xfz_group` WHERE ( group_id = 23 ) LIMIT 1   [ RunTime:0.0002s ]
SQL: SHOW COLUMNS FROM `xfz_style` [ RunTime:0.0003s ]
SQL: SELECT * FROM `xfz_style` WHERE ( style_id = 0 ) LIMIT 1   [ RunTime:0.0001s ]

[ 2017-10-25T22:18:12+08:00 ] 192.168.2.183 /xiaofenzu/index.php?m=sapp&c=login&a=saveUserInfo
INFO: [ app_init ] --START--
INFO: Run Behavior\BuildLiteBehavior [ RunTime:0.000009s ]
INFO: [ app_init ] --END-- [ RunTime:0.000217s ]
INFO: [ app_begin ] --START--
INFO: Run Behavior\ReadHtmlCacheBehavior [ RunTime:0.000269s ]
INFO: [ app_begin ] --END-- [ RunTime:0.000302s ]
SQL: SHOW COLUMNS FROM `xfz_session` [ RunTime:0.0004s ]
SQL: SELECT * FROM `xfz_session` WHERE ( session3key = 'RihStqzKG9h70Huj' ) LIMIT 1   [ RunTime:0.0002s ]
SQL: SHOW COLUMNS FROM `xfz_user` [ RunTime:0.0003s ]
SQL: SELECT * FROM `xfz_user` WHERE ( openid = "ovZ4O0QiXjBWoYbrw7hLaUP7HqkU" ) LIMIT 1   [ RunTime:0.0002s ]
SQL: UPDATE `xfz_user` SET `nickName`='一颗好白菜🐷',`gender`='2',`city`='',`province`='Male',`country`='Maldives',`avatarUrl`='https://wx.qlogo.cn/mmopen/vi_32/Q0j4TwGTfTKia0mN1kBYK1WzRXO6PElhtlMD73L8pTmIrIwxM7ogKxeyiaGAePQxCibnRDbwV6r6J7qJveKPfxbFA/0' WHERE ( openid = "ovZ4O0QiXjBWoYbrw7hLaUP7HqkU" ) [ RunTime:0.0030s ]

[ 2017-10-25T22:18:12+08:00 ] 192.168.2.183 /xiaofenzu/index.php?m=sapp&c=style&a=getAllStyle
INFO: [ app_init ] --START--
INFO: Run Behavior\BuildLiteBehavior [ RunTime:0.000009s ]
INFO: [ app_init ] --END-- [ RunTime:0.000221s ]
INFO: [ app_begin ] --START--
INFO: Run Behavior\ReadHtmlCacheBehavior [ RunTime:0.000274s ]
INFO: [ app_begin ] --END-- [ RunTime:0.000308s ]
SQL: SHOW COLUMNS FROM `xfz_style` [ RunTime:0.0003s ]
SQL: SELECT * FROM `xfz_style`  [ RunTime:0.0002s ]

[ 2017-10-25T22:18:53+08:00 ] 192.168.2.237 /xiaofenzu/index.php?m=sapp&c=login&a=checkSession
INFO: [ app_init ] --START--
INFO: Run Behavior\BuildLiteBehavior [ RunTime:0.000009s ]
INFO: [ app_init ] --END-- [ RunTime:0.000199s ]
INFO: [ app_begin ] --START--
INFO: Run Behavior\ReadHtmlCacheBehavior [ RunTime:0.000244s ]
INFO: [ app_begin ] --END-- [ RunTime:0.000273s ]
SQL: SHOW COLUMNS FROM `xfz_session` [ RunTime:0.0008s ]
SQL: SELECT * FROM `xfz_session` WHERE ( session3key = '8VFEP6taCGnrulQW' ) LIMIT 1   [ RunTime:0.0002s ]

[ 2017-10-25T22:18:53+08:00 ] 192.168.2.237 /xiaofenzu/index.php?m=sapp&c=group&a=findUserGroup
INFO: [ app_init ] --START--
INFO: Run Behavior\BuildLiteBehavior [ RunTime:0.000009s ]
INFO: [ app_init ] --END-- [ RunTime:0.000266s ]
INFO: [ app_begin ] --START--
INFO: Run Behavior\ReadHtmlCacheBehavior [ RunTime:0.000317s ]
INFO: [ app_begin ] --END-- [ RunTime:0.000345s ]
SQL: SHOW COLUMNS FROM `xfz_session` [ RunTime:0.0006s ]
SQL: SELECT * FROM `xfz_session` WHERE ( session3key = '8VFEP6taCGnrulQW' ) LIMIT 1   [ RunTime:0.0003s ]
SQL: SHOW COLUMNS FROM `xfz_user` [ RunTime:0.0006s ]
SQL: SELECT * FROM `xfz_user` WHERE ( openid = "ovZ4O0X2Dn2mFAPvSBZ-VmUflykI" ) LIMIT 1   [ RunTime:0.0004s ]
SQL: SHOW COLUMNS FROM `xfz_group` [ RunTime:0.0004s ]
SQL: SELECT * FROM `xfz_group` WHERE ( user_id = 1 )  [ RunTime:0.0007s ]
SQL: SHOW COLUMNS FROM `xfz_style` [ RunTime:0.0004s ]
SQL: SELECT * FROM `xfz_style` WHERE ( style_id = 1 ) LIMIT 1   [ RunTime:0.0002s ]
SQL: SELECT * FROM `xfz_style` WHERE ( style_id = 1 ) LIMIT 1   [ RunTime:0.0001s ]
SQL: SELECT * FROM `xfz_style` WHERE ( style_id = 1 ) LIMIT 1   [ RunTime:0.0001s ]
SQL: SELECT * FROM `xfz_style` WHERE ( style_id = 1 ) LIMIT 1   [ RunTime:0.0001s ]
SQL: SELECT * FROM `xfz_style` WHERE ( style_id = 1 ) LIMIT 1   [ RunTime:0.0001s ]
SQL: SELECT * FROM `xfz_style` WHERE ( style_id = 1 ) LIMIT 1   [ RunTime:0.0001s ]
SQL: SELECT * FROM `xfz_style` WHERE ( style_id = 1 ) LIMIT 1   [ RunTime:0.0001s ]
SQL: SELECT * FROM `xfz_style` WHERE ( style_id = 1 ) LIMIT 1   [ RunTime:0.0001s ]
SQL: SELECT * FROM `xfz_style` WHERE ( style_id = 1 ) LIMIT 1   [ RunTime:0.0001s ]
SQL: SELECT * FROM `xfz_style` WHERE ( style_id = 1 ) LIMIT 1   [ RunTime:0.0001s ]
SQL: SELECT * FROM `xfz_style` WHERE ( style_id = 2 ) LIMIT 1   [ RunTime:0.0001s ]
SQL: SELECT * FROM `xfz_style` WHERE ( style_id = 1 ) LIMIT 1   [ RunTime:0.0001s ]
SQL: SELECT * FROM `xfz_style` WHERE ( style_id = 0 ) LIMIT 1   [ RunTime:0.0001s ]
SQL: SELECT * FROM `xfz_style` WHERE ( style_id = 0 ) LIMIT 1   [ RunTime:0.0001s ]
SQL: SELECT * FROM `xfz_style` WHERE ( style_id = 0 ) LIMIT 1   [ RunTime:0.0001s ]
SQL: SELECT * FROM `xfz_style` WHERE ( style_id = 0 ) LIMIT 1   [ RunTime:0.0001s ]
SQL: SELECT * FROM `xfz_style` WHERE ( style_id = 0 ) LIMIT 1   [ RunTime:0.0001s ]
SQL: SELECT * FROM `xfz_style` WHERE ( style_id = 0 ) LIMIT 1   [ RunTime:0.0001s ]
SQL: SELECT * FROM `xfz_style` WHERE ( style_id = 0 ) LIMIT 1   [ RunTime:0.0001s ]
SQL: SELECT * FROM `xfz_style` WHERE ( style_id = 0 ) LIMIT 1   [ RunTime:0.0001s ]
SQL: SELECT * FROM `xfz_style` WHERE ( style_id = 0 ) LIMIT 1   [ RunTime:0.0001s ]

[ 2017-10-25T22:20:56+08:00 ] 192.168.2.237 /xiaofenzu/index.php?m=sapp&c=login&a=checkSession
INFO: [ app_init ] --START--
INFO: Run Behavior\BuildLiteBehavior [ RunTime:0.000010s ]
INFO: [ app_init ] --END-- [ RunTime:0.000224s ]
INFO: [ app_begin ] --START--
INFO: Run Behavior\ReadHtmlCacheBehavior [ RunTime:0.000234s ]
INFO: [ app_begin ] --END-- [ RunTime:0.000262s ]
SQL: SHOW COLUMNS FROM `xfz_session` [ RunTime:0.0006s ]
SQL: SELECT * FROM `xfz_session` WHERE ( session3key = '8VFEP6taCGnrulQW' ) LIMIT 1   [ RunTime:0.0003s ]

[ 2017-10-25T22:20:56+08:00 ] 192.168.2.237 /xiaofenzu/index.php?m=sapp&c=group&a=findUserGroup
INFO: [ app_init ] --START--
INFO: Run Behavior\BuildLiteBehavior [ RunTime:0.000009s ]
INFO: [ app_init ] --END-- [ RunTime:0.000200s ]
INFO: [ app_begin ] --START--
INFO: Run Behavior\ReadHtmlCacheBehavior [ RunTime:0.000316s ]
INFO: [ app_begin ] --END-- [ RunTime:0.000348s ]
SQL: SHOW COLUMNS FROM `xfz_session` [ RunTime:0.0004s ]
SQL: SELECT * FROM `xfz_session` WHERE ( session3key = '8VFEP6taCGnrulQW' ) LIMIT 1   [ RunTime:0.0002s ]
SQL: SHOW COLUMNS FROM `xfz_user` [ RunTime:0.0003s ]
SQL: SELECT * FROM `xfz_user` WHERE ( openid = "ovZ4O0X2Dn2mFAPvSBZ-VmUflykI" ) LIMIT 1   [ RunTime:0.0002s ]
SQL: SHOW COLUMNS FROM `xfz_group` [ RunTime:0.0003s ]
SQL: SELECT * FROM `xfz_group` WHERE ( user_id = 1 )  [ RunTime:0.0002s ]
SQL: SHOW COLUMNS FROM `xfz_style` [ RunTime:0.0003s ]
SQL: SELECT * FROM `xfz_style` WHERE ( style_id = 1 ) LIMIT 1   [ RunTime:0.0002s ]
SQL: SELECT * FROM `xfz_style` WHERE ( style_id = 1 ) LIMIT 1   [ RunTime:0.0002s ]
SQL: SELECT * FROM `xfz_style` WHERE ( style_id = 1 ) LIMIT 1   [ RunTime:0.0002s ]
SQL: SELECT * FROM `xfz_style` WHERE ( style_id = 1 ) LIMIT 1   [ RunTime:0.0002s ]
SQL: SELECT * FROM `xfz_style` WHERE ( style_id = 1 ) LIMIT 1   [ RunTime:0.0002s ]
SQL: SELECT * FROM `xfz_style` WHERE ( style_id = 1 ) LIMIT 1   [ RunTime:0.0001s ]
SQL: SELECT * FROM `xfz_style` WHERE ( style_id = 1 ) LIMIT 1   [ RunTime:0.0002s ]
SQL: SELECT * FROM `xfz_style` WHERE ( style_id = 1 ) LIMIT 1   [ RunTime:0.0002s ]
SQL: SELECT * FROM `xfz_style` WHERE ( style_id = 1 ) LIMIT 1   [ RunTime:0.0007s ]
SQL: SELECT * FROM `xfz_style` WHERE ( style_id = 1 ) LIMIT 1   [ RunTime:0.0003s ]
SQL: SELECT * FROM `xfz_style` WHERE ( style_id = 2 ) LIMIT 1   [ RunTime:0.0002s ]
SQL: SELECT * FROM `xfz_style` WHERE ( style_id = 1 ) LIMIT 1   [ RunTime:0.0002s ]
SQL: SELECT * FROM `xfz_style` WHERE ( style_id = 0 ) LIMIT 1   [ RunTime:0.0002s ]
SQL: SELECT * FROM `xfz_style` WHERE ( style_id = 0 ) LIMIT 1   [ RunTime:0.0001s ]
SQL: SELECT * FROM `xfz_style` WHERE ( style_id = 0 ) LIMIT 1   [ RunTime:0.0002s ]
SQL: SELECT * FROM `xfz_style` WHERE ( style_id = 0 ) LIMIT 1   [ RunTime:0.0002s ]
SQL: SELECT * FROM `xfz_style` WHERE ( style_id = 0 ) LIMIT 1   [ RunTime:0.0001s ]
SQL: SELECT * FROM `xfz_style` WHERE ( style_id = 0 ) LIMIT 1   [ RunTime:0.0002s ]
SQL: SELECT * FROM `xfz_style` WHERE ( style_id = 0 ) LIMIT 1   [ RunTime:0.0002s ]
SQL: SELECT * FROM `xfz_style` WHERE ( style_id = 0 ) LIMIT 1   [ RunTime:0.0001s ]
SQL: SELECT * FROM `xfz_style` WHERE ( style_id = 0 ) LIMIT 1   [ RunTime:0.0001s ]

[ 2017-10-25T22:21:15+08:00 ] 192.168.2.237 /xiaofenzu/index.php?m=sapp&c=login&a=checkSession
INFO: [ app_init ] --START--
INFO: Run Behavior\BuildLiteBehavior [ RunTime:0.000009s ]
INFO: [ app_init ] --END-- [ RunTime:0.000210s ]
INFO: [ app_begin ] --START--
INFO: Run Behavior\ReadHtmlCacheBehavior [ RunTime:0.000305s ]
INFO: [ app_begin ] --END-- [ RunTime:0.000344s ]
SQL: SHOW COLUMNS FROM `xfz_session` [ RunTime:0.0004s ]
SQL: SELECT * FROM `xfz_session` WHERE ( session3key = '8VFEP6taCGnrulQW' ) LIMIT 1   [ RunTime:0.0002s ]

[ 2017-10-25T22:21:15+08:00 ] 192.168.2.237 /xiaofenzu/index.php?m=sapp&c=group&a=findUserGroup
INFO: [ app_init ] --START--
INFO: Run Behavior\BuildLiteBehavior [ RunTime:0.000011s ]
INFO: [ app_init ] --END-- [ RunTime:0.000499s ]
INFO: [ app_begin ] --START--
INFO: Run Behavior\ReadHtmlCacheBehavior [ RunTime:0.000268s ]
INFO: [ app_begin ] --END-- [ RunTime:0.000299s ]
SQL: SHOW COLUMNS FROM `xfz_session` [ RunTime:0.0005s ]
SQL: SELECT * FROM `xfz_session` WHERE ( session3key = '8VFEP6taCGnrulQW' ) LIMIT 1   [ RunTime:0.0002s ]
SQL: SHOW COLUMNS FROM `xfz_user` [ RunTime:0.0004s ]
SQL: SELECT * FROM `xfz_user` WHERE ( openid = "ovZ4O0X2Dn2mFAPvSBZ-VmUflykI" ) LIMIT 1   [ RunTime:0.0002s ]
SQL: SHOW COLUMNS FROM `xfz_group` [ RunTime:0.0004s ]
SQL: SELECT * FROM `xfz_group` WHERE ( user_id = 1 )  [ RunTime:0.0004s ]
SQL: SHOW COLUMNS FROM `xfz_style` [ RunTime:0.0005s ]
SQL: SELECT * FROM `xfz_style` WHERE ( style_id = 1 ) LIMIT 1   [ RunTime:0.0002s ]
SQL: SELECT * FROM `xfz_style` WHERE ( style_id = 1 ) LIMIT 1   [ RunTime:0.0002s ]
SQL: SELECT * FROM `xfz_style` WHERE ( style_id = 1 ) LIMIT 1   [ RunTime:0.0002s ]
SQL: SELECT * FROM `xfz_style` WHERE ( style_id = 1 ) LIMIT 1   [ RunTime:0.0002s ]
SQL: SELECT * FROM `xfz_style` WHERE ( style_id = 1 ) LIMIT 1   [ RunTime:0.0002s ]
SQL: SELECT * FROM `xfz_style` WHERE ( style_id = 1 ) LIMIT 1   [ RunTime:0.0003s ]
SQL: SELECT * FROM `xfz_style` WHERE ( style_id = 1 ) LIMIT 1   [ RunTime:0.0003s ]
SQL: SELECT * FROM `xfz_style` WHERE ( style_id = 1 ) LIMIT 1   [ RunTime:0.0003s ]
SQL: SELECT * FROM `xfz_style` WHERE ( style_id = 1 ) LIMIT 1   [ RunTime:0.0002s ]
SQL: SELECT * FROM `xfz_style` WHERE ( style_id = 1 ) LIMIT 1   [ RunTime:0.0002s ]
SQL: SELECT * FROM `xfz_style` WHERE ( style_id = 2 ) LIMIT 1   [ RunTime:0.0001s ]
SQL: SELECT * FROM `xfz_style` WHERE ( style_id = 1 ) LIMIT 1   [ RunTime:0.0001s ]
SQL: SELECT * FROM `xfz_style` WHERE ( style_id = 0 ) LIMIT 1   [ RunTime:0.0002s ]
SQL: SELECT * FROM `xfz_style` WHERE ( style_id = 0 ) LIMIT 1   [ RunTime:0.0001s ]
SQL: SELECT * FROM `xfz_style` WHERE ( style_id = 0 ) LIMIT 1   [ RunTime:0.0002s ]
SQL: SELECT * FROM `xfz_style` WHERE ( style_id = 0 ) LIMIT 1   [ RunTime:0.0002s ]
SQL: SELECT * FROM `xfz_style` WHERE ( style_id = 0 ) LIMIT 1   [ RunTime:0.0002s ]
SQL: SELECT * FROM `xfz_style` WHERE ( style_id = 0 ) LIMIT 1   [ RunTime:0.0001s ]
SQL: SELECT * FROM `xfz_style` WHERE ( style_id = 0 ) LIMIT 1   [ RunTime:0.0001s ]
SQL: SELECT * FROM `xfz_style` WHERE ( style_id = 0 ) LIMIT 1   [ RunTime:0.0001s ]
SQL: SELECT * FROM `xfz_style` WHERE ( style_id = 0 ) LIMIT 1   [ RunTime:0.0001s ]

[ 2017-10-25T22:21:42+08:00 ] 192.168.2.183 /xiaofenzu/index.php?m=sapp&c=group&a=findGroup
INFO: [ app_init ] --START--
INFO: Run Behavior\BuildLiteBehavior [ RunTime:0.000008s ]
INFO: [ app_init ] --END-- [ RunTime:0.000220s ]
INFO: [ app_begin ] --START--
INFO: Run Behavior\ReadHtmlCacheBehavior [ RunTime:0.000236s ]
INFO: [ app_begin ] --END-- [ RunTime:0.000264s ]
SQL: SHOW COLUMNS FROM `xfz_session` [ RunTime:0.0004s ]
SQL: SELECT * FROM `xfz_session` WHERE ( session3key = 'RihStqzKG9h70Huj' ) LIMIT 1   [ RunTime:0.0002s ]
SQL: SHOW COLUMNS FROM `xfz_user` [ RunTime:0.0003s ]
SQL: SELECT * FROM `xfz_user` WHERE ( openid = "ovZ4O0QiXjBWoYbrw7hLaUP7HqkU" ) LIMIT 1   [ RunTime:0.0002s ]
SQL: SHOW COLUMNS FROM `xfz_group` [ RunTime:0.0003s ]
SQL: SELECT * FROM `xfz_group` WHERE ( group_id = 23 ) LIMIT 1   [ RunTime:0.0001s ]
SQL: SHOW COLUMNS FROM `xfz_style` [ RunTime:0.0003s ]
SQL: SELECT * FROM `xfz_style` WHERE ( style_id = 0 ) LIMIT 1   [ RunTime:0.0001s ]

[ 2017-10-25T22:21:44+08:00 ] 192.168.2.183 /xiaofenzu/index.php?m=sapp&c=group&a=findGroup
INFO: [ app_init ] --START--
INFO: Run Behavior\BuildLiteBehavior [ RunTime:0.000009s ]
INFO: [ app_init ] --END-- [ RunTime:0.000224s ]
INFO: [ app_begin ] --START--
INFO: Run Behavior\ReadHtmlCacheBehavior [ RunTime:0.000273s ]
INFO: [ app_begin ] --END-- [ RunTime:0.000307s ]
SQL: SHOW COLUMNS FROM `xfz_session` [ RunTime:0.0004s ]
SQL: SELECT * FROM `xfz_session` WHERE ( session3key = 'RihStqzKG9h70Huj' ) LIMIT 1   [ RunTime:0.0002s ]
SQL: SHOW COLUMNS FROM `xfz_user` [ RunTime:0.0003s ]
SQL: SELECT * FROM `xfz_user` WHERE ( openid = "ovZ4O0QiXjBWoYbrw7hLaUP7HqkU" ) LIMIT 1   [ RunTime:0.0001s ]
SQL: SHOW COLUMNS FROM `xfz_group` [ RunTime:0.0003s ]
SQL: SELECT * FROM `xfz_group` WHERE ( group_id = 23 ) LIMIT 1   [ RunTime:0.0002s ]
SQL: SHOW COLUMNS FROM `xfz_style` [ RunTime:0.0059s ]
SQL: SELECT * FROM `xfz_style` WHERE ( style_id = 0 ) LIMIT 1   [ RunTime:0.0003s ]

[ 2017-10-25T22:24:08+08:00 ] 192.168.2.237 /xiaofenzu/index.php?m=sapp&c=login&a=checkSession
INFO: [ app_init ] --START--
INFO: Run Behavior\BuildLiteBehavior [ RunTime:0.000011s ]
INFO: [ app_init ] --END-- [ RunTime:0.000377s ]
INFO: [ app_begin ] --START--
INFO: Run Behavior\ReadHtmlCacheBehavior [ RunTime:0.000316s ]
INFO: [ app_begin ] --END-- [ RunTime:0.000359s ]
SQL: SHOW COLUMNS FROM `xfz_session` [ RunTime:0.0004s ]
SQL: SELECT * FROM `xfz_session` WHERE ( session3key = '8VFEP6taCGnrulQW' ) LIMIT 1   [ RunTime:0.0002s ]

[ 2017-10-25T22:24:08+08:00 ] 192.168.2.237 /xiaofenzu/index.php?m=sapp&c=group&a=findUserGroup
INFO: [ app_init ] --START--
INFO: Run Behavior\BuildLiteBehavior [ RunTime:0.000009s ]
INFO: [ app_init ] --END-- [ RunTime:0.000203s ]
INFO: [ app_begin ] --START--
INFO: Run Behavior\ReadHtmlCacheBehavior [ RunTime:0.000249s ]
INFO: [ app_begin ] --END-- [ RunTime:0.000277s ]
SQL: SHOW COLUMNS FROM `xfz_session` [ RunTime:0.0003s ]
SQL: SELECT * FROM `xfz_session` WHERE ( session3key = '8VFEP6taCGnrulQW' ) LIMIT 1   [ RunTime:0.0002s ]
SQL: SHOW COLUMNS FROM `xfz_user` [ RunTime:0.0003s ]
SQL: SELECT * FROM `xfz_user` WHERE ( openid = "ovZ4O0X2Dn2mFAPvSBZ-VmUflykI" ) LIMIT 1   [ RunTime:0.0003s ]
SQL: SHOW COLUMNS FROM `xfz_group` [ RunTime:0.0005s ]
SQL: SELECT * FROM `xfz_group` WHERE ( user_id = 1 )  [ RunTime:0.0003s ]
SQL: SHOW COLUMNS FROM `xfz_style` [ RunTime:0.0003s ]
SQL: SELECT * FROM `xfz_style` WHERE ( style_id = 1 ) LIMIT 1   [ RunTime:0.0002s ]
SQL: SELECT * FROM `xfz_style` WHERE ( style_id = 1 ) LIMIT 1   [ RunTime:0.0001s ]
SQL: SELECT * FROM `xfz_style` WHERE ( style_id = 1 ) LIMIT 1   [ RunTime:0.0001s ]
SQL: SELECT * FROM `xfz_style` WHERE ( style_id = 1 ) LIMIT 1   [ RunTime:0.0002s ]
SQL: SELECT * FROM `xfz_style` WHERE ( style_id = 1 ) LIMIT 1   [ RunTime:0.0001s ]
SQL: SELECT * FROM `xfz_style` WHERE ( style_id = 1 ) LIMIT 1   [ RunTime:0.0001s ]
SQL: SELECT * FROM `xfz_style` WHERE ( style_id = 1 ) LIMIT 1   [ RunTime:0.0001s ]
SQL: SELECT * FROM `xfz_style` WHERE ( style_id = 1 ) LIMIT 1   [ RunTime:0.0001s ]
SQL: SELECT * FROM `xfz_style` WHERE ( style_id = 1 ) LIMIT 1   [ RunTime:0.0001s ]
SQL: SELECT * FROM `xfz_style` WHERE ( style_id = 1 ) LIMIT 1   [ RunTime:0.0001s ]
SQL: SELECT * FROM `xfz_style` WHERE ( style_id = 2 ) LIMIT 1   [ RunTime:0.0001s ]
SQL: SELECT * FROM `xfz_style` WHERE ( style_id = 1 ) LIMIT 1   [ RunTime:0.0001s ]
SQL: SELECT * FROM `xfz_style` WHERE ( style_id = 0 ) LIMIT 1   [ RunTime:0.0001s ]
SQL: SELECT * FROM `xfz_style` WHERE ( style_id = 0 ) LIMIT 1   [ RunTime:0.0001s ]
SQL: SELECT * FROM `xfz_style` WHERE ( style_id = 0 ) LIMIT 1   [ RunTime:0.0001s ]
SQL: SELECT * FROM `xfz_style` WHERE ( style_id = 0 ) LIMIT 1   [ RunTime:0.0001s ]
SQL: SELECT * FROM `xfz_style` WHERE ( style_id = 0 ) LIMIT 1   [ RunTime:0.0001s ]
SQL: SELECT * FROM `xfz_style` WHERE ( style_id = 0 ) LIMIT 1   [ RunTime:0.0001s ]
SQL: SELECT * FROM `xfz_style` WHERE ( style_id = 0 ) LIMIT 1   [ RunTime:0.0001s ]
SQL: SELECT * FROM `xfz_style` WHERE ( style_id = 0 ) LIMIT 1   [ RunTime:0.0001s ]
SQL: SELECT * FROM `xfz_style` WHERE ( style_id = 0 ) LIMIT 1   [ RunTime:0.0001s ]

[ 2017-10-25T22:24:22+08:00 ] 192.168.2.183 /xiaofenzu/index.php?m=sapp&c=group&a=findUserGroup
INFO: [ app_init ] --START--
INFO: Run Behavior\BuildLiteBehavior [ RunTime:0.000010s ]
INFO: [ app_init ] --END-- [ RunTime:0.000206s ]
INFO: [ app_begin ] --START--
INFO: Run Behavior\ReadHtmlCacheBehavior [ RunTime:0.000251s ]
INFO: [ app_begin ] --END-- [ RunTime:0.000282s ]
SQL: SHOW COLUMNS FROM `xfz_session` [ RunTime:0.0004s ]
SQL: SELECT * FROM `xfz_session` WHERE ( session3key = 'RihStqzKG9h70Huj' ) LIMIT 1   [ RunTime:0.0002s ]
SQL: SHOW COLUMNS FROM `xfz_user` [ RunTime:0.0003s ]
SQL: SELECT * FROM `xfz_user` WHERE ( openid = "ovZ4O0QiXjBWoYbrw7hLaUP7HqkU" ) LIMIT 1   [ RunTime:0.0002s ]
SQL: SHOW COLUMNS FROM `xfz_group` [ RunTime:0.0004s ]
SQL: SELECT * FROM `xfz_group` WHERE ( user_id = 3 )  [ RunTime:0.0002s ]
SQL: SHOW COLUMNS FROM `xfz_style` [ RunTime:0.0003s ]
SQL: SELECT * FROM `xfz_style` WHERE ( style_id = 0 ) LIMIT 1   [ RunTime:0.0002s ]

[ 2017-10-25T22:24:22+08:00 ] 192.168.2.183 /xiaofenzu/index.php?m=sapp&c=login&a=checkSession
INFO: [ app_init ] --START--
INFO: Run Behavior\BuildLiteBehavior [ RunTime:0.000007s ]
INFO: [ app_init ] --END-- [ RunTime:0.000159s ]
INFO: [ app_begin ] --START--
INFO: Run Behavior\ReadHtmlCacheBehavior [ RunTime:0.000196s ]
INFO: [ app_begin ] --END-- [ RunTime:0.000220s ]
SQL: SHOW COLUMNS FROM `xfz_session` [ RunTime:0.0003s ]
SQL: SELECT * FROM `xfz_session` WHERE ( session3key = 'RihStqzKG9h70Huj' ) LIMIT 1   [ RunTime:0.0002s ]

[ 2017-10-25T22:24:25+08:00 ] 192.168.2.183 /xiaofenzu/index.php?m=sapp&c=group&a=findGroup
INFO: [ app_init ] --START--
INFO: Run Behavior\BuildLiteBehavior [ RunTime:0.000009s ]
INFO: [ app_init ] --END-- [ RunTime:0.000217s ]
INFO: [ app_begin ] --START--
INFO: Run Behavior\ReadHtmlCacheBehavior [ RunTime:0.000267s ]
INFO: [ app_begin ] --END-- [ RunTime:0.000302s ]
SQL: SHOW COLUMNS FROM `xfz_session` [ RunTime:0.0004s ]
SQL: SELECT * FROM `xfz_session` WHERE ( session3key = 'RihStqzKG9h70Huj' ) LIMIT 1   [ RunTime:0.0002s ]
SQL: SHOW COLUMNS FROM `xfz_user` [ RunTime:0.0003s ]
SQL: SELECT * FROM `xfz_user` WHERE ( openid = "ovZ4O0QiXjBWoYbrw7hLaUP7HqkU" ) LIMIT 1   [ RunTime:0.0002s ]
SQL: SHOW COLUMNS FROM `xfz_group` [ RunTime:0.0003s ]
SQL: SELECT * FROM `xfz_group` WHERE ( group_id = 23 ) LIMIT 1   [ RunTime:0.0002s ]
SQL: SHOW COLUMNS FROM `xfz_style` [ RunTime:0.0003s ]
SQL: SELECT * FROM `xfz_style` WHERE ( style_id = 0 ) LIMIT 1   [ RunTime:0.0002s ]

[ 2017-10-25T22:24:31+08:00 ] 192.168.2.183 /xiaofenzu/index.php?m=sapp&c=group&a=findGroup
INFO: [ app_init ] --START--
INFO: Run Behavior\BuildLiteBehavior [ RunTime:0.000009s ]
INFO: [ app_init ] --END-- [ RunTime:0.000219s ]
INFO: [ app_begin ] --START--
INFO: Run Behavior\ReadHtmlCacheBehavior [ RunTime:0.000287s ]
INFO: [ app_begin ] --END-- [ RunTime:0.000322s ]
SQL: SHOW COLUMNS FROM `xfz_session` [ RunTime:0.0004s ]
SQL: SELECT * FROM `xfz_session` WHERE ( session3key = 'RihStqzKG9h70Huj' ) LIMIT 1   [ RunTime:0.0002s ]
SQL: SHOW COLUMNS FROM `xfz_user` [ RunTime:0.0003s ]
SQL: SELECT * FROM `xfz_user` WHERE ( openid = "ovZ4O0QiXjBWoYbrw7hLaUP7HqkU" ) LIMIT 1   [ RunTime:0.0001s ]
SQL: SHOW COLUMNS FROM `xfz_group` [ RunTime:0.0003s ]
SQL: SELECT * FROM `xfz_group` WHERE ( group_id = 23 ) LIMIT 1   [ RunTime:0.0002s ]
SQL: SHOW COLUMNS FROM `xfz_style` [ RunTime:0.0002s ]
SQL: SELECT * FROM `xfz_style` WHERE ( style_id = 0 ) LIMIT 1   [ RunTime:0.0001s ]

[ 2017-10-25T22:26:29+08:00 ] 192.168.2.122 /xiaofenzu/index.php?m=sapp&c=group&a=findUserGroup
INFO: [ app_init ] --START--
INFO: Run Behavior\BuildLiteBehavior [ RunTime:0.000008s ]
INFO: [ app_init ] --END-- [ RunTime:0.000188s ]
INFO: [ app_begin ] --START--
INFO: Run Behavior\ReadHtmlCacheBehavior [ RunTime:0.000232s ]
INFO: [ app_begin ] --END-- [ RunTime:0.000260s ]
SQL: SHOW COLUMNS FROM `xfz_session` [ RunTime:0.0004s ]
NOTIC: 建议使用E方法替代throw_exception

[ 2017-10-25T22:26:29+08:00 ] 192.168.2.122 /xiaofenzu/index.php?m=sapp&c=login&a=wxlogin
INFO: [ app_init ] --START--
INFO: Run Behavior\BuildLiteBehavior [ RunTime:0.000009s ]
INFO: [ app_init ] --END-- [ RunTime:0.000224s ]
INFO: [ app_begin ] --START--
INFO: Run Behavior\ReadHtmlCacheBehavior [ RunTime:0.000273s ]
INFO: [ app_begin ] --END-- [ RunTime:0.000307s ]
SQL: SHOW COLUMNS FROM `xfz_session` [ RunTime:0.0004s ]
SQL: SELECT * FROM `xfz_session` WHERE ( openid = 'ovZ4O0fUIusYj4iL5_1BGsErzh8E' ) LIMIT 1   [ RunTime:0.0002s ]
NOTIC: [8] Undefined index: unionid /Work/wwwroot/xiaofenzu/Application/Sapp/Controller/LoginController.class.php 第 72 行.
SQL: INSERT INTO `xfz_session` (`session3key`,`openid`,`session_key`,`unionid`,`create_time`) VALUES ('rOZ4QGh6Bb2sIP5K','ovZ4O0fUIusYj4iL5_1BGsErzh8E','jMv2OWAqKuScS/K9JYXckQ==',NULL,'1508941589') [ RunTime:0.0055s ]
SQL: SHOW COLUMNS FROM `xfz_user` [ RunTime:0.0006s ]
SQL: SELECT * FROM `xfz_user` WHERE ( openid = "ovZ4O0fUIusYj4iL5_1BGsErzh8E" ) LIMIT 1   [ RunTime:0.0003s ]
SQL: INSERT INTO `xfz_user` (`openid`) VALUES ('ovZ4O0fUIusYj4iL5_1BGsErzh8E') [ RunTime:0.0006s ]

[ 2017-10-25T22:26:35+08:00 ] 192.168.2.122 /xiaofenzu/index.php?m=sapp&c=group&a=findGroup
INFO: [ app_init ] --START--
INFO: Run Behavior\BuildLiteBehavior [ RunTime:0.000010s ]
INFO: [ app_init ] --END-- [ RunTime:0.000222s ]
INFO: [ app_begin ] --START--
INFO: Run Behavior\ReadHtmlCacheBehavior [ RunTime:0.000271s ]
INFO: [ app_begin ] --END-- [ RunTime:0.000304s ]
SQL: SHOW COLUMNS FROM `xfz_session` [ RunTime:0.0004s ]
SQL: SELECT * FROM `xfz_session` WHERE ( session3key = 'rOZ4QGh6Bb2sIP5K' ) LIMIT 1   [ RunTime:0.0002s ]
SQL: SHOW COLUMNS FROM `xfz_user` [ RunTime:0.0003s ]
SQL: SELECT * FROM `xfz_user` WHERE ( openid = "ovZ4O0fUIusYj4iL5_1BGsErzh8E" ) LIMIT 1   [ RunTime:0.0002s ]
SQL: SHOW COLUMNS FROM `xfz_group` [ RunTime:0.0003s ]
SQL: SELECT * FROM `xfz_group` WHERE ( group_id = 23 ) LIMIT 1   [ RunTime:0.0001s ]
SQL: SHOW COLUMNS FROM `xfz_style` [ RunTime:0.0002s ]
SQL: SELECT * FROM `xfz_style` WHERE ( style_id = 0 ) LIMIT 1   [ RunTime:0.0001s ]

[ 2017-10-25T22:28:01+08:00 ] 192.168.2.122 /xiaofenzu/index.php?m=sapp&c=login&a=saveUserInfo
INFO: [ app_init ] --START--
INFO: Run Behavior\BuildLiteBehavior [ RunTime:0.000009s ]
INFO: [ app_init ] --END-- [ RunTime:0.000218s ]
INFO: [ app_begin ] --START--
INFO: Run Behavior\ReadHtmlCacheBehavior [ RunTime:0.000273s ]
INFO: [ app_begin ] --END-- [ RunTime:0.000307s ]
SQL: SHOW COLUMNS FROM `xfz_session` [ RunTime:0.0004s ]
SQL: SELECT * FROM `xfz_session` WHERE ( session3key = 'rOZ4QGh6Bb2sIP5K' ) LIMIT 1   [ RunTime:0.0002s ]
SQL: SHOW COLUMNS FROM `xfz_user` [ RunTime:0.0003s ]
SQL: SELECT * FROM `xfz_user` WHERE ( openid = "ovZ4O0fUIusYj4iL5_1BGsErzh8E" ) LIMIT 1   [ RunTime:0.0001s ]
SQL: UPDATE `xfz_user` SET `nickName`='宝聚投资',`gender`='0',`city`='',`province`='',`country`='',`avatarUrl`='https://wx.qlogo.cn/mmopen/vi_32/5B60ckptMUlrwauPvIJodS5jQ3rdic51Uec7BIgTmkN6J06zXpdtWwzP6SiaviaPpAibL5BwNicAdLicRNQyBUlxcntg/0' WHERE ( openid = "ovZ4O0fUIusYj4iL5_1BGsErzh8E" ) [ RunTime:0.0058s ]

[ 2017-10-25T22:28:02+08:00 ] 192.168.2.122 /xiaofenzu/index.php?m=sapp&c=group&a=findUserGroup
INFO: [ app_init ] --START--
INFO: Run Behavior\BuildLiteBehavior [ RunTime:0.000010s ]
INFO: [ app_init ] --END-- [ RunTime:0.000218s ]
INFO: [ app_begin ] --START--
INFO: Run Behavior\ReadHtmlCacheBehavior [ RunTime:0.000273s ]
INFO: [ app_begin ] --END-- [ RunTime:0.000306s ]
SQL: SHOW COLUMNS FROM `xfz_session` [ RunTime:0.0004s ]
SQL: SELECT * FROM `xfz_session` WHERE ( session3key = 'rOZ4QGh6Bb2sIP5K' ) LIMIT 1   [ RunTime:0.0002s ]
SQL: SHOW COLUMNS FROM `xfz_user` [ RunTime:0.0003s ]
SQL: SELECT * FROM `xfz_user` WHERE ( openid = "ovZ4O0fUIusYj4iL5_1BGsErzh8E" ) LIMIT 1   [ RunTime:0.0002s ]
SQL: SHOW COLUMNS FROM `xfz_group` [ RunTime:0.0003s ]
SQL: SELECT * FROM `xfz_group` WHERE ( user_id = 4 )  [ RunTime:0.0002s ]

[ 2017-10-25T22:29:10+08:00 ] 192.168.2.237 /xiaofenzu/index.php?m=sapp&c=login&a=checkSession
INFO: [ app_init ] --START--
INFO: Run Behavior\BuildLiteBehavior [ RunTime:0.000019s ]
INFO: [ app_init ] --END-- [ RunTime:0.000394s ]
INFO: [ app_begin ] --START--
INFO: Run Behavior\ReadHtmlCacheBehavior [ RunTime:0.000362s ]
INFO: [ app_begin ] --END-- [ RunTime:0.000410s ]
SQL: SHOW COLUMNS FROM `xfz_session` [ RunTime:0.0006s ]
SQL: SELECT * FROM `xfz_session` WHERE ( session3key = '8VFEP6taCGnrulQW' ) LIMIT 1   [ RunTime:0.0003s ]

[ 2017-10-25T22:29:10+08:00 ] 192.168.2.237 /xiaofenzu/index.php?m=sapp&c=group&a=findUserGroup
INFO: [ app_init ] --START--
INFO: Run Behavior\BuildLiteBehavior [ RunTime:0.000009s ]
INFO: [ app_init ] --END-- [ RunTime:0.000191s ]
INFO: [ app_begin ] --START--
INFO: Run Behavior\ReadHtmlCacheBehavior [ RunTime:0.000522s ]
INFO: [ app_begin ] --END-- [ RunTime:0.000575s ]
SQL: SHOW COLUMNS FROM `xfz_session` [ RunTime:0.0005s ]
SQL: SELECT * FROM `xfz_session` WHERE ( session3key = '8VFEP6taCGnrulQW' ) LIMIT 1   [ RunTime:0.0003s ]
SQL: SHOW COLUMNS FROM `xfz_user` [ RunTime:0.0005s ]
SQL: SELECT * FROM `xfz_user` WHERE ( openid = "ovZ4O0X2Dn2mFAPvSBZ-VmUflykI" ) LIMIT 1   [ RunTime:0.0002s ]
SQL: SHOW COLUMNS FROM `xfz_group` [ RunTime:0.0003s ]
SQL: SELECT * FROM `xfz_group` WHERE ( user_id = 1 )  [ RunTime:0.0003s ]
SQL: SHOW COLUMNS FROM `xfz_style` [ RunTime:0.0004s ]
SQL: SELECT * FROM `xfz_style` WHERE ( style_id = 1 ) LIMIT 1   [ RunTime:0.0003s ]
SQL: SELECT * FROM `xfz_style` WHERE ( style_id = 1 ) LIMIT 1   [ RunTime:0.0003s ]
SQL: SELECT * FROM `xfz_style` WHERE ( style_id = 1 ) LIMIT 1   [ RunTime:0.0001s ]
SQL: SELECT * FROM `xfz_style` WHERE ( style_id = 1 ) LIMIT 1   [ RunTime:0.0001s ]
SQL: SELECT * FROM `xfz_style` WHERE ( style_id = 1 ) LIMIT 1   [ RunTime:0.0001s ]
SQL: SELECT * FROM `xfz_style` WHERE ( style_id = 1 ) LIMIT 1   [ RunTime:0.0001s ]
SQL: SELECT * FROM `xfz_style` WHERE ( style_id = 1 ) LIMIT 1   [ RunTime:0.0001s ]
SQL: SELECT * FROM `xfz_style` WHERE ( style_id = 1 ) LIMIT 1   [ RunTime:0.0001s ]
SQL: SELECT * FROM `xfz_style` WHERE ( style_id = 1 ) LIMIT 1   [ RunTime:0.0001s ]
SQL: SELECT * FROM `xfz_style` WHERE ( style_id = 1 ) LIMIT 1   [ RunTime:0.0001s ]
SQL: SELECT * FROM `xfz_style` WHERE ( style_id = 2 ) LIMIT 1   [ RunTime:0.0001s ]
SQL: SELECT * FROM `xfz_style` WHERE ( style_id = 1 ) LIMIT 1   [ RunTime:0.0001s ]
SQL: SELECT * FROM `xfz_style` WHERE ( style_id = 0 ) LIMIT 1   [ RunTime:0.0001s ]
SQL: SELECT * FROM `xfz_style` WHERE ( style_id = 0 ) LIMIT 1   [ RunTime:0.0001s ]
SQL: SELECT * FROM `xfz_style` WHERE ( style_id = 0 ) LIMIT 1   [ RunTime:0.0001s ]
SQL: SELECT * FROM `xfz_style` WHERE ( style_id = 0 ) LIMIT 1   [ RunTime:0.0001s ]
SQL: SELECT * FROM `xfz_style` WHERE ( style_id = 0 ) LIMIT 1   [ RunTime:0.0001s ]
SQL: SELECT * FROM `xfz_style` WHERE ( style_id = 0 ) LIMIT 1   [ RunTime:0.0001s ]
SQL: SELECT * FROM `xfz_style` WHERE ( style_id = 0 ) LIMIT 1   [ RunTime:0.0001s ]
SQL: SELECT * FROM `xfz_style` WHERE ( style_id = 0 ) LIMIT 1   [ RunTime:0.0001s ]
SQL: SELECT * FROM `xfz_style` WHERE ( style_id = 0 ) LIMIT 1   [ RunTime:0.0001s ]

[ 2017-10-25T22:29:45+08:00 ] 192.168.2.237 /xiaofenzu/index.php?m=sapp&c=login&a=checkSession
INFO: [ app_init ] --START--
INFO: Run Behavior\BuildLiteBehavior [ RunTime:0.000530s ]
INFO: [ app_init ] --END-- [ RunTime:0.001047s ]
INFO: [ app_begin ] --START--
INFO: Run Behavior\ReadHtmlCacheBehavior [ RunTime:0.001216s ]
INFO: [ app_begin ] --END-- [ RunTime:0.001334s ]
SQL: SHOW COLUMNS FROM `xfz_session` [ RunTime:0.0004s ]
SQL: SELECT * FROM `xfz_session` WHERE ( session3key = '8VFEP6taCGnrulQW' ) LIMIT 1   [ RunTime:0.0002s ]

[ 2017-10-25T22:29:45+08:00 ] 192.168.2.237 /xiaofenzu/index.php?m=sapp&c=group&a=findUserGroup
INFO: [ app_init ] --START--
INFO: Run Behavior\BuildLiteBehavior [ RunTime:0.000008s ]
INFO: [ app_init ] --END-- [ RunTime:0.000177s ]
INFO: [ app_begin ] --START--
INFO: Run Behavior\ReadHtmlCacheBehavior [ RunTime:0.000356s ]
INFO: [ app_begin ] --END-- [ RunTime:0.000414s ]
SQL: SHOW COLUMNS FROM `xfz_session` [ RunTime:0.0004s ]
SQL: SELECT * FROM `xfz_session` WHERE ( session3key = '8VFEP6taCGnrulQW' ) LIMIT 1   [ RunTime:0.0002s ]
SQL: SHOW COLUMNS FROM `xfz_user` [ RunTime:0.0003s ]
SQL: SELECT * FROM `xfz_user` WHERE ( openid = "ovZ4O0X2Dn2mFAPvSBZ-VmUflykI" ) LIMIT 1   [ RunTime:0.0002s ]
SQL: SHOW COLUMNS FROM `xfz_group` [ RunTime:0.0003s ]
SQL: SELECT * FROM `xfz_group` WHERE ( user_id = 1 )  [ RunTime:0.0003s ]
SQL: SHOW COLUMNS FROM `xfz_style` [ RunTime:0.0003s ]
SQL: SELECT * FROM `xfz_style` WHERE ( style_id = 1 ) LIMIT 1   [ RunTime:0.0002s ]
SQL: SELECT * FROM `xfz_style` WHERE ( style_id = 1 ) LIMIT 1   [ RunTime:0.0001s ]
SQL: SELECT * FROM `xfz_style` WHERE ( style_id = 1 ) LIMIT 1   [ RunTime:0.0002s ]
SQL: SELECT * FROM `xfz_style` WHERE ( style_id = 1 ) LIMIT 1   [ RunTime:0.0001s ]
SQL: SELECT * FROM `xfz_style` WHERE ( style_id = 1 ) LIMIT 1   [ RunTime:0.0001s ]
SQL: SELECT * FROM `xfz_style` WHERE ( style_id = 1 ) LIMIT 1   [ RunTime:0.0001s ]
SQL: SELECT * FROM `xfz_style` WHERE ( style_id = 1 ) LIMIT 1   [ RunTime:0.0001s ]
SQL: SELECT * FROM `xfz_style` WHERE ( style_id = 1 ) LIMIT 1   [ RunTime:0.0001s ]
SQL: SELECT * FROM `xfz_style` WHERE ( style_id = 1 ) LIMIT 1   [ RunTime:0.0001s ]
SQL: SELECT * FROM `xfz_style` WHERE ( style_id = 1 ) LIMIT 1   [ RunTime:0.0001s ]
SQL: SELECT * FROM `xfz_style` WHERE ( style_id = 2 ) LIMIT 1   [ RunTime:0.0001s ]
SQL: SELECT * FROM `xfz_style` WHERE ( style_id = 1 ) LIMIT 1   [ RunTime:0.0001s ]
SQL: SELECT * FROM `xfz_style` WHERE ( style_id = 0 ) LIMIT 1   [ RunTime:0.0001s ]
SQL: SELECT * FROM `xfz_style` WHERE ( style_id = 0 ) LIMIT 1   [ RunTime:0.0001s ]
SQL: SELECT * FROM `xfz_style` WHERE ( style_id = 0 ) LIMIT 1   [ RunTime:0.0001s ]
SQL: SELECT * FROM `xfz_style` WHERE ( style_id = 0 ) LIMIT 1   [ RunTime:0.0001s ]
SQL: SELECT * FROM `xfz_style` WHERE ( style_id = 0 ) LIMIT 1   [ RunTime:0.0001s ]
SQL: SELECT * FROM `xfz_style` WHERE ( style_id = 0 ) LIMIT 1   [ RunTime:0.0001s ]
SQL: SELECT * FROM `xfz_style` WHERE ( style_id = 0 ) LIMIT 1   [ RunTime:0.0001s ]
SQL: SELECT * FROM `xfz_style` WHERE ( style_id = 0 ) LIMIT 1   [ RunTime:0.0001s ]
SQL: SELECT * FROM `xfz_style` WHERE ( style_id = 0 ) LIMIT 1   [ RunTime:0.0001s ]

[ 2017-10-25T22:30:19+08:00 ] 192.168.2.183 /xiaofenzu/index.php?m=sapp&c=group&a=findUserGroup
INFO: [ app_init ] --START--
INFO: Run Behavior\BuildLiteBehavior [ RunTime:0.000009s ]
INFO: [ app_init ] --END-- [ RunTime:0.000220s ]
INFO: [ app_begin ] --START--
INFO: Run Behavior\ReadHtmlCacheBehavior [ RunTime:0.000269s ]
INFO: [ app_begin ] --END-- [ RunTime:0.000302s ]
SQL: SHOW COLUMNS FROM `xfz_session` [ RunTime:0.0004s ]
SQL: SELECT * FROM `xfz_session` WHERE ( session3key = 'RihStqzKG9h70Huj' ) LIMIT 1   [ RunTime:0.0002s ]
SQL: SHOW COLUMNS FROM `xfz_user` [ RunTime:0.0003s ]
SQL: SELECT * FROM `xfz_user` WHERE ( openid = "ovZ4O0QiXjBWoYbrw7hLaUP7HqkU" ) LIMIT 1   [ RunTime:0.0001s ]
SQL: SHOW COLUMNS FROM `xfz_group` [ RunTime:0.0003s ]
SQL: SELECT * FROM `xfz_group` WHERE ( user_id = 3 )  [ RunTime:0.0002s ]
SQL: SHOW COLUMNS FROM `xfz_style` [ RunTime:0.0059s ]
SQL: SELECT * FROM `xfz_style` WHERE ( style_id = 0 ) LIMIT 1   [ RunTime:0.0002s ]

[ 2017-10-25T22:30:19+08:00 ] 192.168.2.183 /xiaofenzu/index.php?m=sapp&c=login&a=checkSession
INFO: [ app_init ] --START--
INFO: Run Behavior\BuildLiteBehavior [ RunTime:0.000009s ]
INFO: [ app_init ] --END-- [ RunTime:0.000223s ]
INFO: [ app_begin ] --START--
INFO: Run Behavior\ReadHtmlCacheBehavior [ RunTime:0.000269s ]
INFO: [ app_begin ] --END-- [ RunTime:0.000302s ]
SQL: SHOW COLUMNS FROM `xfz_session` [ RunTime:0.0004s ]
SQL: SELECT * FROM `xfz_session` WHERE ( session3key = 'RihStqzKG9h70Huj' ) LIMIT 1   [ RunTime:0.0002s ]

[ 2017-10-25T22:30:20+08:00 ] 192.168.2.183 /xiaofenzu/index.php?m=sapp&c=group&a=findGroup
INFO: [ app_init ] --START--
INFO: Run Behavior\BuildLiteBehavior [ RunTime:0.000009s ]
INFO: [ app_init ] --END-- [ RunTime:0.000221s ]
INFO: [ app_begin ] --START--
INFO: Run Behavior\ReadHtmlCacheBehavior [ RunTime:0.000271s ]
INFO: [ app_begin ] --END-- [ RunTime:0.000306s ]
SQL: SHOW COLUMNS FROM `xfz_session` [ RunTime:0.0004s ]
SQL: SELECT * FROM `xfz_session` WHERE ( session3key = 'RihStqzKG9h70Huj' ) LIMIT 1   [ RunTime:0.0002s ]
SQL: SHOW COLUMNS FROM `xfz_user` [ RunTime:0.0003s ]
SQL: SELECT * FROM `xfz_user` WHERE ( openid = "ovZ4O0QiXjBWoYbrw7hLaUP7HqkU" ) LIMIT 1   [ RunTime:0.0002s ]
SQL: SHOW COLUMNS FROM `xfz_group` [ RunTime:0.0003s ]
SQL: SELECT * FROM `xfz_group` WHERE ( group_id = 23 ) LIMIT 1   [ RunTime:0.0002s ]
SQL: SHOW COLUMNS FROM `xfz_style` [ RunTime:0.0003s ]
SQL: SELECT * FROM `xfz_style` WHERE ( style_id = 0 ) LIMIT 1   [ RunTime:0.0001s ]

[ 2017-10-25T22:30:21+08:00 ] 192.168.2.183 /xiaofenzu/index.php?m=sapp&c=group&a=findGroup
INFO: [ app_init ] --START--
INFO: Run Behavior\BuildLiteBehavior [ RunTime:0.000009s ]
INFO: [ app_init ] --END-- [ RunTime:0.000219s ]
INFO: [ app_begin ] --START--
INFO: Run Behavior\ReadHtmlCacheBehavior [ RunTime:0.000271s ]
INFO: [ app_begin ] --END-- [ RunTime:0.000305s ]
SQL: SHOW COLUMNS FROM `xfz_session` [ RunTime:0.0004s ]
SQL: SELECT * FROM `xfz_session` WHERE ( session3key = 'RihStqzKG9h70Huj' ) LIMIT 1   [ RunTime:0.0002s ]
SQL: SHOW COLUMNS FROM `xfz_user` [ RunTime:0.0003s ]
SQL: SELECT * FROM `xfz_user` WHERE ( openid = "ovZ4O0QiXjBWoYbrw7hLaUP7HqkU" ) LIMIT 1   [ RunTime:0.0002s ]
SQL: SHOW COLUMNS FROM `xfz_group` [ RunTime:0.0003s ]
SQL: SELECT * FROM `xfz_group` WHERE ( group_id = 23 ) LIMIT 1   [ RunTime:0.0001s ]
SQL: SHOW COLUMNS FROM `xfz_style` [ RunTime:0.0002s ]
SQL: SELECT * FROM `xfz_style` WHERE ( style_id = 0 ) LIMIT 1   [ RunTime:0.0001s ]

[ 2017-10-25T22:30:32+08:00 ] 192.168.2.122 /xiaofenzu/index.php?m=sapp&c=group&a=findGroup
INFO: [ app_init ] --START--
INFO: Run Behavior\BuildLiteBehavior [ RunTime:0.000010s ]
INFO: [ app_init ] --END-- [ RunTime:0.000222s ]
INFO: [ app_begin ] --START--
INFO: Run Behavior\ReadHtmlCacheBehavior [ RunTime:0.000273s ]
INFO: [ app_begin ] --END-- [ RunTime:0.000307s ]
SQL: SHOW COLUMNS FROM `xfz_session` [ RunTime:0.0004s ]
NOTIC: 建议使用E方法替代throw_exception

[ 2017-10-25T22:30:33+08:00 ] 192.168.2.122 /xiaofenzu/index.php?m=sapp&c=login&a=wxlogin
INFO: [ app_init ] --START--
INFO: Run Behavior\BuildLiteBehavior [ RunTime:0.000009s ]
INFO: [ app_init ] --END-- [ RunTime:0.000221s ]
INFO: [ app_begin ] --START--
INFO: Run Behavior\ReadHtmlCacheBehavior [ RunTime:0.000272s ]
INFO: [ app_begin ] --END-- [ RunTime:0.000305s ]
SQL: SHOW COLUMNS FROM `xfz_session` [ RunTime:0.0004s ]
SQL: SELECT * FROM `xfz_session` WHERE ( openid = 'ovZ4O0fUIusYj4iL5_1BGsErzh8E' ) LIMIT 1   [ RunTime:0.0002s ]
NOTIC: [8] Undefined index: unionid /Work/wwwroot/xiaofenzu/Application/Sapp/Controller/LoginController.class.php 第 72 行.
SQL: INSERT INTO `xfz_session` (`session3key`,`openid`,`session_key`,`unionid`,`create_time`) VALUES ('zpimamagWkQlxd6x','ovZ4O0fUIusYj4iL5_1BGsErzh8E','KA61a24NvQTBFtXNuO1THA==',NULL,'1508941833') [ RunTime:0.0057s ]
SQL: SHOW COLUMNS FROM `xfz_user` [ RunTime:0.0006s ]
SQL: SELECT * FROM `xfz_user` WHERE ( openid = "ovZ4O0fUIusYj4iL5_1BGsErzh8E" ) LIMIT 1   [ RunTime:0.0002s ]
SQL: INSERT INTO `xfz_user` (`openid`) VALUES ('ovZ4O0fUIusYj4iL5_1BGsErzh8E') [ RunTime:0.0005s ]

[ 2017-10-25T22:31:15+08:00 ] 192.168.2.122 /xiaofenzu/index.php?m=sapp&c=group&a=findGroup
INFO: [ app_init ] --START--
INFO: Run Behavior\BuildLiteBehavior [ RunTime:0.000009s ]
INFO: [ app_init ] --END-- [ RunTime:0.000217s ]
INFO: [ app_begin ] --START--
INFO: Run Behavior\ReadHtmlCacheBehavior [ RunTime:0.000229s ]
INFO: [ app_begin ] --END-- [ RunTime:0.000257s ]
SQL: SHOW COLUMNS FROM `xfz_session` [ RunTime:0.0004s ]
SQL: SELECT * FROM `xfz_session` WHERE ( session3key = 'zpimamagWkQlxd6x' ) LIMIT 1   [ RunTime:0.0002s ]
SQL: SHOW COLUMNS FROM `xfz_user` [ RunTime:0.0003s ]
SQL: SELECT * FROM `xfz_user` WHERE ( openid = "ovZ4O0fUIusYj4iL5_1BGsErzh8E" ) LIMIT 1   [ RunTime:0.0001s ]
SQL: SHOW COLUMNS FROM `xfz_group` [ RunTime:0.0003s ]
SQL: SELECT * FROM `xfz_group` WHERE ( group_id = 23 ) LIMIT 1   [ RunTime:0.0002s ]
SQL: SHOW COLUMNS FROM `xfz_style` [ RunTime:0.0003s ]
SQL: SELECT * FROM `xfz_style` WHERE ( style_id = 0 ) LIMIT 1   [ RunTime:0.0001s ]

[ 2017-10-25T22:32:17+08:00 ] 192.168.2.122 /xiaofenzu/index.php?m=sapp&c=group&a=findGroup
INFO: [ app_init ] --START--
INFO: Run Behavior\BuildLiteBehavior [ RunTime:0.000010s ]
INFO: [ app_init ] --END-- [ RunTime:0.000441s ]
INFO: [ app_begin ] --START--
INFO: Run Behavior\ReadHtmlCacheBehavior [ RunTime:0.000283s ]
INFO: [ app_begin ] --END-- [ RunTime:0.000323s ]
SQL: SHOW COLUMNS FROM `xfz_session` [ RunTime:0.0004s ]
SQL: SELECT * FROM `xfz_session` WHERE ( session3key = 'zpimamagWkQlxd6x' ) LIMIT 1   [ RunTime:0.0002s ]
SQL: SHOW COLUMNS FROM `xfz_user` [ RunTime:0.0003s ]
SQL: SELECT * FROM `xfz_user` WHERE ( openid = "ovZ4O0fUIusYj4iL5_1BGsErzh8E" ) LIMIT 1   [ RunTime:0.0002s ]
SQL: SHOW COLUMNS FROM `xfz_group` [ RunTime:0.0003s ]
SQL: SELECT * FROM `xfz_group` WHERE ( group_id = 23 ) LIMIT 1   [ RunTime:0.0002s ]
SQL: SHOW COLUMNS FROM `xfz_style` [ RunTime:0.0002s ]
SQL: SELECT * FROM `xfz_style` WHERE ( style_id = 0 ) LIMIT 1   [ RunTime:0.0001s ]

[ 2017-10-25T22:32:25+08:00 ] 192.168.2.122 /xiaofenzu/index.php?m=sapp&c=login&a=saveUserInfo
INFO: [ app_init ] --START--
INFO: Run Behavior\BuildLiteBehavior [ RunTime:0.000008s ]
INFO: [ app_init ] --END-- [ RunTime:0.000218s ]
INFO: [ app_begin ] --START--
INFO: Run Behavior\ReadHtmlCacheBehavior [ RunTime:0.000269s ]
INFO: [ app_begin ] --END-- [ RunTime:0.000303s ]
SQL: SHOW COLUMNS FROM `xfz_session` [ RunTime:0.0004s ]
SQL: SELECT * FROM `xfz_session` WHERE ( session3key = 'zpimamagWkQlxd6x' ) LIMIT 1   [ RunTime:0.0002s ]
SQL: SHOW COLUMNS FROM `xfz_user` [ RunTime:0.0003s ]
SQL: SELECT * FROM `xfz_user` WHERE ( openid = "ovZ4O0fUIusYj4iL5_1BGsErzh8E" ) LIMIT 1   [ RunTime:0.0001s ]
SQL: UPDATE `xfz_user` SET `nickName`='宝聚投资',`gender`='0',`city`='',`province`='',`country`='',`avatarUrl`='https://wx.qlogo.cn/mmopen/vi_32/5B60ckptMUlrwauPvIJodS5jQ3rdic51Uec7BIgTmkN6J06zXpdtWwzP6SiaviaPpAibL5BwNicAdLicRNQyBUlxcntg/0' WHERE ( openid = "ovZ4O0fUIusYj4iL5_1BGsErzh8E" ) [ RunTime:0.0056s ]

[ 2017-10-25T22:32:25+08:00 ] 192.168.2.122 /xiaofenzu/index.php?m=sapp&c=group&a=findGroup
INFO: [ app_init ] --START--
INFO: Run Behavior\BuildLiteBehavior [ RunTime:0.000009s ]
INFO: [ app_init ] --END-- [ RunTime:0.000216s ]
INFO: [ app_begin ] --START--
INFO: Run Behavior\ReadHtmlCacheBehavior [ RunTime:0.000270s ]
INFO: [ app_begin ] --END-- [ RunTime:0.000303s ]
SQL: SHOW COLUMNS FROM `xfz_session` [ RunTime:0.0003s ]
SQL: SELECT * FROM `xfz_session` WHERE ( session3key = 'zpimamagWkQlxd6x' ) LIMIT 1   [ RunTime:0.0002s ]
SQL: SHOW COLUMNS FROM `xfz_user` [ RunTime:0.0003s ]
SQL: SELECT * FROM `xfz_user` WHERE ( openid = "ovZ4O0fUIusYj4iL5_1BGsErzh8E" ) LIMIT 1   [ RunTime:0.0002s ]
SQL: SHOW COLUMNS FROM `xfz_group` [ RunTime:0.0003s ]
SQL: SELECT * FROM `xfz_group` WHERE ( group_id = 23 ) LIMIT 1   [ RunTime:0.0001s ]
SQL: SHOW COLUMNS FROM `xfz_style` [ RunTime:0.0002s ]
SQL: SELECT * FROM `xfz_style` WHERE ( style_id = 0 ) LIMIT 1   [ RunTime:0.0002s ]

[ 2017-10-25T22:32:40+08:00 ] 192.168.2.122 /xiaofenzu/index.php?m=sapp&c=group&a=findGroup
INFO: [ app_init ] --START--
INFO: Run Behavior\BuildLiteBehavior [ RunTime:0.000009s ]
INFO: [ app_init ] --END-- [ RunTime:0.000224s ]
INFO: [ app_begin ] --START--
INFO: Run Behavior\ReadHtmlCacheBehavior [ RunTime:0.000276s ]
INFO: [ app_begin ] --END-- [ RunTime:0.000309s ]
SQL: SHOW COLUMNS FROM `xfz_session` [ RunTime:0.0004s ]
SQL: SELECT * FROM `xfz_session` WHERE ( session3key = 'zpimamagWkQlxd6x' ) LIMIT 1   [ RunTime:0.0002s ]
SQL: SHOW COLUMNS FROM `xfz_user` [ RunTime:0.0003s ]
SQL: SELECT * FROM `xfz_user` WHERE ( openid = "ovZ4O0fUIusYj4iL5_1BGsErzh8E" ) LIMIT 1   [ RunTime:0.0001s ]
SQL: SHOW COLUMNS FROM `xfz_group` [ RunTime:0.0003s ]
SQL: SELECT * FROM `xfz_group` WHERE ( group_id = 23 ) LIMIT 1   [ RunTime:0.0002s ]
SQL: SHOW COLUMNS FROM `xfz_style` [ RunTime:0.0002s ]
SQL: SELECT * FROM `xfz_style` WHERE ( style_id = 0 ) LIMIT 1   [ RunTime:0.0001s ]

[ 2017-10-25T22:34:02+08:00 ] 192.168.2.122 /xiaofenzu/index.php?m=sapp&c=group&a=findUserGroup
INFO: [ app_init ] --START--
INFO: Run Behavior\BuildLiteBehavior [ RunTime:0.000008s ]
INFO: [ app_init ] --END-- [ RunTime:0.000201s ]
INFO: [ app_begin ] --START--
INFO: Run Behavior\ReadHtmlCacheBehavior [ RunTime:0.000254s ]
INFO: [ app_begin ] --END-- [ RunTime:0.000282s ]
SQL: SHOW COLUMNS FROM `xfz_session` [ RunTime:0.0004s ]
SQL: SELECT * FROM `xfz_session` WHERE ( session3key = 'zpimamagWkQlxd6x' ) LIMIT 1   [ RunTime:0.0002s ]
SQL: SHOW COLUMNS FROM `xfz_user` [ RunTime:0.0003s ]
SQL: SELECT * FROM `xfz_user` WHERE ( openid = "ovZ4O0fUIusYj4iL5_1BGsErzh8E" ) LIMIT 1   [ RunTime:0.0002s ]
SQL: SHOW COLUMNS FROM `xfz_group` [ RunTime:0.0003s ]
SQL: SELECT * FROM `xfz_group` WHERE ( user_id = 5 )  [ RunTime:0.0002s ]

[ 2017-10-25T22:34:27+08:00 ] 192.168.2.122 /xiaofenzu/index.php?m=sapp&c=login&a=saveUserInfo
INFO: [ app_init ] --START--
INFO: Run Behavior\BuildLiteBehavior [ RunTime:0.000009s ]
INFO: [ app_init ] --END-- [ RunTime:0.000219s ]
INFO: [ app_begin ] --START--
INFO: Run Behavior\ReadHtmlCacheBehavior [ RunTime:0.000269s ]
INFO: [ app_begin ] --END-- [ RunTime:0.000303s ]
SQL: SHOW COLUMNS FROM `xfz_session` [ RunTime:0.0004s ]
SQL: SELECT * FROM `xfz_session` WHERE ( session3key = 'zpimamagWkQlxd6x' ) LIMIT 1   [ RunTime:0.0002s ]
SQL: SHOW COLUMNS FROM `xfz_user` [ RunTime:0.0003s ]
SQL: SELECT * FROM `xfz_user` WHERE ( openid = "ovZ4O0fUIusYj4iL5_1BGsErzh8E" ) LIMIT 1   [ RunTime:0.0002s ]
SQL: UPDATE `xfz_user` SET `nickName`='宝聚投资',`gender`='0',`city`='',`province`='',`country`='',`avatarUrl`='https://wx.qlogo.cn/mmopen/vi_32/5B60ckptMUlrwauPvIJodS5jQ3rdic51Uec7BIgTmkN6J06zXpdtWwzP6SiaviaPpAibL5BwNicAdLicRNQyBUlxcntg/0' WHERE ( openid = "ovZ4O0fUIusYj4iL5_1BGsErzh8E" ) [ RunTime:0.0025s ]

[ 2017-10-25T22:34:27+08:00 ] 192.168.2.122 /xiaofenzu/index.php?m=sapp&c=style&a=getAllStyle
INFO: [ app_init ] --START--
INFO: Run Behavior\BuildLiteBehavior [ RunTime:0.000009s ]
INFO: [ app_init ] --END-- [ RunTime:0.000216s ]
INFO: [ app_begin ] --START--
INFO: Run Behavior\ReadHtmlCacheBehavior [ RunTime:0.000266s ]
INFO: [ app_begin ] --END-- [ RunTime:0.000300s ]
SQL: SHOW COLUMNS FROM `xfz_style` [ RunTime:0.0004s ]
SQL: SELECT * FROM `xfz_style`  [ RunTime:0.0001s ]

[ 2017-10-25T22:34:38+08:00 ] 192.168.2.122 /xiaofenzu/index.php?m=sapp&c=group&a=createGroup
INFO: [ app_init ] --START--
INFO: Run Behavior\BuildLiteBehavior [ RunTime:0.000009s ]
INFO: [ app_init ] --END-- [ RunTime:0.000231s ]
INFO: [ app_begin ] --START--
INFO: Run Behavior\ReadHtmlCacheBehavior [ RunTime:0.000277s ]
INFO: [ app_begin ] --END-- [ RunTime:0.000312s ]
SQL: SHOW COLUMNS FROM `xfz_session` [ RunTime:0.0004s ]
SQL: SELECT * FROM `xfz_session` WHERE ( session3key = 'zpimamagWkQlxd6x' ) LIMIT 1   [ RunTime:0.0002s ]
SQL: SHOW COLUMNS FROM `xfz_user` [ RunTime:0.0003s ]
SQL: SELECT * FROM `xfz_user` WHERE ( openid = "ovZ4O0fUIusYj4iL5_1BGsErzh8E" ) LIMIT 1   [ RunTime:0.0001s ]
SQL: SHOW COLUMNS FROM `xfz_group` [ RunTime:0.0003s ]
SQL: INSERT INTO `xfz_group` (`name`,`number`,`leader`,`sex`,`style_id`,`user_id`,`create_time`,`update_time`) VALUES ('ceshikksks','5','1','0','0','5','1508942078','1508942078') [ RunTime:0.0057s ]

[ 2017-10-25T22:34:39+08:00 ] 192.168.2.122 /xiaofenzu/index.php?m=sapp&c=group&a=findGroup
INFO: [ app_init ] --START--
INFO: Run Behavior\BuildLiteBehavior [ RunTime:0.000010s ]
INFO: [ app_init ] --END-- [ RunTime:0.000224s ]
INFO: [ app_begin ] --START--
INFO: Run Behavior\ReadHtmlCacheBehavior [ RunTime:0.000277s ]
INFO: [ app_begin ] --END-- [ RunTime:0.000310s ]
SQL: SHOW COLUMNS FROM `xfz_session` [ RunTime:0.0004s ]
SQL: SELECT * FROM `xfz_session` WHERE ( session3key = 'zpimamagWkQlxd6x' ) LIMIT 1   [ RunTime:0.0002s ]
SQL: SHOW COLUMNS FROM `xfz_user` [ RunTime:0.0003s ]
SQL: SELECT * FROM `xfz_user` WHERE ( openid = "ovZ4O0fUIusYj4iL5_1BGsErzh8E" ) LIMIT 1   [ RunTime:0.0002s ]
SQL: SHOW COLUMNS FROM `xfz_group` [ RunTime:0.0003s ]
SQL: SELECT * FROM `xfz_group` WHERE ( group_id = 24 ) LIMIT 1   [ RunTime:0.0001s ]
SQL: SHOW COLUMNS FROM `xfz_style` [ RunTime:0.0002s ]
SQL: SELECT * FROM `xfz_style` WHERE ( style_id = 0 ) LIMIT 1   [ RunTime:0.0001s ]

[ 2017-10-25T22:35:20+08:00 ] 192.168.2.236 /xiaofenzu/index.php?m=sapp&c=group&a=findUserGroup
INFO: [ app_init ] --START--
INFO: Run Behavior\BuildLiteBehavior [ RunTime:0.000009s ]
INFO: [ app_init ] --END-- [ RunTime:0.000218s ]
INFO: [ app_begin ] --START--
INFO: Run Behavior\ReadHtmlCacheBehavior [ RunTime:0.000268s ]
INFO: [ app_begin ] --END-- [ RunTime:0.000301s ]
SQL: SHOW COLUMNS FROM `xfz_session` [ RunTime:0.0003s ]
SQL: SELECT * FROM `xfz_session` WHERE ( session3key = 'jPSRngCKxIaURocc' ) LIMIT 1   [ RunTime:0.0002s ]
SQL: SHOW COLUMNS FROM `xfz_user` [ RunTime:0.0003s ]
SQL: SELECT * FROM `xfz_user` WHERE ( openid = "ovZ4O0TF7w3PN_ThRBV5zG-kmq9U" ) LIMIT 1   [ RunTime:0.0001s ]
SQL: SHOW COLUMNS FROM `xfz_group` [ RunTime:0.0003s ]
SQL: SELECT * FROM `xfz_group` WHERE ( user_id = 2 )  [ RunTime:0.0002s ]
SQL: SHOW COLUMNS FROM `xfz_style` [ RunTime:0.0002s ]
SQL: SELECT * FROM `xfz_style` WHERE ( style_id = 0 ) LIMIT 1   [ RunTime:0.0001s ]

[ 2017-10-25T22:35:20+08:00 ] 192.168.2.236 /xiaofenzu/index.php?m=sapp&c=login&a=checkSession
INFO: [ app_init ] --START--
INFO: Run Behavior\BuildLiteBehavior [ RunTime:0.000008s ]
INFO: [ app_init ] --END-- [ RunTime:0.000186s ]
INFO: [ app_begin ] --START--
INFO: Run Behavior\ReadHtmlCacheBehavior [ RunTime:0.000229s ]
INFO: [ app_begin ] --END-- [ RunTime:0.000257s ]
SQL: SHOW COLUMNS FROM `xfz_session` [ RunTime:0.0004s ]
SQL: SELECT * FROM `xfz_session` WHERE ( session3key = 'jPSRngCKxIaURocc' ) LIMIT 1   [ RunTime:0.0002s ]

[ 2017-10-25T22:35:28+08:00 ] 192.168.2.236 /xiaofenzu/index.php?m=sapp&c=group&a=findGroup
INFO: [ app_init ] --START--
INFO: Run Behavior\BuildLiteBehavior [ RunTime:0.000010s ]
INFO: [ app_init ] --END-- [ RunTime:0.000226s ]
INFO: [ app_begin ] --START--
INFO: Run Behavior\ReadHtmlCacheBehavior [ RunTime:0.000275s ]
INFO: [ app_begin ] --END-- [ RunTime:0.000309s ]
SQL: SHOW COLUMNS FROM `xfz_session` [ RunTime:0.0005s ]
SQL: SELECT * FROM `xfz_session` WHERE ( session3key = 'jPSRngCKxIaURocc' ) LIMIT 1   [ RunTime:0.0002s ]
SQL: SHOW COLUMNS FROM `xfz_user` [ RunTime:0.0003s ]
SQL: SELECT * FROM `xfz_user` WHERE ( openid = "ovZ4O0TF7w3PN_ThRBV5zG-kmq9U" ) LIMIT 1   [ RunTime:0.0002s ]
SQL: SHOW COLUMNS FROM `xfz_group` [ RunTime:0.0003s ]
SQL: SELECT * FROM `xfz_group` WHERE ( group_id = 24 ) LIMIT 1   [ RunTime:0.0002s ]
SQL: SHOW COLUMNS FROM `xfz_style` [ RunTime:0.0002s ]
SQL: SELECT * FROM `xfz_style` WHERE ( style_id = 0 ) LIMIT 1   [ RunTime:0.0001s ]

[ 2017-10-25T22:35:31+08:00 ] 192.168.2.236 /xiaofenzu/index.php?m=sapp&c=group&a=findGroup
INFO: [ app_init ] --START--
INFO: Run Behavior\BuildLiteBehavior [ RunTime:0.000006s ]
INFO: [ app_init ] --END-- [ RunTime:0.000165s ]
INFO: [ app_begin ] --START--
INFO: Run Behavior\ReadHtmlCacheBehavior [ RunTime:0.000203s ]
INFO: [ app_begin ] --END-- [ RunTime:0.000228s ]
SQL: SHOW COLUMNS FROM `xfz_session` [ RunTime:0.0003s ]
SQL: SELECT * FROM `xfz_session` WHERE ( session3key = 'jPSRngCKxIaURocc' ) LIMIT 1   [ RunTime:0.0002s ]
SQL: SHOW COLUMNS FROM `xfz_user` [ RunTime:0.0002s ]
SQL: SELECT * FROM `xfz_user` WHERE ( openid = "ovZ4O0TF7w3PN_ThRBV5zG-kmq9U" ) LIMIT 1   [ RunTime:0.0001s ]
SQL: SHOW COLUMNS FROM `xfz_group` [ RunTime:0.0002s ]
SQL: SELECT * FROM `xfz_group` WHERE ( group_id = 24 ) LIMIT 1   [ RunTime:0.0001s ]
SQL: SHOW COLUMNS FROM `xfz_style` [ RunTime:0.0002s ]
SQL: SELECT * FROM `xfz_style` WHERE ( style_id = 0 ) LIMIT 1   [ RunTime:0.0001s ]

