[ 2017-11-06T20:20:12+08:00 ] 192.168.2.237 /xiaofenzu/index.php?m=sapp&c=login&a=checkSession
INFO: [ app_init ] --START--
INFO: Run Behavior\BuildLiteBehavior [ RunTime:0.000009s ]
INFO: [ app_init ] --END-- [ RunTime:0.000457s ]
INFO: [ app_begin ] --START--
INFO: Run Behavior\ReadHtmlCacheBehavior [ RunTime:0.000574s ]
INFO: [ app_begin ] --END-- [ RunTime:0.000647s ]
SQL: SHOW COLUMNS FROM `xfz_session` [ RunTime:0.0015s ]
SQL: SELECT * FROM `xfz_session` WHERE ( session3key = 'zJ3ktfcgdPli9Iva' ) LIMIT 1   [ RunTime:0.0002s ]

[ 2017-11-06T20:20:12+08:00 ] 192.168.2.237 /xiaofenzu/index.php?m=sapp&c=group&a=findUserGroup
INFO: [ app_init ] --START--
INFO: Run Behavior\BuildLiteBehavior [ RunTime:0.000009s ]
INFO: [ app_init ] --END-- [ RunTime:0.000250s ]
INFO: [ app_begin ] --START--
INFO: Run Behavior\ReadHtmlCacheBehavior [ RunTime:0.000261s ]
INFO: [ app_begin ] --END-- [ RunTime:0.000299s ]
SQL: SHOW COLUMNS FROM `xfz_session` [ RunTime:0.0003s ]
SQL: SELECT * FROM `xfz_session` WHERE ( session3key = 'zJ3ktfcgdPli9Iva' ) LIMIT 1   [ RunTime:0.0002s ]
SQL: SHOW COLUMNS FROM `xfz_user` [ RunTime:0.0020s ]
SQL: SELECT * FROM `xfz_user` WHERE ( openid = "ovZ4O0X2Dn2mFAPvSBZ-VmUflykI" ) LIMIT 1   [ RunTime:0.0003s ]
SQL: SHOW COLUMNS FROM `xfz_group` [ RunTime:0.0015s ]
SQL: SELECT * FROM `xfz_group` WHERE ( user_id = 1 )  [ RunTime:0.0002s ]
SQL: SHOW COLUMNS FROM `xfz_style` [ RunTime:0.0017s ]
SQL: SELECT * FROM `xfz_style` WHERE ( style_id = 0 ) LIMIT 1   [ RunTime:0.0002s ]

[ 2017-11-06T21:04:27+08:00 ] 192.168.2.237 /xiaofenzu/index.php?m=sapp&c=group&a=findGroup
INFO: [ app_init ] --START--
INFO: Run Behavior\BuildLiteBehavior [ RunTime:0.000010s ]
INFO: [ app_init ] --END-- [ RunTime:0.000443s ]
INFO: [ app_begin ] --START--
INFO: Run Behavior\ReadHtmlCacheBehavior [ RunTime:0.000489s ]
INFO: [ app_begin ] --END-- [ RunTime:0.000518s ]
SQL: SHOW COLUMNS FROM `xfz_session` [ RunTime:0.0008s ]
SQL: SELECT * FROM `xfz_session` WHERE ( session3key = 'zJ3ktfcgdPli9Iva' ) LIMIT 1   [ RunTime:0.0004s ]
SQL: SHOW COLUMNS FROM `xfz_user` [ RunTime:0.0004s ]
SQL: SELECT * FROM `xfz_user` WHERE ( openid = "ovZ4O0X2Dn2mFAPvSBZ-VmUflykI" ) LIMIT 1   [ RunTime:0.0002s ]
SQL: SHOW COLUMNS FROM `xfz_group` [ RunTime:0.0003s ]
SQL: SELECT * FROM `xfz_group` WHERE ( group_id = 27 ) LIMIT 1   [ RunTime:0.0002s ]
SQL: SHOW COLUMNS FROM `xfz_style` [ RunTime:0.0006s ]
SQL: SELECT * FROM `xfz_style` WHERE ( style_id = 0 ) LIMIT 1   [ RunTime:0.0003s ]
SQL: SHOW COLUMNS FROM `xfz_member` [ RunTime:0.0017s ]
SQL: SELECT * FROM `xfz_member` WHERE `group_id` = 27 LIMIT 6   [ RunTime:0.0001s ]
SQL: SELECT * FROM `xfz_user` WHERE `user_id` = 1 LIMIT 1   [ RunTime:0.0001s ]
SQL: SELECT * FROM `xfz_user` WHERE `user_id` = 2 LIMIT 1   [ RunTime:0.0001s ]
SQL: SELECT * FROM `xfz_user` WHERE `user_id` = 3 LIMIT 1   [ RunTime:0.0001s ]
SQL: SELECT * FROM `xfz_user` WHERE `user_id` = 5 LIMIT 1   [ RunTime:0.0001s ]
SQL: SELECT * FROM `xfz_user` WHERE `user_id` = 3 LIMIT 1   [ RunTime:0.0001s ]
SQL: SELECT * FROM `xfz_user` WHERE `user_id` = 1 LIMIT 1   [ RunTime:0.0001s ]
SQL: SHOW COLUMNS FROM `xfz_team` [ RunTime:0.0018s ]
SQL: SELECT * FROM `xfz_team` WHERE `group_id` = 27  [ RunTime:0.0002s ]
SQL: SELECT * FROM `xfz_user` WHERE `user_id` = 3 LIMIT 1   [ RunTime:0.0002s ]
SQL: SELECT * FROM `xfz_user` WHERE `user_id` = 5 LIMIT 1   [ RunTime:0.0001s ]
SQL: SELECT * FROM `xfz_user` WHERE `user_id` = 1 LIMIT 1   [ RunTime:0.0001s ]
SQL: SELECT * FROM `xfz_user` WHERE `user_id` = 1 LIMIT 1   [ RunTime:0.0001s ]
SQL: SELECT * FROM `xfz_user` WHERE `user_id` = 2 LIMIT 1   [ RunTime:0.0001s ]
SQL: SELECT * FROM `xfz_user` WHERE `user_id` = 3 LIMIT 1   [ RunTime:0.0001s ]
SQL: SELECT * FROM `xfz_user` WHERE `user_id` = 2 LIMIT 1   [ RunTime:0.0001s ]
SQL: SELECT * FROM `xfz_user` WHERE `user_id` = 5 LIMIT 1   [ RunTime:0.0002s ]

[ 2017-11-06T21:04:46+08:00 ] 192.168.2.237 /xiaofenzu/index.php?m=sapp&c=group&a=findGroup
INFO: [ app_init ] --START--
INFO: Run Behavior\BuildLiteBehavior [ RunTime:0.000011s ]
INFO: [ app_init ] --END-- [ RunTime:0.000243s ]
INFO: [ app_begin ] --START--
INFO: Run Behavior\ReadHtmlCacheBehavior [ RunTime:0.000306s ]
INFO: [ app_begin ] --END-- [ RunTime:0.000353s ]
SQL: SHOW COLUMNS FROM `xfz_session` [ RunTime:0.0004s ]
SQL: SELECT * FROM `xfz_session` WHERE ( session3key = 'zJ3ktfcgdPli9Iva' ) LIMIT 1   [ RunTime:0.0002s ]
SQL: SHOW COLUMNS FROM `xfz_user` [ RunTime:0.0005s ]
SQL: SELECT * FROM `xfz_user` WHERE ( openid = "ovZ4O0X2Dn2mFAPvSBZ-VmUflykI" ) LIMIT 1   [ RunTime:0.0002s ]
SQL: SHOW COLUMNS FROM `xfz_group` [ RunTime:0.0004s ]
SQL: SELECT * FROM `xfz_group` WHERE ( group_id = 27 ) LIMIT 1   [ RunTime:0.0002s ]
SQL: SHOW COLUMNS FROM `xfz_style` [ RunTime:0.0007s ]
SQL: SELECT * FROM `xfz_style` WHERE ( style_id = 0 ) LIMIT 1   [ RunTime:0.0003s ]
SQL: SHOW COLUMNS FROM `xfz_member` [ RunTime:0.0005s ]
SQL: SELECT * FROM `xfz_member` WHERE `group_id` = 27 LIMIT 6   [ RunTime:0.0003s ]
SQL: SELECT * FROM `xfz_user` WHERE `user_id` = 1 LIMIT 1   [ RunTime:0.0002s ]
SQL: SELECT * FROM `xfz_user` WHERE `user_id` = 2 LIMIT 1   [ RunTime:0.0002s ]
SQL: SELECT * FROM `xfz_user` WHERE `user_id` = 3 LIMIT 1   [ RunTime:0.0003s ]
SQL: SELECT * FROM `xfz_user` WHERE `user_id` = 5 LIMIT 1   [ RunTime:0.0003s ]
SQL: SELECT * FROM `xfz_user` WHERE `user_id` = 3 LIMIT 1   [ RunTime:0.0002s ]
SQL: SELECT * FROM `xfz_user` WHERE `user_id` = 1 LIMIT 1   [ RunTime:0.0001s ]
SQL: SHOW COLUMNS FROM `xfz_team` [ RunTime:0.0010s ]
SQL: SELECT * FROM `xfz_team` WHERE `group_id` = 27  [ RunTime:0.0004s ]
SQL: SELECT * FROM `xfz_user` WHERE `user_id` = 3 LIMIT 1   [ RunTime:0.0004s ]
SQL: SELECT * FROM `xfz_user` WHERE `user_id` = 5 LIMIT 1   [ RunTime:0.0004s ]
SQL: SELECT * FROM `xfz_user` WHERE `user_id` = 1 LIMIT 1   [ RunTime:0.0003s ]
SQL: SELECT * FROM `xfz_user` WHERE `user_id` = 1 LIMIT 1   [ RunTime:0.0003s ]
SQL: SELECT * FROM `xfz_user` WHERE `user_id` = 2 LIMIT 1   [ RunTime:0.0003s ]
SQL: SELECT * FROM `xfz_user` WHERE `user_id` = 3 LIMIT 1   [ RunTime:0.0003s ]
SQL: SELECT * FROM `xfz_user` WHERE `user_id` = 2 LIMIT 1   [ RunTime:0.0004s ]
SQL: SELECT * FROM `xfz_user` WHERE `user_id` = 5 LIMIT 1   [ RunTime:0.0003s ]

[ 2017-11-06T21:04:47+08:00 ] 192.168.2.237 /xiaofenzu/index.php?m=sapp&c=group&a=findGroup
INFO: [ app_init ] --START--
INFO: Run Behavior\BuildLiteBehavior [ RunTime:0.000009s ]
INFO: [ app_init ] --END-- [ RunTime:0.000225s ]
INFO: [ app_begin ] --START--
INFO: Run Behavior\ReadHtmlCacheBehavior [ RunTime:0.000555s ]
INFO: [ app_begin ] --END-- [ RunTime:0.000672s ]
SQL: SHOW COLUMNS FROM `xfz_session` [ RunTime:0.0004s ]
SQL: SELECT * FROM `xfz_session` WHERE ( session3key = 'zJ3ktfcgdPli9Iva' ) LIMIT 1   [ RunTime:0.0002s ]
SQL: SHOW COLUMNS FROM `xfz_user` [ RunTime:0.0003s ]
SQL: SELECT * FROM `xfz_user` WHERE ( openid = "ovZ4O0X2Dn2mFAPvSBZ-VmUflykI" ) LIMIT 1   [ RunTime:0.0002s ]
SQL: SHOW COLUMNS FROM `xfz_group` [ RunTime:0.0003s ]
SQL: SELECT * FROM `xfz_group` WHERE ( group_id = 27 ) LIMIT 1   [ RunTime:0.0001s ]
SQL: SHOW COLUMNS FROM `xfz_style` [ RunTime:0.0003s ]
SQL: SELECT * FROM `xfz_style` WHERE ( style_id = 0 ) LIMIT 1   [ RunTime:0.0001s ]
SQL: SHOW COLUMNS FROM `xfz_member` [ RunTime:0.0003s ]
SQL: SELECT * FROM `xfz_member` WHERE `group_id` = 27 LIMIT 6   [ RunTime:0.0001s ]
SQL: SELECT * FROM `xfz_user` WHERE `user_id` = 1 LIMIT 1   [ RunTime:0.0001s ]
SQL: SELECT * FROM `xfz_user` WHERE `user_id` = 2 LIMIT 1   [ RunTime:0.0002s ]
SQL: SELECT * FROM `xfz_user` WHERE `user_id` = 3 LIMIT 1   [ RunTime:0.0001s ]
SQL: SELECT * FROM `xfz_user` WHERE `user_id` = 5 LIMIT 1   [ RunTime:0.0002s ]
SQL: SELECT * FROM `xfz_user` WHERE `user_id` = 3 LIMIT 1   [ RunTime:0.0002s ]
SQL: SELECT * FROM `xfz_user` WHERE `user_id` = 1 LIMIT 1   [ RunTime:0.0002s ]
SQL: SHOW COLUMNS FROM `xfz_team` [ RunTime:0.0004s ]
SQL: SELECT * FROM `xfz_team` WHERE `group_id` = 27  [ RunTime:0.0002s ]
SQL: SELECT * FROM `xfz_user` WHERE `user_id` = 3 LIMIT 1   [ RunTime:0.0001s ]
SQL: SELECT * FROM `xfz_user` WHERE `user_id` = 5 LIMIT 1   [ RunTime:0.0001s ]
SQL: SELECT * FROM `xfz_user` WHERE `user_id` = 1 LIMIT 1   [ RunTime:0.0001s ]
SQL: SELECT * FROM `xfz_user` WHERE `user_id` = 1 LIMIT 1   [ RunTime:0.0002s ]
SQL: SELECT * FROM `xfz_user` WHERE `user_id` = 2 LIMIT 1   [ RunTime:0.0001s ]
SQL: SELECT * FROM `xfz_user` WHERE `user_id` = 3 LIMIT 1   [ RunTime:0.0003s ]
SQL: SELECT * FROM `xfz_user` WHERE `user_id` = 2 LIMIT 1   [ RunTime:0.0005s ]
SQL: SELECT * FROM `xfz_user` WHERE `user_id` = 5 LIMIT 1   [ RunTime:0.0002s ]

[ 2017-11-06T21:04:50+08:00 ] 192.168.2.237 /xiaofenzu/index.php?m=sapp&c=member&a=listMemberOfGroup
INFO: [ app_init ] --START--
INFO: Run Behavior\BuildLiteBehavior [ RunTime:0.000009s ]
INFO: [ app_init ] --END-- [ RunTime:0.000268s ]
INFO: [ app_begin ] --START--
INFO: Run Behavior\ReadHtmlCacheBehavior [ RunTime:0.000879s ]
INFO: [ app_begin ] --END-- [ RunTime:0.000936s ]
SQL: SHOW COLUMNS FROM `xfz_member` [ RunTime:0.0005s ]
SQL: SELECT * FROM `xfz_member` WHERE `group_id` = 27  [ RunTime:0.0002s ]
SQL: SHOW COLUMNS FROM `xfz_user` [ RunTime:0.0005s ]
SQL: SELECT * FROM `xfz_user` WHERE `user_id` = 1 LIMIT 1   [ RunTime:0.0003s ]
SQL: SELECT * FROM `xfz_user` WHERE `user_id` = 1 LIMIT 1   [ RunTime:0.0003s ]
SQL: SELECT * FROM `xfz_user` WHERE `user_id` = 2 LIMIT 1   [ RunTime:0.0002s ]
SQL: SELECT * FROM `xfz_user` WHERE `user_id` = 1 LIMIT 1   [ RunTime:0.0002s ]
SQL: SELECT * FROM `xfz_user` WHERE `user_id` = 3 LIMIT 1   [ RunTime:0.0003s ]
SQL: SELECT * FROM `xfz_user` WHERE `user_id` = 1 LIMIT 1   [ RunTime:0.0003s ]
SQL: SELECT * FROM `xfz_user` WHERE `user_id` = 5 LIMIT 1   [ RunTime:0.0002s ]
SQL: SELECT * FROM `xfz_user` WHERE `user_id` = 1 LIMIT 1   [ RunTime:0.0002s ]
SQL: SELECT * FROM `xfz_user` WHERE `user_id` = 3 LIMIT 1   [ RunTime:0.0003s ]
SQL: SELECT * FROM `xfz_user` WHERE `user_id` = 1 LIMIT 1   [ RunTime:0.0002s ]
SQL: SELECT * FROM `xfz_user` WHERE `user_id` = 1 LIMIT 1   [ RunTime:0.0003s ]
SQL: SELECT * FROM `xfz_user` WHERE `user_id` = 1 LIMIT 1   [ RunTime:0.0002s ]
SQL: SELECT * FROM `xfz_user` WHERE `user_id` = 5 LIMIT 1   [ RunTime:0.0002s ]
SQL: SELECT * FROM `xfz_user` WHERE `user_id` = 1 LIMIT 1   [ RunTime:0.0003s ]
SQL: SELECT * FROM `xfz_user` WHERE `user_id` = 2 LIMIT 1   [ RunTime:0.0003s ]

[ 2017-11-06T21:04:54+08:00 ] 192.168.2.237 /xiaofenzu/index.php?m=sapp&c=user&a=getUserInfo
INFO: [ app_init ] --START--
INFO: Run Behavior\BuildLiteBehavior [ RunTime:0.000011s ]
INFO: [ app_init ] --END-- [ RunTime:0.000299s ]
INFO: [ app_begin ] --START--
INFO: Run Behavior\ReadHtmlCacheBehavior [ RunTime:0.000564s ]
INFO: [ app_begin ] --END-- [ RunTime:0.000631s ]
SQL: SHOW COLUMNS FROM `xfz_user` [ RunTime:0.0005s ]
SQL: SELECT * FROM `xfz_user` WHERE `user_id` = 3 LIMIT 1   [ RunTime:0.0002s ]

[ 2017-11-06T21:04:55+08:00 ] 192.168.2.237 /xiaofenzu/index.php?m=sapp&c=user&a=changeFlightValue
INFO: [ app_init ] --START--
INFO: Run Behavior\BuildLiteBehavior [ RunTime:0.000009s ]
INFO: [ app_init ] --END-- [ RunTime:0.000200s ]
INFO: [ app_begin ] --START--
INFO: Run Behavior\ReadHtmlCacheBehavior [ RunTime:0.000242s ]
INFO: [ app_begin ] --END-- [ RunTime:0.000271s ]
SQL: SHOW COLUMNS FROM `xfz_user` [ RunTime:0.0004s ]
SQL: UPDATE `xfz_user` SET `flight_value`='44' WHERE `user_id` = 3 [ RunTime:0.0064s ]

[ 2017-11-06T21:04:57+08:00 ] 192.168.2.237 /xiaofenzu/index.php?m=sapp&c=member&a=listMemberOfGroup
INFO: [ app_init ] --START--
INFO: Run Behavior\BuildLiteBehavior [ RunTime:0.000011s ]
INFO: [ app_init ] --END-- [ RunTime:0.000234s ]
INFO: [ app_begin ] --START--
INFO: Run Behavior\ReadHtmlCacheBehavior [ RunTime:0.000541s ]
INFO: [ app_begin ] --END-- [ RunTime:0.000623s ]
SQL: SHOW COLUMNS FROM `xfz_member` [ RunTime:0.0007s ]
SQL: SELECT * FROM `xfz_member` WHERE `group_id` = 27  [ RunTime:0.0004s ]
SQL: SHOW COLUMNS FROM `xfz_user` [ RunTime:0.0005s ]
SQL: SELECT * FROM `xfz_user` WHERE `user_id` = 1 LIMIT 1   [ RunTime:0.0002s ]
SQL: SELECT * FROM `xfz_user` WHERE `user_id` = 1 LIMIT 1   [ RunTime:0.0002s ]
SQL: SELECT * FROM `xfz_user` WHERE `user_id` = 2 LIMIT 1   [ RunTime:0.0002s ]
SQL: SELECT * FROM `xfz_user` WHERE `user_id` = 1 LIMIT 1   [ RunTime:0.0002s ]
SQL: SELECT * FROM `xfz_user` WHERE `user_id` = 3 LIMIT 1   [ RunTime:0.0002s ]
SQL: SELECT * FROM `xfz_user` WHERE `user_id` = 1 LIMIT 1   [ RunTime:0.0002s ]
SQL: SELECT * FROM `xfz_user` WHERE `user_id` = 5 LIMIT 1   [ RunTime:0.0002s ]
SQL: SELECT * FROM `xfz_user` WHERE `user_id` = 1 LIMIT 1   [ RunTime:0.0001s ]
SQL: SELECT * FROM `xfz_user` WHERE `user_id` = 3 LIMIT 1   [ RunTime:0.0001s ]
SQL: SELECT * FROM `xfz_user` WHERE `user_id` = 1 LIMIT 1   [ RunTime:0.0001s ]
SQL: SELECT * FROM `xfz_user` WHERE `user_id` = 1 LIMIT 1   [ RunTime:0.0001s ]
SQL: SELECT * FROM `xfz_user` WHERE `user_id` = 1 LIMIT 1   [ RunTime:0.0002s ]
SQL: SELECT * FROM `xfz_user` WHERE `user_id` = 5 LIMIT 1   [ RunTime:0.0001s ]
SQL: SELECT * FROM `xfz_user` WHERE `user_id` = 1 LIMIT 1   [ RunTime:0.0001s ]
SQL: SELECT * FROM `xfz_user` WHERE `user_id` = 2 LIMIT 1   [ RunTime:0.0001s ]

[ 2017-11-06T21:04:58+08:00 ] 192.168.2.237 /xiaofenzu/index.php?m=sapp&c=group&a=findGroup
INFO: [ app_init ] --START--
INFO: Run Behavior\BuildLiteBehavior [ RunTime:0.000010s ]
INFO: [ app_init ] --END-- [ RunTime:0.000223s ]
INFO: [ app_begin ] --START--
INFO: Run Behavior\ReadHtmlCacheBehavior [ RunTime:0.000277s ]
INFO: [ app_begin ] --END-- [ RunTime:0.000321s ]
SQL: SHOW COLUMNS FROM `xfz_session` [ RunTime:0.0007s ]
SQL: SELECT * FROM `xfz_session` WHERE ( session3key = 'zJ3ktfcgdPli9Iva' ) LIMIT 1   [ RunTime:0.0002s ]
SQL: SHOW COLUMNS FROM `xfz_user` [ RunTime:0.0004s ]
SQL: SELECT * FROM `xfz_user` WHERE ( openid = "ovZ4O0X2Dn2mFAPvSBZ-VmUflykI" ) LIMIT 1   [ RunTime:0.0002s ]
SQL: SHOW COLUMNS FROM `xfz_group` [ RunTime:0.0003s ]
SQL: SELECT * FROM `xfz_group` WHERE ( group_id = 27 ) LIMIT 1   [ RunTime:0.0001s ]
SQL: SHOW COLUMNS FROM `xfz_style` [ RunTime:0.0003s ]
SQL: SELECT * FROM `xfz_style` WHERE ( style_id = 0 ) LIMIT 1   [ RunTime:0.0003s ]
SQL: SHOW COLUMNS FROM `xfz_member` [ RunTime:0.0005s ]
SQL: SELECT * FROM `xfz_member` WHERE `group_id` = 27 LIMIT 6   [ RunTime:0.0003s ]
SQL: SELECT * FROM `xfz_user` WHERE `user_id` = 1 LIMIT 1   [ RunTime:0.0003s ]
SQL: SELECT * FROM `xfz_user` WHERE `user_id` = 2 LIMIT 1   [ RunTime:0.0002s ]
SQL: SELECT * FROM `xfz_user` WHERE `user_id` = 3 LIMIT 1   [ RunTime:0.0002s ]
SQL: SELECT * FROM `xfz_user` WHERE `user_id` = 5 LIMIT 1   [ RunTime:0.0002s ]
SQL: SELECT * FROM `xfz_user` WHERE `user_id` = 3 LIMIT 1   [ RunTime:0.0002s ]
SQL: SELECT * FROM `xfz_user` WHERE `user_id` = 1 LIMIT 1   [ RunTime:0.0002s ]
SQL: SHOW COLUMNS FROM `xfz_team` [ RunTime:0.0004s ]
SQL: SELECT * FROM `xfz_team` WHERE `group_id` = 27  [ RunTime:0.0003s ]
SQL: SELECT * FROM `xfz_user` WHERE `user_id` = 3 LIMIT 1   [ RunTime:0.0002s ]
SQL: SELECT * FROM `xfz_user` WHERE `user_id` = 5 LIMIT 1   [ RunTime:0.0002s ]
SQL: SELECT * FROM `xfz_user` WHERE `user_id` = 1 LIMIT 1   [ RunTime:0.0002s ]
SQL: SELECT * FROM `xfz_user` WHERE `user_id` = 1 LIMIT 1   [ RunTime:0.0002s ]
SQL: SELECT * FROM `xfz_user` WHERE `user_id` = 2 LIMIT 1   [ RunTime:0.0001s ]
SQL: SELECT * FROM `xfz_user` WHERE `user_id` = 3 LIMIT 1   [ RunTime:0.0001s ]
SQL: SELECT * FROM `xfz_user` WHERE `user_id` = 2 LIMIT 1   [ RunTime:0.0001s ]
SQL: SELECT * FROM `xfz_user` WHERE `user_id` = 5 LIMIT 1   [ RunTime:0.0002s ]

[ 2017-11-06T21:05:17+08:00 ] 192.168.2.237 /xiaofenzu/index.php?m=sapp&c=group&a=checkgroup
INFO: [ app_init ] --START--
INFO: Run Behavior\BuildLiteBehavior [ RunTime:0.000008s ]
INFO: [ app_init ] --END-- [ RunTime:0.000201s ]
INFO: [ app_begin ] --START--
INFO: Run Behavior\ReadHtmlCacheBehavior [ RunTime:0.000246s ]
INFO: [ app_begin ] --END-- [ RunTime:0.000275s ]
SQL: SHOW COLUMNS FROM `xfz_group` [ RunTime:0.0004s ]
SQL: SELECT * FROM `xfz_group` WHERE ( group_id = 27 ) LIMIT 1   [ RunTime:0.0002s ]
SQL: SHOW COLUMNS FROM `xfz_member` [ RunTime:0.0004s ]
SQL: SELECT * FROM `xfz_member` WHERE `group_id` = 27  [ RunTime:0.0002s ]
SQL: SHOW COLUMNS FROM `xfz_team` [ RunTime:0.0004s ]
SQL: DELETE FROM `xfz_team` WHERE `group_id` = 27 [ RunTime:0.0019s ]
SQL: INSERT INTO `xfz_team` (`group_id`,`team_name`,`user_id`,`gmt_create`) VALUES ('27','A','1','2017-11-06 21:05:17') [ RunTime:0.0005s ]
SQL: SHOW COLUMNS FROM `xfz_user` [ RunTime:0.0004s ]
SQL: SELECT * FROM `xfz_user` WHERE `user_id` = 1 LIMIT 1   [ RunTime:0.0002s ]
SQL: INSERT INTO `xfz_team` (`group_id`,`team_name`,`user_id`,`gmt_create`) VALUES ('27','A','1','2017-11-06 21:05:17') [ RunTime:0.0005s ]
SQL: SELECT * FROM `xfz_user` WHERE `user_id` = 1 LIMIT 1   [ RunTime:0.0002s ]
SQL: INSERT INTO `xfz_team` (`group_id`,`team_name`,`user_id`,`gmt_create`) VALUES ('27','A','2','2017-11-06 21:05:17') [ RunTime:0.0004s ]
SQL: SELECT * FROM `xfz_user` WHERE `user_id` = 2 LIMIT 1   [ RunTime:0.0003s ]
SQL: INSERT INTO `xfz_team` (`group_id`,`team_name`,`user_id`,`gmt_create`) VALUES ('27','A','2','2017-11-06 21:05:17') [ RunTime:0.0005s ]
SQL: SELECT * FROM `xfz_user` WHERE `user_id` = 2 LIMIT 1   [ RunTime:0.0002s ]
SQL: INSERT INTO `xfz_team` (`group_id`,`team_name`,`user_id`,`gmt_create`) VALUES ('27','A','3','2017-11-06 21:05:17') [ RunTime:0.0004s ]
SQL: SELECT * FROM `xfz_user` WHERE `user_id` = 3 LIMIT 1   [ RunTime:0.0002s ]
SQL: INSERT INTO `xfz_team` (`group_id`,`team_name`,`user_id`,`gmt_create`) VALUES ('27','A','5','2017-11-06 21:05:17') [ RunTime:0.0006s ]
SQL: SELECT * FROM `xfz_user` WHERE `user_id` = 5 LIMIT 1   [ RunTime:0.0002s ]
SQL: INSERT INTO `xfz_team` (`group_id`,`team_name`,`user_id`,`gmt_create`) VALUES ('27','B','3','2017-11-06 21:05:17') [ RunTime:0.0005s ]
SQL: SELECT * FROM `xfz_user` WHERE `user_id` = 3 LIMIT 1   [ RunTime:0.0002s ]
SQL: INSERT INTO `xfz_team` (`group_id`,`team_name`,`user_id`,`gmt_create`) VALUES ('27','B','5','2017-11-06 21:05:17') [ RunTime:0.0005s ]
SQL: SELECT * FROM `xfz_user` WHERE `user_id` = 5 LIMIT 1   [ RunTime:0.0003s ]

[ 2017-11-06T21:05:18+08:00 ] 192.168.2.237 /xiaofenzu/index.php?m=sapp&c=group&a=checkgroup
INFO: [ app_init ] --START--
INFO: Run Behavior\BuildLiteBehavior [ RunTime:0.000010s ]
INFO: [ app_init ] --END-- [ RunTime:0.000244s ]
INFO: [ app_begin ] --START--
INFO: Run Behavior\ReadHtmlCacheBehavior [ RunTime:0.000242s ]
INFO: [ app_begin ] --END-- [ RunTime:0.000272s ]
SQL: SHOW COLUMNS FROM `xfz_group` [ RunTime:0.0004s ]
SQL: SELECT * FROM `xfz_group` WHERE ( group_id = 27 ) LIMIT 1   [ RunTime:0.0002s ]
SQL: SHOW COLUMNS FROM `xfz_member` [ RunTime:0.0003s ]
SQL: SELECT * FROM `xfz_member` WHERE `group_id` = 27  [ RunTime:0.0002s ]
SQL: SHOW COLUMNS FROM `xfz_team` [ RunTime:0.0003s ]
SQL: DELETE FROM `xfz_team` WHERE `group_id` = 27 [ RunTime:0.0019s ]
SQL: INSERT INTO `xfz_team` (`group_id`,`team_name`,`user_id`,`gmt_create`) VALUES ('27','A','1','2017-11-06 21:05:18') [ RunTime:0.0005s ]
SQL: SHOW COLUMNS FROM `xfz_user` [ RunTime:0.0004s ]
SQL: SELECT * FROM `xfz_user` WHERE `user_id` = 1 LIMIT 1   [ RunTime:0.0002s ]
SQL: INSERT INTO `xfz_team` (`group_id`,`team_name`,`user_id`,`gmt_create`) VALUES ('27','A','5','2017-11-06 21:05:18') [ RunTime:0.0004s ]
SQL: SELECT * FROM `xfz_user` WHERE `user_id` = 5 LIMIT 1   [ RunTime:0.0002s ]
SQL: INSERT INTO `xfz_team` (`group_id`,`team_name`,`user_id`,`gmt_create`) VALUES ('27','A','1','2017-11-06 21:05:18') [ RunTime:0.0004s ]
SQL: SELECT * FROM `xfz_user` WHERE `user_id` = 1 LIMIT 1   [ RunTime:0.0002s ]
SQL: INSERT INTO `xfz_team` (`group_id`,`team_name`,`user_id`,`gmt_create`) VALUES ('27','A','3','2017-11-06 21:05:18') [ RunTime:0.0006s ]
SQL: SELECT * FROM `xfz_user` WHERE `user_id` = 3 LIMIT 1   [ RunTime:0.0002s ]
SQL: INSERT INTO `xfz_team` (`group_id`,`team_name`,`user_id`,`gmt_create`) VALUES ('27','A','2','2017-11-06 21:05:18') [ RunTime:0.0005s ]
SQL: SELECT * FROM `xfz_user` WHERE `user_id` = 2 LIMIT 1   [ RunTime:0.0002s ]
SQL: INSERT INTO `xfz_team` (`group_id`,`team_name`,`user_id`,`gmt_create`) VALUES ('27','A','3','2017-11-06 21:05:18') [ RunTime:0.0006s ]
SQL: SELECT * FROM `xfz_user` WHERE `user_id` = 3 LIMIT 1   [ RunTime:0.0002s ]
SQL: INSERT INTO `xfz_team` (`group_id`,`team_name`,`user_id`,`gmt_create`) VALUES ('27','B','5','2017-11-06 21:05:18') [ RunTime:0.0005s ]
SQL: SELECT * FROM `xfz_user` WHERE `user_id` = 5 LIMIT 1   [ RunTime:0.0003s ]
SQL: INSERT INTO `xfz_team` (`group_id`,`team_name`,`user_id`,`gmt_create`) VALUES ('27','B','2','2017-11-06 21:05:18') [ RunTime:0.0004s ]
SQL: SELECT * FROM `xfz_user` WHERE `user_id` = 2 LIMIT 1   [ RunTime:0.0002s ]

[ 2017-11-06T21:05:19+08:00 ] 192.168.2.237 /xiaofenzu/index.php?m=sapp&c=group&a=checkgroup
INFO: [ app_init ] --START--
INFO: Run Behavior\BuildLiteBehavior [ RunTime:0.000007s ]
INFO: [ app_init ] --END-- [ RunTime:0.000181s ]
INFO: [ app_begin ] --START--
INFO: Run Behavior\ReadHtmlCacheBehavior [ RunTime:0.000223s ]
INFO: [ app_begin ] --END-- [ RunTime:0.000251s ]
SQL: SHOW COLUMNS FROM `xfz_group` [ RunTime:0.0004s ]
SQL: SELECT * FROM `xfz_group` WHERE ( group_id = 27 ) LIMIT 1   [ RunTime:0.0002s ]
SQL: SHOW COLUMNS FROM `xfz_member` [ RunTime:0.0003s ]
SQL: SELECT * FROM `xfz_member` WHERE `group_id` = 27  [ RunTime:0.0002s ]
SQL: SHOW COLUMNS FROM `xfz_team` [ RunTime:0.0004s ]
SQL: DELETE FROM `xfz_team` WHERE `group_id` = 27 [ RunTime:0.0055s ]
SQL: INSERT INTO `xfz_team` (`group_id`,`team_name`,`user_id`,`gmt_create`) VALUES ('27','A','5','2017-11-06 21:05:19') [ RunTime:0.0006s ]
SQL: SHOW COLUMNS FROM `xfz_user` [ RunTime:0.0005s ]
SQL: SELECT * FROM `xfz_user` WHERE `user_id` = 5 LIMIT 1   [ RunTime:0.0002s ]
SQL: INSERT INTO `xfz_team` (`group_id`,`team_name`,`user_id`,`gmt_create`) VALUES ('27','A','3','2017-11-06 21:05:19') [ RunTime:0.0005s ]
SQL: SELECT * FROM `xfz_user` WHERE `user_id` = 3 LIMIT 1   [ RunTime:0.0002s ]
SQL: INSERT INTO `xfz_team` (`group_id`,`team_name`,`user_id`,`gmt_create`) VALUES ('27','A','1','2017-11-06 21:05:19') [ RunTime:0.0006s ]
SQL: SELECT * FROM `xfz_user` WHERE `user_id` = 1 LIMIT 1   [ RunTime:0.0003s ]
SQL: INSERT INTO `xfz_team` (`group_id`,`team_name`,`user_id`,`gmt_create`) VALUES ('27','A','5','2017-11-06 21:05:19') [ RunTime:0.0005s ]
SQL: SELECT * FROM `xfz_user` WHERE `user_id` = 5 LIMIT 1   [ RunTime:0.0003s ]
SQL: INSERT INTO `xfz_team` (`group_id`,`team_name`,`user_id`,`gmt_create`) VALUES ('27','A','2','2017-11-06 21:05:19') [ RunTime:0.0005s ]
SQL: SELECT * FROM `xfz_user` WHERE `user_id` = 2 LIMIT 1   [ RunTime:0.0002s ]
SQL: INSERT INTO `xfz_team` (`group_id`,`team_name`,`user_id`,`gmt_create`) VALUES ('27','A','1','2017-11-06 21:05:19') [ RunTime:0.0004s ]
SQL: SELECT * FROM `xfz_user` WHERE `user_id` = 1 LIMIT 1   [ RunTime:0.0002s ]
SQL: INSERT INTO `xfz_team` (`group_id`,`team_name`,`user_id`,`gmt_create`) VALUES ('27','B','3','2017-11-06 21:05:19') [ RunTime:0.0004s ]
SQL: SELECT * FROM `xfz_user` WHERE `user_id` = 3 LIMIT 1   [ RunTime:0.0002s ]
SQL: INSERT INTO `xfz_team` (`group_id`,`team_name`,`user_id`,`gmt_create`) VALUES ('27','B','2','2017-11-06 21:05:19') [ RunTime:0.0003s ]
SQL: SELECT * FROM `xfz_user` WHERE `user_id` = 2 LIMIT 1   [ RunTime:0.0002s ]

[ 2017-11-06T21:08:01+08:00 ] 192.168.2.237 /xiaofenzu/index.php?m=sapp&c=group&a=checkgroup
INFO: [ app_init ] --START--
INFO: Run Behavior\BuildLiteBehavior [ RunTime:0.000033s ]
INFO: [ app_init ] --END-- [ RunTime:0.000259s ]
INFO: [ app_begin ] --START--
INFO: Run Behavior\ReadHtmlCacheBehavior [ RunTime:0.000258s ]
INFO: [ app_begin ] --END-- [ RunTime:0.000289s ]
SQL: SHOW COLUMNS FROM `xfz_group` [ RunTime:0.0004s ]
SQL: SELECT * FROM `xfz_group` WHERE ( group_id = 27 ) LIMIT 1   [ RunTime:0.0002s ]
SQL: SHOW COLUMNS FROM `xfz_member` [ RunTime:0.0004s ]
SQL: SELECT * FROM `xfz_member` WHERE `group_id` = 27  [ RunTime:0.0002s ]
SQL: SHOW COLUMNS FROM `xfz_team` [ RunTime:0.0004s ]
SQL: DELETE FROM `xfz_team` WHERE `group_id` = 27 [ RunTime:0.0057s ]
SQL: INSERT INTO `xfz_team` (`group_id`,`team_name`,`user_id`,`gmt_create`) VALUES ('27','A','3','2017-11-06 21:08:01') [ RunTime:0.0007s ]
SQL: SHOW COLUMNS FROM `xfz_user` [ RunTime:0.0004s ]
SQL: SELECT * FROM `xfz_user` WHERE `user_id` = 3 LIMIT 1   [ RunTime:0.0002s ]
SQL: INSERT INTO `xfz_team` (`group_id`,`team_name`,`user_id`,`gmt_create`) VALUES ('27','A','2','2017-11-06 21:08:01') [ RunTime:0.0005s ]
SQL: SELECT * FROM `xfz_user` WHERE `user_id` = 2 LIMIT 1   [ RunTime:0.0002s ]
SQL: INSERT INTO `xfz_team` (`group_id`,`team_name`,`user_id`,`gmt_create`) VALUES ('27','A','5','2017-11-06 21:08:01') [ RunTime:0.0004s ]
SQL: SELECT * FROM `xfz_user` WHERE `user_id` = 5 LIMIT 1   [ RunTime:0.0002s ]
SQL: INSERT INTO `xfz_team` (`group_id`,`team_name`,`user_id`,`gmt_create`) VALUES ('27','A','5','2017-11-06 21:08:01') [ RunTime:0.0005s ]
SQL: SELECT * FROM `xfz_user` WHERE `user_id` = 5 LIMIT 1   [ RunTime:0.0003s ]
SQL: INSERT INTO `xfz_team` (`group_id`,`team_name`,`user_id`,`gmt_create`) VALUES ('27','A','1','2017-11-06 21:08:01') [ RunTime:0.0006s ]
SQL: SELECT * FROM `xfz_user` WHERE `user_id` = 1 LIMIT 1   [ RunTime:0.0003s ]
SQL: INSERT INTO `xfz_team` (`group_id`,`team_name`,`user_id`,`gmt_create`) VALUES ('27','A','2','2017-11-06 21:08:01') [ RunTime:0.0005s ]
SQL: SELECT * FROM `xfz_user` WHERE `user_id` = 2 LIMIT 1   [ RunTime:0.0002s ]
SQL: INSERT INTO `xfz_team` (`group_id`,`team_name`,`user_id`,`gmt_create`) VALUES ('27','B','3','2017-11-06 21:08:01') [ RunTime:0.0003s ]
SQL: SELECT * FROM `xfz_user` WHERE `user_id` = 3 LIMIT 1   [ RunTime:0.0002s ]
SQL: INSERT INTO `xfz_team` (`group_id`,`team_name`,`user_id`,`gmt_create`) VALUES ('27','B','1','2017-11-06 21:08:01') [ RunTime:0.0004s ]
SQL: SELECT * FROM `xfz_user` WHERE `user_id` = 1 LIMIT 1   [ RunTime:0.0002s ]

[ 2017-11-06T21:08:02+08:00 ] 192.168.2.237 /xiaofenzu/index.php?m=sapp&c=group&a=checkgroup
INFO: [ app_init ] --START--
INFO: Run Behavior\BuildLiteBehavior [ RunTime:0.000007s ]
INFO: [ app_init ] --END-- [ RunTime:0.000173s ]
INFO: [ app_begin ] --START--
INFO: Run Behavior\ReadHtmlCacheBehavior [ RunTime:0.000211s ]
INFO: [ app_begin ] --END-- [ RunTime:0.000236s ]
SQL: SHOW COLUMNS FROM `xfz_group` [ RunTime:0.0004s ]
SQL: SELECT * FROM `xfz_group` WHERE ( group_id = 27 ) LIMIT 1   [ RunTime:0.0002s ]
SQL: SHOW COLUMNS FROM `xfz_member` [ RunTime:0.0003s ]
SQL: SELECT * FROM `xfz_member` WHERE `group_id` = 27  [ RunTime:0.0001s ]
SQL: SHOW COLUMNS FROM `xfz_team` [ RunTime:0.0003s ]
SQL: DELETE FROM `xfz_team` WHERE `group_id` = 27 [ RunTime:0.0055s ]
SQL: INSERT INTO `xfz_team` (`group_id`,`team_name`,`user_id`,`gmt_create`) VALUES ('27','A','2','2017-11-06 21:08:02') [ RunTime:0.0006s ]
SQL: SHOW COLUMNS FROM `xfz_user` [ RunTime:0.0006s ]
SQL: SELECT * FROM `xfz_user` WHERE `user_id` = 2 LIMIT 1   [ RunTime:0.0002s ]
SQL: INSERT INTO `xfz_team` (`group_id`,`team_name`,`user_id`,`gmt_create`) VALUES ('27','A','3','2017-11-06 21:08:02') [ RunTime:0.0004s ]
SQL: SELECT * FROM `xfz_user` WHERE `user_id` = 3 LIMIT 1   [ RunTime:0.0002s ]
SQL: INSERT INTO `xfz_team` (`group_id`,`team_name`,`user_id`,`gmt_create`) VALUES ('27','A','5','2017-11-06 21:08:02') [ RunTime:0.0006s ]
SQL: SELECT * FROM `xfz_user` WHERE `user_id` = 5 LIMIT 1   [ RunTime:0.0002s ]
SQL: INSERT INTO `xfz_team` (`group_id`,`team_name`,`user_id`,`gmt_create`) VALUES ('27','A','3','2017-11-06 21:08:02') [ RunTime:0.0005s ]
SQL: SELECT * FROM `xfz_user` WHERE `user_id` = 3 LIMIT 1   [ RunTime:0.0002s ]
SQL: INSERT INTO `xfz_team` (`group_id`,`team_name`,`user_id`,`gmt_create`) VALUES ('27','A','5','2017-11-06 21:08:02') [ RunTime:0.0005s ]
SQL: SELECT * FROM `xfz_user` WHERE `user_id` = 5 LIMIT 1   [ RunTime:0.0002s ]
SQL: INSERT INTO `xfz_team` (`group_id`,`team_name`,`user_id`,`gmt_create`) VALUES ('27','A','1','2017-11-06 21:08:02') [ RunTime:0.0006s ]
SQL: SELECT * FROM `xfz_user` WHERE `user_id` = 1 LIMIT 1   [ RunTime:0.0002s ]
SQL: INSERT INTO `xfz_team` (`group_id`,`team_name`,`user_id`,`gmt_create`) VALUES ('27','B','2','2017-11-06 21:08:02') [ RunTime:0.0005s ]
SQL: SELECT * FROM `xfz_user` WHERE `user_id` = 2 LIMIT 1   [ RunTime:0.0002s ]
SQL: INSERT INTO `xfz_team` (`group_id`,`team_name`,`user_id`,`gmt_create`) VALUES ('27','B','1','2017-11-06 21:08:02') [ RunTime:0.0005s ]
SQL: SELECT * FROM `xfz_user` WHERE `user_id` = 1 LIMIT 1   [ RunTime:0.0002s ]

[ 2017-11-06T21:08:03+08:00 ] 192.168.2.237 /xiaofenzu/index.php?m=sapp&c=group&a=checkgroup
INFO: [ app_init ] --START--
INFO: Run Behavior\BuildLiteBehavior [ RunTime:0.000008s ]
INFO: [ app_init ] --END-- [ RunTime:0.000193s ]
INFO: [ app_begin ] --START--
INFO: Run Behavior\ReadHtmlCacheBehavior [ RunTime:0.000236s ]
INFO: [ app_begin ] --END-- [ RunTime:0.000264s ]
SQL: SHOW COLUMNS FROM `xfz_group` [ RunTime:0.0004s ]
SQL: SELECT * FROM `xfz_group` WHERE ( group_id = 27 ) LIMIT 1   [ RunTime:0.0002s ]
SQL: SHOW COLUMNS FROM `xfz_member` [ RunTime:0.0003s ]
SQL: SELECT * FROM `xfz_member` WHERE `group_id` = 27  [ RunTime:0.0002s ]
SQL: SHOW COLUMNS FROM `xfz_team` [ RunTime:0.0003s ]
SQL: DELETE FROM `xfz_team` WHERE `group_id` = 27 [ RunTime:0.0022s ]
SQL: INSERT INTO `xfz_team` (`group_id`,`team_name`,`user_id`,`gmt_create`) VALUES ('27','A','1','2017-11-06 21:08:03') [ RunTime:0.0006s ]
SQL: SHOW COLUMNS FROM `xfz_user` [ RunTime:0.0005s ]
SQL: SELECT * FROM `xfz_user` WHERE `user_id` = 1 LIMIT 1   [ RunTime:0.0002s ]
SQL: INSERT INTO `xfz_team` (`group_id`,`team_name`,`user_id`,`gmt_create`) VALUES ('27','A','1','2017-11-06 21:08:03') [ RunTime:0.0005s ]
SQL: SELECT * FROM `xfz_user` WHERE `user_id` = 1 LIMIT 1   [ RunTime:0.0002s ]
SQL: INSERT INTO `xfz_team` (`group_id`,`team_name`,`user_id`,`gmt_create`) VALUES ('27','A','2','2017-11-06 21:08:03') [ RunTime:0.0006s ]
SQL: SELECT * FROM `xfz_user` WHERE `user_id` = 2 LIMIT 1   [ RunTime:0.0003s ]
SQL: INSERT INTO `xfz_team` (`group_id`,`team_name`,`user_id`,`gmt_create`) VALUES ('27','A','3','2017-11-06 21:08:03') [ RunTime:0.0006s ]
SQL: SELECT * FROM `xfz_user` WHERE `user_id` = 3 LIMIT 1   [ RunTime:0.0003s ]
SQL: INSERT INTO `xfz_team` (`group_id`,`team_name`,`user_id`,`gmt_create`) VALUES ('27','A','5','2017-11-06 21:08:03') [ RunTime:0.0005s ]
SQL: SELECT * FROM `xfz_user` WHERE `user_id` = 5 LIMIT 1   [ RunTime:0.0002s ]
SQL: INSERT INTO `xfz_team` (`group_id`,`team_name`,`user_id`,`gmt_create`) VALUES ('27','A','5','2017-11-06 21:08:03') [ RunTime:0.0004s ]
SQL: SELECT * FROM `xfz_user` WHERE `user_id` = 5 LIMIT 1   [ RunTime:0.0002s ]
SQL: INSERT INTO `xfz_team` (`group_id`,`team_name`,`user_id`,`gmt_create`) VALUES ('27','B','3','2017-11-06 21:08:03') [ RunTime:0.0003s ]
SQL: SELECT * FROM `xfz_user` WHERE `user_id` = 3 LIMIT 1   [ RunTime:0.0002s ]
SQL: INSERT INTO `xfz_team` (`group_id`,`team_name`,`user_id`,`gmt_create`) VALUES ('27','B','2','2017-11-06 21:08:03') [ RunTime:0.0004s ]
SQL: SELECT * FROM `xfz_user` WHERE `user_id` = 2 LIMIT 1   [ RunTime:0.0002s ]

[ 2017-11-06T21:08:05+08:00 ] 192.168.2.237 /xiaofenzu/index.php?m=sapp&c=group&a=checkgroup
INFO: [ app_init ] --START--
INFO: Run Behavior\BuildLiteBehavior [ RunTime:0.000013s ]
INFO: [ app_init ] --END-- [ RunTime:0.000229s ]
INFO: [ app_begin ] --START--
INFO: Run Behavior\ReadHtmlCacheBehavior [ RunTime:0.000260s ]
INFO: [ app_begin ] --END-- [ RunTime:0.000292s ]
SQL: SHOW COLUMNS FROM `xfz_group` [ RunTime:0.0004s ]
SQL: SELECT * FROM `xfz_group` WHERE ( group_id = 27 ) LIMIT 1   [ RunTime:0.0002s ]
SQL: SHOW COLUMNS FROM `xfz_member` [ RunTime:0.0003s ]
SQL: SELECT * FROM `xfz_member` WHERE `group_id` = 27  [ RunTime:0.0002s ]
SQL: SHOW COLUMNS FROM `xfz_team` [ RunTime:0.0003s ]
SQL: DELETE FROM `xfz_team` WHERE `group_id` = 27 [ RunTime:0.0004s ]
SQL: INSERT INTO `xfz_team` (`group_id`,`team_name`,`user_id`,`gmt_create`) VALUES ('27','A','2','2017-11-06 21:08:05') [ RunTime:0.0003s ]
SQL: SHOW COLUMNS FROM `xfz_user` [ RunTime:0.0004s ]
SQL: SELECT * FROM `xfz_user` WHERE `user_id` = 2 LIMIT 1   [ RunTime:0.0002s ]
SQL: INSERT INTO `xfz_team` (`group_id`,`team_name`,`user_id`,`gmt_create`) VALUES ('27','A','3','2017-11-06 21:08:05') [ RunTime:0.0004s ]
SQL: SELECT * FROM `xfz_user` WHERE `user_id` = 3 LIMIT 1   [ RunTime:0.0001s ]
SQL: INSERT INTO `xfz_team` (`group_id`,`team_name`,`user_id`,`gmt_create`) VALUES ('27','A','1','2017-11-06 21:08:05') [ RunTime:0.0003s ]
SQL: SELECT * FROM `xfz_user` WHERE `user_id` = 1 LIMIT 1   [ RunTime:0.0001s ]
SQL: INSERT INTO `xfz_team` (`group_id`,`team_name`,`user_id`,`gmt_create`) VALUES ('27','A','1','2017-11-06 21:08:05') [ RunTime:0.0003s ]
SQL: SELECT * FROM `xfz_user` WHERE `user_id` = 1 LIMIT 1   [ RunTime:0.0001s ]
SQL: INSERT INTO `xfz_team` (`group_id`,`team_name`,`user_id`,`gmt_create`) VALUES ('27','A','2','2017-11-06 21:08:05') [ RunTime:0.0002s ]
SQL: SELECT * FROM `xfz_user` WHERE `user_id` = 2 LIMIT 1   [ RunTime:0.0001s ]
SQL: INSERT INTO `xfz_team` (`group_id`,`team_name`,`user_id`,`gmt_create`) VALUES ('27','A','3','2017-11-06 21:08:05') [ RunTime:0.0002s ]
SQL: SELECT * FROM `xfz_user` WHERE `user_id` = 3 LIMIT 1   [ RunTime:0.0001s ]
SQL: INSERT INTO `xfz_team` (`group_id`,`team_name`,`user_id`,`gmt_create`) VALUES ('27','B','5','2017-11-06 21:08:05') [ RunTime:0.0002s ]
SQL: SELECT * FROM `xfz_user` WHERE `user_id` = 5 LIMIT 1   [ RunTime:0.0001s ]
SQL: INSERT INTO `xfz_team` (`group_id`,`team_name`,`user_id`,`gmt_create`) VALUES ('27','B','5','2017-11-06 21:08:05') [ RunTime:0.0002s ]
SQL: SELECT * FROM `xfz_user` WHERE `user_id` = 5 LIMIT 1   [ RunTime:0.0001s ]

